Scenario Log: A5_edge_anomaly
Architecture: edge_filtered   Protocol: mqtt
Traffic: peak   Spots: 500   Duration: 86400s
========================================================================

SUMMARY
  Anomalies detected    : 918
  Anomalies resolved    : 905
  Active at end         : 13
  Affected spots        : 30
  Quarantined at end    : 28
  Quarantine suppressed : 72
  Heartbeats suppressed : 32896
  Adaptive mode switches: 0

EVENT LOG
  t_virtual(s)  event                   detail
------------------------------------------------------------------------
         150.0  ANOMALY_FLAG            spot=324 rule=seq_integrity
         210.0  ANOMALY_FLAG            spot=289 rule=seq_integrity
         300.0  ANOMALY_FLAG            spot=322 rule=seq_integrity
         390.0  QUARANTINE_ADD          spot=104 incidents=5 rules=['seq_integrity']
         390.0  ANOMALY_FLAG            spot=104 rule=seq_integrity
         420.0  ANOMALY_FLAG            spot=42 rule=seq_integrity
         630.0  ANOMALY_FLAG            spot=490 rule=seq_integrity
         660.0  ANOMALY_FLAG            spot=258 rule=seq_integrity
         720.0  QUARANTINE_ADD          spot=289 incidents=6 rules=['seq_integrity']
         720.0  ANOMALY_FLAG            spot=289 rule=seq_integrity
         780.0  QUARANTINE_ADD          spot=224 incidents=7 rules=['seq_integrity']
         780.0  ANOMALY_FLAG            spot=224 rule=seq_integrity
         810.0  ANOMALY_FLAG            spot=164 rule=seq_integrity
         840.0  QUARANTINE_ADD          spot=285 incidents=8 rules=['seq_integrity']
         840.0  ANOMALY_FLAG            spot=285 rule=seq_integrity
         990.0  ANOMALY_FLAG            spot=470 rule=seq_integrity
        1050.0  ANOMALY_FLAG            spot=324 rule=seq_integrity
        1170.0  ANOMALY_FLAG            spot=164 rule=seq_integrity
        1380.0  ANOMALY_FLAG            spot=42 rule=seq_integrity
        1410.0  ANOMALY_FLAG            spot=435 rule=seq_integrity
        1530.0  ANOMALY_FLAG            spot=376 rule=seq_integrity
        1560.0  ANOMALY_FLAG            spot=354 rule=seq_integrity
        1710.0  ANOMALY_FLAG            spot=164 rule=seq_integrity
        1710.0  ANOMALY_FLAG            spot=285 rule=seq_integrity
        1800.0  ANOMALY_FLAG            spot=435 rule=seq_integrity
        1830.0  ANOMALY_FLAG            spot=308 rule=seq_integrity
        1950.0  QUARANTINE_ADD          spot=490 incidents=10 rules=['seq_integrity']
        1950.0  ANOMALY_FLAG            spot=490 rule=seq_integrity
        2070.0  ANOMALY_FLAG            spot=285 rule=rate_outlier
        2070.0  ANOMALY_FLAG            spot=285 rule=seq_integrity
        2100.0  QUARANTINE_ADD          spot=324 incidents=5 rules=['seq_integrity']
        2100.0  ANOMALY_FLAG            spot=324 rule=seq_integrity
        2100.0  ANOMALY_FLAG            spot=376 rule=seq_integrity
        2160.0  ANOMALY_FLAG            spot=428 rule=seq_integrity
        2250.0  ANOMALY_FLAG            spot=354 rule=seq_integrity
        2280.0  ANOMALY_FLAG            spot=65 rule=seq_integrity
        2310.0  QUARANTINE_ADD          spot=435 incidents=5 rules=['seq_integrity']
        2310.0  ANOMALY_FLAG            spot=435 rule=seq_integrity
        2430.0  ANOMALY_FLAG            spot=376 rule=seq_integrity
        2850.0  ANOMALY_FLAG            spot=324 rule=seq_integrity
        3060.0  ANOMALY_FLAG            spot=428 rule=seq_integrity
        3180.0  ANOMALY_FLAG            spot=285 rule=seq_integrity
        3240.0  ANOMALY_FLAG            spot=376 rule=seq_integrity
        3750.0  ANOMALY_FLAG            spot=65 rule=seq_integrity
        3780.0  ANOMALY_FLAG            spot=435 rule=seq_integrity
        3780.0  ANOMALY_FLAG            spot=308 rule=seq_integrity
        3870.0  ANOMALY_FLAG            spot=324 rule=seq_integrity
        3900.0  ANOMALY_FLAG            spot=322 rule=seq_integrity
        3930.0  QUARANTINE_ADD          spot=376 incidents=5 rules=['seq_integrity']
        3930.0  ANOMALY_FLAG            spot=376 rule=seq_integrity
        3930.0  ANOMALY_FLAG            spot=176 rule=seq_integrity
        3960.0  ANOMALY_FLAG            spot=428 rule=seq_integrity
        4020.0  ANOMALY_FLAG            spot=104 rule=seq_integrity
        4020.0  ANOMALY_FLAG            spot=308 rule=seq_integrity
        4020.0  ANOMALY_FLAG            spot=224 rule=seq_integrity
        4050.0  ANOMALY_FLAG            spot=354 rule=seq_integrity
        4110.0  ANOMALY_FLAG            spot=435 rule=seq_integrity
        4140.0  ANOMALY_FLAG            spot=490 rule=seq_integrity
        4170.0  ANOMALY_FLAG            spot=258 rule=seq_integrity
        4170.0  ANOMALY_FLAG            spot=376 rule=seq_integrity
        4200.0  ANOMALY_FLAG            spot=285 rule=seq_integrity
        4230.0  ANOMALY_FLAG            spot=490 rule=seq_integrity
        4230.0  ANOMALY_FLAG            spot=376 rule=seq_integrity
        4260.0  ANOMALY_FLAG            spot=258 rule=seq_integrity
        4260.0  ANOMALY_FLAG            spot=324 rule=seq_integrity
        4320.0  ANOMALY_FLAG            spot=289 rule=seq_integrity
        4350.0  QUARANTINE_ADD          spot=164 incidents=7 rules=['seq_integrity']
        4350.0  ANOMALY_FLAG            spot=258 rule=seq_integrity
        4350.0  ANOMALY_FLAG            spot=164 rule=seq_integrity
        4380.0  ANOMALY_FLAG            spot=224 rule=seq_integrity
        4410.0  ANOMALY_FLAG            spot=164 rule=seq_integrity
        4470.0  ANOMALY_FLAG            spot=490 rule=seq_integrity
        4560.0  ANOMALY_FLAG            spot=435 rule=seq_integrity
        4620.0  ANOMALY_FLAG            spot=285 rule=seq_integrity
        4650.0  ANOMALY_FLAG            spot=324 rule=seq_integrity
        4740.0  QUARANTINE_ADD          spot=322 incidents=9 rules=['seq_integrity']
        4740.0  ANOMALY_FLAG            spot=322 rule=seq_integrity
        4860.0  QUARANTINE_ADD          spot=428 incidents=5 rules=['seq_integrity']
        4860.0  ANOMALY_FLAG            spot=428 rule=seq_integrity
        4920.0  ANOMALY_FLAG            spot=42 rule=seq_integrity
        5010.0  ANOMALY_FLAG            spot=435 rule=seq_integrity
        5010.0  ANOMALY_FLAG            spot=104 rule=seq_integrity
        5100.0  ANOMALY_FLAG            spot=376 rule=seq_integrity
        5100.0  ANOMALY_FLAG            spot=285 rule=seq_integrity
        5100.0  ANOMALY_FLAG            spot=224 rule=seq_integrity
        5160.0  ANOMALY_FLAG            spot=104 rule=rate_outlier
        5160.0  ANOMALY_FLAG            spot=354 rule=seq_integrity
        5160.0  ANOMALY_FLAG            spot=285 rule=seq_integrity
        5280.0  ANOMALY_FLAG            spot=376 rule=seq_integrity
        5280.0  ANOMALY_FLAG            spot=65 rule=seq_integrity
        5310.0  ANOMALY_FLAG            spot=164 rule=seq_integrity
        5310.0  ANOMALY_FLAG            spot=224 rule=seq_integrity
        5340.0  ANOMALY_FLAG            spot=285 rule=seq_integrity
        5370.0  ANOMALY_FLAG            spot=324 rule=seq_integrity
        5430.0  ANOMALY_FLAG            spot=308 rule=seq_integrity
        5490.0  ANOMALY_FLAG            spot=176 rule=seq_integrity
        5610.0  ANOMALY_FLAG            spot=42 rule=seq_integrity
        5640.0  ANOMALY_FLAG            spot=104 rule=seq_integrity
        5760.0  QUARANTINE_ADD          spot=258 incidents=5 rules=['seq_integrity']
        5760.0  ANOMALY_FLAG            spot=258 rule=seq_integrity
        5790.0  ANOMALY_FLAG            spot=435 rule=seq_integrity
        5790.0  ANOMALY_FLAG            spot=285 rule=seq_integrity
        5880.0  ANOMALY_FLAG            spot=104 rule=seq_integrity
        6030.0  ANOMALY_FLAG            spot=376 rule=seq_integrity
        6090.0  ANOMALY_FLAG            spot=376 rule=seq_integrity
        6210.0  ANOMALY_FLAG            spot=435 rule=seq_integrity
        6270.0  ANOMALY_FLAG            spot=164 rule=seq_integrity
        6300.0  ANOMALY_FLAG            spot=394 rule=seq_integrity
        6390.0  QUARANTINE_ADD          spot=176 incidents=5 rules=['seq_integrity']
        6390.0  ANOMALY_FLAG            spot=470 rule=seq_integrity
        6390.0  ANOMALY_FLAG            spot=176 rule=seq_integrity
        6570.0  ANOMALY_FLAG            spot=322 rule=seq_integrity
        6600.0  ANOMALY_FLAG            spot=322 rule=rate_outlier
        6630.0  QUARANTINE_ADD          spot=308 incidents=6 rules=['seq_integrity']
        6630.0  ANOMALY_FLAG            spot=308 rule=seq_integrity
        6690.0  ANOMALY_FLAG            spot=490 rule=seq_integrity
        6750.0  ANOMALY_FLAG            spot=435 rule=seq_integrity
        6780.0  QUARANTINE_ADD          spot=65 incidents=5 rules=['seq_integrity']
        6780.0  ANOMALY_FLAG            spot=65 rule=seq_integrity
        6930.0  ANOMALY_FLAG            spot=258 rule=seq_integrity
        7230.0  ANOMALY_FLAG            spot=389 rule=silent
        7230.0  ANOMALY_FLAG            spot=132 rule=silent
        7230.0  ANOMALY_FLAG            spot=317 rule=silent
        7230.0  ANOMALY_FLAG            spot=375 rule=silent
        7230.0  ANOMALY_FLAG            spot=254 rule=silent
        7230.0  ANOMALY_FLAG            spot=119 rule=silent
        7230.0  ANOMALY_FLAG            spot=198 rule=seq_integrity
        7380.0  ANOMALY_FLAG            spot=322 rule=seq_integrity
        7500.0  ANOMALY_FLAG            spot=322 rule=rate_outlier
        7500.0  ANOMALY_FLAG            spot=322 rule=seq_integrity
        7530.0  ANOMALY_FLAG            spot=65 rule=seq_integrity
        7620.0  ANOMALY_FLAG            spot=104 rule=seq_integrity
        7740.0  ANOMALY_FLAG            spot=224 rule=seq_integrity
        7800.0  ANOMALY_FLAG            spot=470 rule=seq_integrity
        7800.0  ANOMALY_FLAG            spot=33 rule=seq_integrity
        7830.0  ANOMALY_FLAG            spot=490 rule=seq_integrity
        7830.0  ANOMALY_FLAG            spot=376 rule=seq_integrity
        7860.0  ANOMALY_FLAG            spot=258 rule=seq_integrity
        7890.0  ANOMALY_FLAG            spot=159 rule=seq_integrity
        7920.0  ANOMALY_FLAG            spot=289 rule=seq_integrity
        7950.0  QUARANTINE_ADD          spot=119 incidents=5 rules=['silent']
        7950.0  QUARANTINE_ADD          spot=132 incidents=5 rules=['silent']
        7950.0  QUARANTINE_ADD          spot=254 incidents=5 rules=['silent']
        7950.0  QUARANTINE_ADD          spot=317 incidents=5 rules=['silent']
        7950.0  QUARANTINE_ADD          spot=375 incidents=5 rules=['silent']
        7950.0  QUARANTINE_ADD          spot=389 incidents=5 rules=['silent']
        7980.0  ANOMALY_FLAG            spot=224 rule=seq_integrity
        8010.0  ANOMALY_FLAG            spot=494 rule=seq_integrity
        8040.0  ANOMALY_FLAG            spot=435 rule=seq_integrity
        8520.0  ANOMALY_FLAG            spot=24 rule=seq_integrity
        8610.0  ANOMALY_FLAG            spot=322 rule=seq_integrity
        8730.0  ANOMALY_FLAG            spot=376 rule=seq_integrity
        8760.0  ANOMALY_FLAG            spot=435 rule=seq_integrity
        8910.0  ANOMALY_FLAG            spot=164 rule=seq_integrity
        8940.0  ANOMALY_FLAG            spot=285 rule=seq_integrity
        9030.0  ANOMALY_FLAG            spot=308 rule=seq_integrity
        9090.0  ANOMALY_FLAG            spot=176 rule=seq_integrity
        9120.0  ANOMALY_FLAG            spot=206 rule=seq_integrity
        9150.0  ANOMALY_FLAG            spot=324 rule=seq_integrity
        9180.0  ANOMALY_FLAG            spot=435 rule=seq_integrity
        9180.0  ANOMALY_FLAG            spot=161 rule=seq_integrity
        9210.0  ANOMALY_FLAG            spot=176 rule=seq_integrity
        9360.0  ANOMALY_FLAG            spot=428 rule=seq_integrity
        9390.0  ANOMALY_FLAG            spot=164 rule=seq_integrity
        9420.0  ANOMALY_FLAG            spot=42 rule=seq_integrity
        9660.0  ANOMALY_FLAG            spot=354 rule=seq_integrity
        9660.0  ANOMALY_FLAG            spot=322 rule=rate_outlier
        9660.0  ANOMALY_FLAG            spot=322 rule=seq_integrity
        9690.0  ANOMALY_FLAG            spot=435 rule=seq_integrity
        9720.0  ANOMALY_FLAG            spot=258 rule=seq_integrity
        9900.0  QUARANTINE_ADD          spot=42 incidents=5 rules=['seq_integrity']
        9900.0  ANOMALY_FLAG            spot=42 rule=seq_integrity
       10200.0  ANOMALY_FLAG            spot=435 rule=seq_integrity
       10230.0  ANOMALY_FLAG            spot=330 rule=seq_integrity
       10260.0  ANOMALY_FLAG            spot=428 rule=seq_integrity
       10380.0  ANOMALY_FLAG            spot=65 rule=seq_integrity
       10440.0  ANOMALY_FLAG            spot=320 rule=seq_integrity
       10650.0  ANOMALY_FLAG            spot=164 rule=seq_integrity
       10650.0  ANOMALY_FLAG            spot=65 rule=seq_integrity
       10830.0  ANOMALY_FLAG            spot=322 rule=seq_integrity
       11100.0  ANOMALY_FLAG            spot=322 rule=seq_integrity
       11130.0  ANOMALY_FLAG            spot=64 rule=seq_integrity
       11130.0  ANOMALY_FLAG            spot=42 rule=seq_integrity
       11160.0  ANOMALY_FLAG            spot=322 rule=rate_outlier
       11220.0  ANOMALY_FLAG            spot=104 rule=seq_integrity
       11430.0  ANOMALY_FLAG            spot=490 rule=seq_integrity
       11430.0  ANOMALY_FLAG            spot=376 rule=seq_integrity
       11460.0  ANOMALY_FLAG            spot=258 rule=seq_integrity
       11520.0  ANOMALY_FLAG            spot=289 rule=seq_integrity
       11610.0  ANOMALY_FLAG            spot=322 rule=seq_integrity
       11640.0  ANOMALY_FLAG            spot=289 rule=rate_outlier
       11640.0  ANOMALY_FLAG            spot=289 rule=seq_integrity
       11730.0  ANOMALY_FLAG            spot=390 rule=seq_integrity
       11760.0  ANOMALY_FLAG            spot=435 rule=seq_integrity
       11790.0  ANOMALY_FLAG            spot=26 rule=seq_integrity
       11910.0  ANOMALY_FLAG            spot=104 rule=seq_integrity
       12120.0  ANOMALY_FLAG            spot=104 rule=rate_outlier
       12150.0  ANOMALY_FLAG            spot=289 rule=seq_integrity
       12210.0  ANOMALY_FLAG            spot=435 rule=seq_integrity
       12510.0  ANOMALY_FLAG            spot=164 rule=seq_integrity
       12510.0  ANOMALY_FLAG            spot=31 rule=seq_integrity
       12540.0  ANOMALY_FLAG            spot=285 rule=seq_integrity
       12630.0  ANOMALY_FLAG            spot=289 rule=seq_integrity
       12750.0  ANOMALY_FLAG            spot=324 rule=seq_integrity
       12960.0  ANOMALY_FLAG            spot=470 rule=seq_integrity
       12960.0  ANOMALY_FLAG            spot=428 rule=seq_integrity
       13020.0  ANOMALY_FLAG            spot=42 rule=seq_integrity
       13050.0  ANOMALY_FLAG            spot=435 rule=seq_integrity
       13110.0  ANOMALY_FLAG            spot=435 rule=seq_integrity
       13260.0  ANOMALY_FLAG            spot=354 rule=seq_integrity
       13290.0  ANOMALY_FLAG            spot=289 rule=seq_integrity
       13410.0  ANOMALY_FLAG            spot=354 rule=seq_integrity
       13530.0  ANOMALY_FLAG            spot=435 rule=seq_integrity
       13530.0  ANOMALY_FLAG            spot=308 rule=seq_integrity
       13650.0  ANOMALY_FLAG            spot=324 rule=seq_integrity
       13710.0  ANOMALY_FLAG            spot=322 rule=seq_integrity
       13800.0  ANOMALY_FLAG            spot=322 rule=rate_outlier
       13980.0  ANOMALY_FLAG            spot=65 rule=seq_integrity
       14100.0  ANOMALY_FLAG            spot=462 rule=seq_integrity
       14190.0  ANOMALY_FLAG            spot=432 rule=seq_integrity
       14340.0  ANOMALY_FLAG            spot=376 rule=seq_integrity
       14490.0  QUARANTINE_ADD          spot=354 incidents=6 rules=['seq_integrity']
       14490.0  ANOMALY_FLAG            spot=354 rule=seq_integrity
       14580.0  ANOMALY_FLAG            spot=286 rule=seq_integrity
       14580.0  ANOMALY_FLAG            spot=104 rule=seq_integrity
       14580.0  ANOMALY_FLAG            spot=104 rule=rate_outlier
       14700.0  ANOMALY_FLAG            spot=322 rule=seq_integrity
       14820.0  ANOMALY_FLAG            spot=104 rule=seq_integrity
       14880.0  ANOMALY_FLAG            spot=104 rule=seq_integrity
       15030.0  ANOMALY_FLAG            spot=490 rule=seq_integrity
       15030.0  ANOMALY_FLAG            spot=376 rule=seq_integrity
       15120.0  ANOMALY_FLAG            spot=289 rule=seq_integrity
       15180.0  ANOMALY_FLAG            spot=224 rule=seq_integrity
       15450.0  ANOMALY_FLAG            spot=104 rule=seq_integrity
       15750.0  ANOMALY_FLAG            spot=21 rule=seq_integrity
       15840.0  ANOMALY_FLAG            spot=322 rule=seq_integrity
       15900.0  ANOMALY_FLAG            spot=324 rule=seq_integrity
       15930.0  ANOMALY_FLAG            spot=376 rule=seq_integrity
       15960.0  ANOMALY_FLAG            spot=258 rule=seq_integrity
       16020.0  ANOMALY_FLAG            spot=289 rule=seq_integrity
       16050.0  ANOMALY_FLAG            spot=289 rule=rate_outlier
       16080.0  ANOMALY_FLAG            spot=308 rule=seq_integrity
       16080.0  ANOMALY_FLAG            spot=376 rule=seq_integrity
       16110.0  ANOMALY_FLAG            spot=164 rule=seq_integrity
       16110.0  ANOMALY_FLAG            spot=104 rule=seq_integrity
       16140.0  ANOMALY_FLAG            spot=285 rule=seq_integrity
       16290.0  ANOMALY_FLAG            spot=470 rule=seq_integrity
       16350.0  ANOMALY_FLAG            spot=324 rule=seq_integrity
       16530.0  QUARANTINE_RELEASE      spot=176 reason=score recovered (5 clean ticks)
       16620.0  ANOMALY_FLAG            spot=322 rule=rate_outlier
       16620.0  ANOMALY_FLAG            spot=322 rule=seq_integrity
       16650.0  ANOMALY_FLAG            spot=42 rule=seq_integrity
       16680.0  ANOMALY_FLAG            spot=354 rule=seq_integrity
       16710.0  ANOMALY_FLAG            spot=435 rule=seq_integrity
       16830.0  ANOMALY_FLAG            spot=376 rule=seq_integrity
       16860.0  ANOMALY_FLAG            spot=324 rule=seq_integrity
       17010.0  ANOMALY_FLAG            spot=164 rule=seq_integrity
       17070.0  ANOMALY_FLAG            spot=37 rule=seq_integrity
       17130.0  ANOMALY_FLAG            spot=308 rule=seq_integrity
       17190.0  ANOMALY_FLAG            spot=176 rule=seq_integrity
       17250.0  ANOMALY_FLAG            spot=324 rule=seq_integrity
       17430.0  ANOMALY_FLAG            spot=490 rule=seq_integrity
       17520.0  ANOMALY_FLAG            spot=42 rule=seq_integrity
       17730.0  ANOMALY_FLAG            spot=490 rule=rate_outlier
       17730.0  ANOMALY_FLAG            spot=231 rule=seq_integrity
       17760.0  ANOMALY_FLAG            spot=354 rule=seq_integrity
       18060.0  ANOMALY_FLAG            spot=490 rule=seq_integrity
       18090.0  ANOMALY_FLAG            spot=490 rule=rate_outlier
       18090.0  ANOMALY_FLAG            spot=176 rule=seq_integrity
       18150.0  ANOMALY_FLAG            spot=164 rule=seq_integrity
       18150.0  ANOMALY_FLAG            spot=324 rule=seq_integrity
       18270.0  ANOMALY_FLAG            spot=308 rule=seq_integrity
       18300.0  QUARANTINE_ADD          spot=176 incidents=5 rules=['seq_integrity']
       18300.0  ANOMALY_FLAG            spot=176 rule=seq_integrity
       18330.0  ANOMALY_FLAG            spot=104 rule=seq_integrity
       18330.0  ANOMALY_FLAG            spot=428 rule=seq_integrity
       18390.0  ANOMALY_FLAG            spot=247 rule=seq_integrity
       18420.0  ANOMALY_FLAG            spot=104 rule=seq_integrity
       18480.0  ANOMALY_FLAG            spot=354 rule=seq_integrity
       18540.0  ANOMALY_FLAG            spot=176 rule=seq_integrity
       18570.0  ANOMALY_FLAG            spot=308 rule=seq_integrity
       18630.0  ANOMALY_FLAG            spot=490 rule=seq_integrity
       18720.0  ANOMALY_FLAG            spot=289 rule=seq_integrity
       18780.0  ANOMALY_FLAG            spot=224 rule=seq_integrity
       18810.0  ANOMALY_FLAG            spot=147 rule=seq_integrity
       19020.0  ANOMALY_FLAG            spot=236 rule=seq_integrity
       19050.0  ANOMALY_FLAG            spot=490 rule=seq_integrity
       19200.0  ANOMALY_FLAG            spot=322 rule=seq_integrity
       19530.0  ANOMALY_FLAG            spot=376 rule=seq_integrity
       19560.0  ANOMALY_FLAG            spot=258 rule=seq_integrity
       19560.0  ANOMALY_FLAG            spot=104 rule=seq_integrity
       19590.0  ANOMALY_FLAG            spot=70 rule=seq_integrity
       19710.0  ANOMALY_FLAG            spot=123 rule=seq_integrity
       19740.0  ANOMALY_FLAG            spot=376 rule=seq_integrity
       19740.0  ANOMALY_FLAG            spot=285 rule=seq_integrity
       19770.0  ANOMALY_FLAG            spot=47 rule=seq_integrity
       19800.0  ANOMALY_FLAG            spot=354 rule=seq_integrity
       19860.0  ANOMALY_FLAG            spot=470 rule=seq_integrity
       19920.0  ANOMALY_FLAG            spot=176 rule=seq_integrity
       19950.0  ANOMALY_FLAG            spot=322 rule=seq_integrity
       19980.0  ANOMALY_FLAG            spot=322 rule=rate_outlier
       20040.0  ANOMALY_FLAG            spot=104 rule=rate_outlier
       20040.0  ANOMALY_FLAG            spot=104 rule=seq_integrity
       20100.0  ANOMALY_FLAG            spot=130 rule=seq_integrity
       20280.0  ANOMALY_FLAG            spot=104 rule=rate_outlier
       20280.0  ANOMALY_FLAG            spot=65 rule=seq_integrity
       20280.0  ANOMALY_FLAG            spot=104 rule=seq_integrity
       20280.0  ANOMALY_FLAG            spot=320 rule=seq_integrity
       20310.0  ANOMALY_FLAG            spot=435 rule=seq_integrity
       20580.0  ANOMALY_FLAG            spot=490 rule=seq_integrity
       20580.0  ANOMALY_FLAG            spot=322 rule=seq_integrity
       20610.0  ANOMALY_FLAG            spot=164 rule=seq_integrity
       20610.0  ANOMALY_FLAG            spot=322 rule=rate_outlier
       20790.0  ANOMALY_FLAG            spot=176 rule=seq_integrity
       20850.0  ANOMALY_FLAG            spot=324 rule=seq_integrity
       21060.0  ANOMALY_FLAG            spot=428 rule=seq_integrity
       21210.0  ANOMALY_FLAG            spot=435 rule=seq_integrity
       21210.0  ANOMALY_FLAG            spot=490 rule=seq_integrity
       21270.0  ANOMALY_FLAG            spot=243 rule=seq_integrity
       21270.0  ANOMALY_FLAG            spot=113 rule=seq_integrity
       21330.0  ANOMALY_FLAG            spot=490 rule=rate_outlier
       21360.0  ANOMALY_FLAG            spot=354 rule=seq_integrity
       21360.0  ANOMALY_FLAG            spot=322 rule=seq_integrity
       21450.0  ANOMALY_FLAG            spot=176 rule=seq_integrity
       21510.0  ANOMALY_FLAG            spot=164 rule=seq_integrity
       21600.0  ANOMALY_FLAG            spot=376 rule=seq_integrity
       21600.0  ANOMALY_FLAG            spot=322 rule=seq_integrity
       21900.0  ANOMALY_FLAG            spot=322 rule=rate_outlier
       21930.0  ANOMALY_FLAG            spot=376 rule=seq_integrity
       22020.0  ANOMALY_FLAG            spot=104 rule=seq_integrity
       22020.0  ANOMALY_FLAG            spot=42 rule=seq_integrity
       22320.0  ANOMALY_FLAG            spot=322 rule=seq_integrity
       22380.0  ANOMALY_FLAG            spot=224 rule=seq_integrity
       22470.0  ANOMALY_FLAG            spot=62 rule=seq_integrity
       22770.0  ANOMALY_FLAG            spot=104 rule=seq_integrity
       22800.0  ANOMALY_FLAG            spot=322 rule=seq_integrity
       22980.0  ANOMALY_FLAG            spot=376 rule=seq_integrity
       23130.0  ANOMALY_FLAG            spot=490 rule=seq_integrity
       23130.0  ANOMALY_FLAG            spot=376 rule=seq_integrity
       23130.0  ANOMALY_FLAG            spot=65 rule=seq_integrity
       23160.0  ANOMALY_FLAG            spot=258 rule=seq_integrity
       23340.0  ANOMALY_FLAG            spot=285 rule=seq_integrity
       23370.0  ANOMALY_FLAG            spot=470 rule=seq_integrity
       23400.0  QUARANTINE_ADD          spot=470 incidents=5 rules=['seq_integrity']
       23430.0  ANOMALY_FLAG            spot=164 rule=seq_integrity
       23430.0  ANOMALY_FLAG            spot=308 rule=seq_integrity
       23490.0  ANOMALY_FLAG            spot=470 rule=seq_integrity
       23520.0  ANOMALY_FLAG            spot=278 rule=seq_integrity
       23730.0  ANOMALY_FLAG            spot=376 rule=seq_integrity
       23760.0  ANOMALY_FLAG            spot=428 rule=seq_integrity
       23760.0  ANOMALY_FLAG            spot=176 rule=seq_integrity
       23850.0  ANOMALY_FLAG            spot=322 rule=seq_integrity
       23970.0  ANOMALY_FLAG            spot=176 rule=seq_integrity
       24210.0  ANOMALY_FLAG            spot=164 rule=seq_integrity
       24360.0  ANOMALY_FLAG            spot=258 rule=seq_integrity
       24390.0  ANOMALY_FLAG            spot=176 rule=seq_integrity
       24450.0  ANOMALY_FLAG            spot=324 rule=seq_integrity
       24600.0  ANOMALY_FLAG            spot=19 rule=seq_integrity
       24660.0  ANOMALY_FLAG            spot=428 rule=seq_integrity
       24780.0  ANOMALY_FLAG            spot=65 rule=seq_integrity
       24810.0  ANOMALY_FLAG            spot=322 rule=seq_integrity
       24840.0  ANOMALY_FLAG            spot=10 rule=seq_integrity
       24960.0  ANOMALY_FLAG            spot=354 rule=seq_integrity
       24990.0  ANOMALY_FLAG            spot=65 rule=seq_integrity
       25110.0  ANOMALY_FLAG            spot=164 rule=seq_integrity
       25290.0  ANOMALY_FLAG            spot=176 rule=seq_integrity
       25380.0  ANOMALY_FLAG            spot=258 rule=seq_integrity
       25650.0  ANOMALY_FLAG            spot=322 rule=seq_integrity
       25860.0  ANOMALY_FLAG            spot=65 rule=seq_integrity
       25920.0  ANOMALY_FLAG            spot=289 rule=seq_integrity
       25980.0  ANOMALY_FLAG            spot=224 rule=seq_integrity
       26340.0  ANOMALY_FLAG            spot=435 rule=seq_integrity
       26370.0  ANOMALY_FLAG            spot=65 rule=seq_integrity
       26400.0  ANOMALY_FLAG            spot=322 rule=seq_integrity
       26550.0  ANOMALY_FLAG            spot=258 rule=seq_integrity
       26610.0  ANOMALY_FLAG            spot=435 rule=seq_integrity
       26700.0  ANOMALY_FLAG            spot=322 rule=seq_integrity
       26730.0  ANOMALY_FLAG            spot=322 rule=rate_outlier
       26730.0  ANOMALY_FLAG            spot=490 rule=seq_integrity
       26730.0  ANOMALY_FLAG            spot=376 rule=seq_integrity
       26760.0  ANOMALY_FLAG            spot=258 rule=seq_integrity
       26910.0  ANOMALY_FLAG            spot=65 rule=seq_integrity
       26940.0  ANOMALY_FLAG            spot=104 rule=seq_integrity
       26940.0  ANOMALY_FLAG            spot=285 rule=seq_integrity
       27240.0  ANOMALY_FLAG            spot=258 rule=seq_integrity
       27300.0  ANOMALY_FLAG            spot=258 rule=seq_integrity
       27510.0  ANOMALY_FLAG            spot=435 rule=seq_integrity
       27630.0  ANOMALY_FLAG            spot=376 rule=seq_integrity
       27990.0  ANOMALY_FLAG            spot=289 rule=rate_outlier
       27990.0  ANOMALY_FLAG            spot=289 rule=seq_integrity
       28110.0  ANOMALY_FLAG            spot=354 rule=seq_integrity
       28320.0  ANOMALY_FLAG            spot=42 rule=seq_integrity
       28380.0  ANOMALY_FLAG            spot=289 rule=seq_integrity
       28380.0  ANOMALY_FLAG            spot=65 rule=seq_integrity
       28410.0  ANOMALY_FLAG            spot=435 rule=seq_integrity
       28470.0  ANOMALY_FLAG            spot=289 rule=seq_integrity
       28560.0  ANOMALY_FLAG            spot=354 rule=seq_integrity
       28710.0  ANOMALY_FLAG            spot=164 rule=seq_integrity
       28830.0  ANOMALY_FLAG            spot=308 rule=seq_integrity
       28830.0  ANOMALY_FLAG            spot=65 rule=seq_integrity
       28920.0  ANOMALY_FLAG            spot=322 rule=seq_integrity
       28950.0  ANOMALY_FLAG            spot=324 rule=seq_integrity
       29010.0  ANOMALY_FLAG            spot=470 rule=seq_integrity
       29160.0  ANOMALY_FLAG            spot=428 rule=seq_integrity
       29220.0  ANOMALY_FLAG            spot=104 rule=seq_integrity
       29340.0  ANOMALY_FLAG            spot=164 rule=seq_integrity
       29520.0  ANOMALY_FLAG            spot=289 rule=rate_outlier
       29520.0  ANOMALY_FLAG            spot=289 rule=seq_integrity
       29580.0  ANOMALY_FLAG            spot=224 rule=seq_integrity
       29670.0  ANOMALY_FLAG            spot=164 rule=seq_integrity
       29790.0  ANOMALY_FLAG            spot=470 rule=seq_integrity
       29790.0  ANOMALY_FLAG            spot=176 rule=seq_integrity
       30000.0  ANOMALY_FLAG            spot=322 rule=seq_integrity
       30030.0  ANOMALY_FLAG            spot=100 rule=seq_integrity
       30060.0  ANOMALY_FLAG            spot=138 rule=seq_integrity
       30150.0  ANOMALY_FLAG            spot=53 rule=seq_integrity
       30330.0  ANOMALY_FLAG            spot=490 rule=seq_integrity
       30360.0  ANOMALY_FLAG            spot=258 rule=seq_integrity
       30420.0  ANOMALY_FLAG            spot=258 rule=seq_integrity
       30450.0  ANOMALY_FLAG            spot=304 rule=seq_integrity
       30540.0  ANOMALY_FLAG            spot=285 rule=seq_integrity
       30660.0  ANOMALY_FLAG            spot=289 rule=seq_integrity
       30750.0  ANOMALY_FLAG            spot=331 rule=seq_integrity
       31020.0  ANOMALY_FLAG            spot=354 rule=seq_integrity
       31110.0  ANOMALY_FLAG            spot=435 rule=seq_integrity
       31230.0  ANOMALY_FLAG            spot=376 rule=seq_integrity
       31410.0  ANOMALY_FLAG            spot=164 rule=seq_integrity
       31560.0  ANOMALY_FLAG            spot=309 rule=seq_integrity
       31860.0  ANOMALY_FLAG            spot=322 rule=seq_integrity
       31860.0  ANOMALY_FLAG            spot=428 rule=seq_integrity
       31920.0  ANOMALY_FLAG            spot=42 rule=seq_integrity
       31950.0  ANOMALY_FLAG            spot=117 rule=seq_integrity
       31950.0  ANOMALY_FLAG            spot=145 rule=seq_integrity
       32130.0  ANOMALY_FLAG            spot=376 rule=seq_integrity
       32160.0  ANOMALY_FLAG            spot=354 rule=seq_integrity
       32190.0  ANOMALY_FLAG            spot=124 rule=seq_integrity
       32430.0  ANOMALY_FLAG            spot=353 rule=seq_integrity
       32520.0  ANOMALY_FLAG            spot=164 rule=seq_integrity
       32550.0  ANOMALY_FLAG            spot=157 rule=seq_integrity
       32640.0  ANOMALY_FLAG            spot=212 rule=seq_integrity
       32730.0  ANOMALY_FLAG            spot=385 rule=seq_integrity
       32760.0  ANOMALY_FLAG            spot=428 rule=seq_integrity
       32820.0  ANOMALY_FLAG            spot=104 rule=seq_integrity
       32880.0  ANOMALY_FLAG            spot=65 rule=seq_integrity
       32970.0  ANOMALY_FLAG            spot=13 rule=seq_integrity
       33000.0  ANOMALY_FLAG            spot=65 rule=seq_integrity
       33120.0  ANOMALY_FLAG            spot=289 rule=seq_integrity
       33210.0  ANOMALY_FLAG            spot=164 rule=seq_integrity
       33450.0  ANOMALY_FLAG            spot=470 rule=seq_integrity
       33450.0  ANOMALY_FLAG            spot=324 rule=seq_integrity
       33480.0  ANOMALY_FLAG            spot=381 rule=seq_integrity
       33600.0  ANOMALY_FLAG            spot=289 rule=rate_outlier
       33600.0  ANOMALY_FLAG            spot=289 rule=seq_integrity
       33600.0  ANOMALY_FLAG            spot=322 rule=seq_integrity
       33810.0  ANOMALY_FLAG            spot=308 rule=seq_integrity
       33960.0  ANOMALY_FLAG            spot=258 rule=seq_integrity
       34080.0  ANOMALY_FLAG            spot=224 rule=seq_integrity
       34110.0  ANOMALY_FLAG            spot=164 rule=seq_integrity
       34110.0  ANOMALY_FLAG            spot=409 rule=seq_integrity
       34110.0  ANOMALY_FLAG            spot=65 rule=seq_integrity
       34140.0  ANOMALY_FLAG            spot=285 rule=seq_integrity
       34440.0  ANOMALY_FLAG            spot=322 rule=seq_integrity
       34500.0  ANOMALY_FLAG            spot=322 rule=rate_outlier
       34560.0  ANOMALY_FLAG            spot=164 rule=seq_integrity
       34560.0  ANOMALY_FLAG            spot=322 rule=seq_integrity
       34590.0  ANOMALY_FLAG            spot=289 rule=seq_integrity
       34800.0  ANOMALY_FLAG            spot=289 rule=rate_outlier
       34800.0  ANOMALY_FLAG            spot=289 rule=seq_integrity
       34830.0  ANOMALY_FLAG            spot=308 rule=seq_integrity
       35070.0  ANOMALY_FLAG            spot=470 rule=seq_integrity
       35130.0  ANOMALY_FLAG            spot=308 rule=seq_integrity
       35190.0  ANOMALY_FLAG            spot=470 rule=seq_integrity
       35220.0  ANOMALY_FLAG            spot=255 rule=seq_integrity
       35400.0  ANOMALY_FLAG            spot=224 rule=seq_integrity
       35400.0  ANOMALY_FLAG            spot=65 rule=seq_integrity
       35460.0  ANOMALY_FLAG            spot=428 rule=seq_integrity
       35520.0  ANOMALY_FLAG            spot=42 rule=seq_integrity
       35580.0  ANOMALY_FLAG            spot=322 rule=seq_integrity
       35700.0  ANOMALY_FLAG            spot=308 rule=seq_integrity
       35730.0  ANOMALY_FLAG            spot=376 rule=seq_integrity
       35910.0  ANOMALY_FLAG            spot=289 rule=seq_integrity
       36090.0  ANOMALY_FLAG            spot=353 rule=seq_integrity
       36150.0  ANOMALY_FLAG            spot=324 rule=seq_integrity
       36210.0  QUARANTINE_RELEASE      spot=176 reason=score recovered (5 clean ticks)
       36360.0  ANOMALY_FLAG            spot=322 rule=seq_integrity
       36360.0  ANOMALY_FLAG            spot=428 rule=seq_integrity
       36390.0  QUARANTINE_ADD          spot=176 incidents=6 rules=['seq_integrity']
       36390.0  ANOMALY_FLAG            spot=65 rule=seq_integrity
       36390.0  ANOMALY_FLAG            spot=176 rule=seq_integrity
       36420.0  ANOMALY_FLAG            spot=104 rule=seq_integrity
       36480.0  ANOMALY_FLAG            spot=65 rule=seq_integrity
       36510.0  ANOMALY_FLAG            spot=435 rule=seq_integrity
       36630.0  ANOMALY_FLAG            spot=376 rule=seq_integrity
       36660.0  ANOMALY_FLAG            spot=354 rule=seq_integrity
       36720.0  ANOMALY_FLAG            spot=289 rule=seq_integrity
       36840.0  ANOMALY_FLAG            spot=289 rule=seq_integrity
       36930.0  ANOMALY_FLAG            spot=490 rule=rate_outlier
       36930.0  ANOMALY_FLAG            spot=490 rule=seq_integrity
       36990.0  ANOMALY_FLAG            spot=176 rule=seq_integrity
       37050.0  ANOMALY_FLAG            spot=324 rule=seq_integrity
       37050.0  ANOMALY_FLAG            spot=322 rule=seq_integrity
       37140.0  ANOMALY_FLAG            spot=308 rule=seq_integrity
       37170.0  ANOMALY_FLAG            spot=280 rule=seq_integrity
       37200.0  ANOMALY_FLAG            spot=322 rule=rate_outlier
       37200.0  ANOMALY_FLAG            spot=322 rule=seq_integrity
       37380.0  ANOMALY_FLAG            spot=322 rule=seq_integrity
       37410.0  ANOMALY_FLAG            spot=435 rule=seq_integrity
       37470.0  ANOMALY_FLAG            spot=324 rule=seq_integrity
       37500.0  ANOMALY_FLAG            spot=42 rule=seq_integrity
       37530.0  ANOMALY_FLAG            spot=490 rule=seq_integrity
       37560.0  ANOMALY_FLAG            spot=258 rule=seq_integrity
       37590.0  ANOMALY_FLAG            spot=289 rule=seq_integrity
       37680.0  ANOMALY_FLAG            spot=224 rule=seq_integrity
       37740.0  ANOMALY_FLAG            spot=285 rule=seq_integrity
       37890.0  ANOMALY_FLAG            spot=176 rule=rate_outlier
       37890.0  ANOMALY_FLAG            spot=176 rule=seq_integrity
       37950.0  ANOMALY_FLAG            spot=324 rule=seq_integrity
       38040.0  ANOMALY_FLAG            spot=435 rule=seq_integrity
       38040.0  ANOMALY_FLAG            spot=324 rule=seq_integrity
       38070.0  ANOMALY_FLAG            spot=324 rule=rate_outlier
       38070.0  ANOMALY_FLAG            spot=74 rule=seq_integrity
       38100.0  ANOMALY_FLAG            spot=322 rule=seq_integrity
       38130.0  ANOMALY_FLAG            spot=490 rule=seq_integrity
       38160.0  ANOMALY_FLAG            spot=376 rule=seq_integrity
       38340.0  ANOMALY_FLAG            spot=63 rule=seq_integrity
       38430.0  ANOMALY_FLAG            spot=490 rule=rate_outlier
       38460.0  ANOMALY_FLAG            spot=324 rule=seq_integrity
       38550.0  ANOMALY_FLAG            spot=288 rule=seq_integrity
       38610.0  ANOMALY_FLAG            spot=164 rule=seq_integrity
       38730.0  ANOMALY_FLAG            spot=69 rule=seq_integrity
       38730.0  ANOMALY_FLAG            spot=308 rule=seq_integrity
       38790.0  ANOMALY_FLAG            spot=470 rule=seq_integrity
       38820.0  ANOMALY_FLAG            spot=435 rule=seq_integrity
       38940.0  ANOMALY_FLAG            spot=340 rule=seq_integrity
       39030.0  ANOMALY_FLAG            spot=69 rule=seq_integrity
       39090.0  ANOMALY_FLAG            spot=466 rule=seq_integrity
       39120.0  ANOMALY_FLAG            spot=490 rule=seq_integrity
       39120.0  ANOMALY_FLAG            spot=42 rule=seq_integrity
       39330.0  ANOMALY_FLAG            spot=164 rule=seq_integrity
       39510.0  ANOMALY_FLAG            spot=164 rule=seq_integrity
       39960.0  ANOMALY_FLAG            spot=428 rule=seq_integrity
       40020.0  ANOMALY_FLAG            spot=104 rule=seq_integrity
       40020.0  ANOMALY_FLAG            spot=238 rule=seq_integrity
       40080.0  ANOMALY_FLAG            spot=324 rule=seq_integrity
       40170.0  ANOMALY_FLAG            spot=289 rule=rate_outlier
       40170.0  ANOMALY_FLAG            spot=289 rule=seq_integrity
       40170.0  ANOMALY_FLAG            spot=178 rule=seq_integrity
       40230.0  ANOMALY_FLAG            spot=376 rule=seq_integrity
       40260.0  ANOMALY_FLAG            spot=354 rule=seq_integrity
       40320.0  ANOMALY_FLAG            spot=289 rule=seq_integrity
       40410.0  ANOMALY_FLAG            spot=164 rule=rate_outlier
       40500.0  ANOMALY_FLAG            spot=233 rule=seq_integrity
       40590.0  ANOMALY_FLAG            spot=176 rule=seq_integrity
       40800.0  ANOMALY_FLAG            spot=322 rule=seq_integrity
       40830.0  ANOMALY_FLAG            spot=55 rule=seq_integrity
       40950.0  ANOMALY_FLAG            spot=322 rule=rate_outlier
       40950.0  ANOMALY_FLAG            spot=322 rule=seq_integrity
       40980.0  ANOMALY_FLAG            spot=65 rule=seq_integrity
       41010.0  ANOMALY_FLAG            spot=435 rule=seq_integrity
       41040.0  ANOMALY_FLAG            spot=289 rule=seq_integrity
       41130.0  ANOMALY_FLAG            spot=490 rule=seq_integrity
       41130.0  ANOMALY_FLAG            spot=376 rule=seq_integrity
       41160.0  ANOMALY_FLAG            spot=258 rule=seq_integrity
       41220.0  ANOMALY_FLAG            spot=289 rule=rate_outlier
       41280.0  ANOMALY_FLAG            spot=224 rule=seq_integrity
       41340.0  ANOMALY_FLAG            spot=419 rule=seq_integrity
       41340.0  ANOMALY_FLAG            spot=285 rule=seq_integrity
       41460.0  ANOMALY_FLAG            spot=289 rule=seq_integrity
       41490.0  ANOMALY_FLAG            spot=176 rule=seq_integrity
       41520.0  ANOMALY_FLAG            spot=269 rule=seq_integrity
       41790.0  ANOMALY_FLAG            spot=104 rule=seq_integrity
       41820.0  ANOMALY_FLAG            spot=104 rule=rate_outlier
       41820.0  ANOMALY_FLAG            spot=164 rule=seq_integrity
       41850.0  ANOMALY_FLAG            spot=311 rule=seq_integrity
       41910.0  ANOMALY_FLAG            spot=435 rule=seq_integrity
       42090.0  ANOMALY_FLAG            spot=224 rule=seq_integrity
       42120.0  ANOMALY_FLAG            spot=308 rule=seq_integrity
       42270.0  ANOMALY_FLAG            spot=467 rule=seq_integrity
       42390.0  ANOMALY_FLAG            spot=490 rule=rate_outlier
       42390.0  ANOMALY_FLAG            spot=490 rule=seq_integrity
       42720.0  ANOMALY_FLAG            spot=104 rule=seq_integrity
       42720.0  ANOMALY_FLAG            spot=42 rule=seq_integrity
       42870.0  ANOMALY_FLAG            spot=279 rule=seq_integrity
       42930.0  ANOMALY_FLAG            spot=428 rule=seq_integrity
       43080.0  ANOMALY_FLAG            spot=224 rule=seq_integrity
       43140.0  ANOMALY_FLAG            spot=289 rule=rate_outlier
       43140.0  ANOMALY_FLAG            spot=289 rule=seq_integrity
       43140.0  ANOMALY_FLAG            spot=185 rule=seq_integrity
       43560.0  ANOMALY_FLAG            spot=428 rule=seq_integrity
       43620.0  ANOMALY_FLAG            spot=224 rule=rate_outlier
       43620.0  ANOMALY_FLAG            spot=104 rule=seq_integrity
       43620.0  ANOMALY_FLAG            spot=224 rule=seq_integrity
       43710.0  ANOMALY_FLAG            spot=164 rule=seq_integrity
       43800.0  ANOMALY_FLAG            spot=143 rule=seq_integrity
       43920.0  ANOMALY_FLAG            spot=289 rule=seq_integrity
       43950.0  ANOMALY_FLAG            spot=65 rule=seq_integrity
       43980.0  ANOMALY_FLAG            spot=428 rule=seq_integrity
       44010.0  ANOMALY_FLAG            spot=289 rule=seq_integrity
       44070.0  ANOMALY_FLAG            spot=376 rule=seq_integrity
       44190.0  ANOMALY_FLAG            spot=470 rule=seq_integrity
       44190.0  ANOMALY_FLAG            spot=176 rule=seq_integrity
       44250.0  ANOMALY_FLAG            spot=324 rule=seq_integrity
       44400.0  ANOMALY_FLAG            spot=208 rule=seq_integrity
       44400.0  ANOMALY_FLAG            spot=322 rule=seq_integrity
       44490.0  ANOMALY_FLAG            spot=224 rule=seq_integrity
       44580.0  ANOMALY_FLAG            spot=65 rule=seq_integrity
       44610.0  ANOMALY_FLAG            spot=435 rule=seq_integrity
       44730.0  ANOMALY_FLAG            spot=490 rule=seq_integrity
       44760.0  ANOMALY_FLAG            spot=258 rule=seq_integrity
       44790.0  ANOMALY_FLAG            spot=285 rule=seq_integrity
       44880.0  ANOMALY_FLAG            spot=224 rule=seq_integrity
       44940.0  ANOMALY_FLAG            spot=285 rule=rate_outlier
       44940.0  ANOMALY_FLAG            spot=285 rule=seq_integrity
       45000.0  ANOMALY_FLAG            spot=67 rule=seq_integrity
       45090.0  ANOMALY_FLAG            spot=39 rule=seq_integrity
       45090.0  ANOMALY_FLAG            spot=176 rule=seq_integrity
       45150.0  ANOMALY_FLAG            spot=324 rule=seq_integrity
       45390.0  ANOMALY_FLAG            spot=258 rule=seq_integrity
       45510.0  ANOMALY_FLAG            spot=224 rule=seq_integrity
       45570.0  ANOMALY_FLAG            spot=376 rule=seq_integrity
       45660.0  ANOMALY_FLAG            spot=354 rule=seq_integrity
       45720.0  ANOMALY_FLAG            spot=285 rule=seq_integrity
       45780.0  ANOMALY_FLAG            spot=224 rule=rate_outlier
       45930.0  ANOMALY_FLAG            spot=308 rule=seq_integrity
       45990.0  ANOMALY_FLAG            spot=490 rule=seq_integrity
       46020.0  ANOMALY_FLAG            spot=490 rule=rate_outlier
       46020.0  ANOMALY_FLAG            spot=222 rule=seq_integrity
       46170.0  ANOMALY_FLAG            spot=428 rule=seq_integrity
       46320.0  ANOMALY_FLAG            spot=42 rule=seq_integrity
       46350.0  ANOMALY_FLAG            spot=224 rule=seq_integrity
       46410.0  ANOMALY_FLAG            spot=490 rule=seq_integrity
       46410.0  ANOMALY_FLAG            spot=285 rule=rate_outlier
       46410.0  ANOMALY_FLAG            spot=285 rule=seq_integrity
       46680.0  ANOMALY_FLAG            spot=164 rule=seq_integrity
       46770.0  ANOMALY_FLAG            spot=308 rule=seq_integrity
       46800.0  ANOMALY_FLAG            spot=285 rule=seq_integrity
       47220.0  ANOMALY_FLAG            spot=104 rule=seq_integrity
       47340.0  ANOMALY_FLAG            spot=308 rule=seq_integrity
       47430.0  ANOMALY_FLAG            spot=376 rule=seq_integrity
       47460.0  ANOMALY_FLAG            spot=447 rule=seq_integrity
       47490.0  ANOMALY_FLAG            spot=164 rule=seq_integrity
       47520.0  ANOMALY_FLAG            spot=289 rule=seq_integrity
       47610.0  ANOMALY_FLAG            spot=164 rule=seq_integrity
       47790.0  ANOMALY_FLAG            spot=470 rule=seq_integrity
       48000.0  ANOMALY_FLAG            spot=322 rule=seq_integrity
       48060.0  ANOMALY_FLAG            spot=428 rule=seq_integrity
       48180.0  ANOMALY_FLAG            spot=65 rule=seq_integrity
       48270.0  ANOMALY_FLAG            spot=104 rule=seq_integrity
       48330.0  ANOMALY_FLAG            spot=104 rule=rate_outlier
       48330.0  ANOMALY_FLAG            spot=104 rule=seq_integrity
       48330.0  ANOMALY_FLAG            spot=490 rule=seq_integrity
       48330.0  ANOMALY_FLAG            spot=376 rule=seq_integrity
       48480.0  ANOMALY_FLAG            spot=224 rule=seq_integrity
       48540.0  ANOMALY_FLAG            spot=285 rule=seq_integrity
       48600.0  ANOMALY_FLAG            spot=308 rule=seq_integrity
       48750.0  ANOMALY_FLAG            spot=324 rule=seq_integrity
       48900.0  ANOMALY_FLAG            spot=104 rule=seq_integrity
       48930.0  ANOMALY_FLAG            spot=104 rule=rate_outlier
       48960.0  ANOMALY_FLAG            spot=428 rule=seq_integrity
       49020.0  ANOMALY_FLAG            spot=34 rule=seq_integrity
       49110.0  ANOMALY_FLAG            spot=435 rule=seq_integrity
       49230.0  ANOMALY_FLAG            spot=164 rule=seq_integrity
       49260.0  ANOMALY_FLAG            spot=354 rule=seq_integrity
       49290.0  ANOMALY_FLAG            spot=164 rule=seq_integrity
       49350.0  ANOMALY_FLAG            spot=285 rule=seq_integrity
       49380.0  ANOMALY_FLAG            spot=285 rule=rate_outlier
       49470.0  ANOMALY_FLAG            spot=470 rule=seq_integrity
       49530.0  ANOMALY_FLAG            spot=308 rule=seq_integrity
       49590.0  ANOMALY_FLAG            spot=308 rule=seq_integrity
       49590.0  ANOMALY_FLAG            spot=176 rule=seq_integrity
       49740.0  ANOMALY_FLAG            spot=224 rule=seq_integrity
       49800.0  ANOMALY_FLAG            spot=224 rule=seq_integrity
       49920.0  ANOMALY_FLAG            spot=42 rule=seq_integrity
       49950.0  ANOMALY_FLAG            spot=285 rule=seq_integrity
       50010.0  ANOMALY_FLAG            spot=435 rule=seq_integrity
       50010.0  ANOMALY_FLAG            spot=285 rule=seq_integrity
       50100.0  ANOMALY_FLAG            spot=428 rule=seq_integrity
       50430.0  ANOMALY_FLAG            spot=461 rule=stuck
       50490.0  ANOMALY_FLAG            spot=176 rule=seq_integrity
       50550.0  ANOMALY_FLAG            spot=143 rule=seq_integrity
       50610.0  ANOMALY_FLAG            spot=381 rule=seq_integrity
       50640.0  ANOMALY_FLAG            spot=335 rule=stuck
       50730.0  ANOMALY_FLAG            spot=42 rule=seq_integrity
       50760.0  ANOMALY_FLAG            spot=428 rule=seq_integrity
       50820.0  ANOMALY_FLAG            spot=104 rule=seq_integrity
       50880.0  ANOMALY_FLAG            spot=164 rule=seq_integrity
       50970.0  ANOMALY_FLAG            spot=324 rule=seq_integrity
       51030.0  ANOMALY_FLAG            spot=376 rule=seq_integrity
       51090.0  ANOMALY_FLAG            spot=104 rule=rate_outlier
       51090.0  ANOMALY_FLAG            spot=104 rule=seq_integrity
       51120.0  ANOMALY_FLAG            spot=224 rule=seq_integrity
       51150.0  QUARANTINE_ADD          spot=461 incidents=5 rules=['stuck']
       51150.0  ANOMALY_FLAG            spot=301 rule=stuck
       51180.0  ANOMALY_FLAG            spot=224 rule=rate_outlier
       51210.0  ANOMALY_FLAG            spot=164 rule=seq_integrity
       51270.0  ANOMALY_FLAG            spot=229 rule=stuck
       51360.0  QUARANTINE_ADD          spot=335 incidents=5 rules=['stuck']
       51390.0  ANOMALY_FLAG            spot=71 rule=stuck
       51450.0  ANOMALY_FLAG            spot=410 rule=stuck
       51600.0  ANOMALY_FLAG            spot=322 rule=seq_integrity
       51660.0  ANOMALY_FLAG            spot=428 rule=seq_integrity
       51780.0  ANOMALY_FLAG            spot=104 rule=rate_outlier
       51780.0  ANOMALY_FLAG            spot=104 rule=seq_integrity
       51780.0  ANOMALY_FLAG            spot=65 rule=seq_integrity
       51870.0  QUARANTINE_ADD          spot=301 incidents=5 rules=['stuck']
       51930.0  ANOMALY_FLAG            spot=490 rule=seq_integrity
       51930.0  ANOMALY_FLAG            spot=376 rule=seq_integrity
       51960.0  ANOMALY_FLAG            spot=258 rule=seq_integrity
       51990.0  QUARANTINE_ADD          spot=229 incidents=5 rules=['stuck']
       52080.0  ANOMALY_FLAG            spot=224 rule=seq_integrity
       52110.0  QUARANTINE_ADD          spot=71 incidents=5 rules=['stuck']
       52110.0  ANOMALY_FLAG            spot=164 rule=seq_integrity
       52140.0  ANOMALY_FLAG            spot=285 rule=seq_integrity
       52140.0  ANOMALY_FLAG            spot=176 rule=seq_integrity
       52170.0  QUARANTINE_ADD          spot=410 incidents=5 rules=['stuck']
       52350.0  ANOMALY_FLAG            spot=324 rule=seq_integrity
       52560.0  ANOMALY_FLAG            spot=428 rule=seq_integrity
       52590.0  ANOMALY_FLAG            spot=499 rule=seq_integrity
       52710.0  ANOMALY_FLAG            spot=435 rule=seq_integrity
       52860.0  ANOMALY_FLAG            spot=354 rule=seq_integrity
       52920.0  ANOMALY_FLAG            spot=258 rule=seq_integrity
       53130.0  ANOMALY_FLAG            spot=308 rule=seq_integrity
       53220.0  ANOMALY_FLAG            spot=308 rule=seq_integrity
       53250.0  ANOMALY_FLAG            spot=324 rule=seq_integrity
       53400.0  ANOMALY_FLAG            spot=435 rule=seq_integrity
       53490.0  ANOMALY_FLAG            spot=258 rule=seq_integrity
       53490.0  ANOMALY_FLAG            spot=65 rule=seq_integrity
       53760.0  ANOMALY_FLAG            spot=224 rule=seq_integrity
       54090.0  ANOMALY_FLAG            spot=176 rule=seq_integrity
       54120.0  ANOMALY_FLAG            spot=65 rule=seq_integrity
       54180.0  ANOMALY_FLAG            spot=204 rule=seq_integrity
       54420.0  ANOMALY_FLAG            spot=104 rule=seq_integrity
       54510.0  ANOMALY_FLAG            spot=435 rule=seq_integrity
       54630.0  ANOMALY_FLAG            spot=376 rule=seq_integrity
       54720.0  ANOMALY_FLAG            spot=289 rule=seq_integrity
       54810.0  ANOMALY_FLAG            spot=164 rule=seq_integrity
       55200.0  ANOMALY_FLAG            spot=322 rule=seq_integrity
       55320.0  ANOMALY_FLAG            spot=224 rule=seq_integrity
       55500.0  ANOMALY_FLAG            spot=322 rule=seq_integrity
       55530.0  ANOMALY_FLAG            spot=322 rule=rate_outlier
       55530.0  ANOMALY_FLAG            spot=435 rule=seq_integrity
       55530.0  ANOMALY_FLAG            spot=490 rule=seq_integrity
       55560.0  ANOMALY_FLAG            spot=258 rule=seq_integrity
       55680.0  ANOMALY_FLAG            spot=224 rule=seq_integrity
       55740.0  ANOMALY_FLAG            spot=285 rule=seq_integrity
       55800.0  ANOMALY_FLAG            spot=470 rule=seq_integrity
       55860.0  ANOMALY_FLAG            spot=470 rule=seq_integrity
       56220.0  ANOMALY_FLAG            spot=258 rule=seq_integrity
       56220.0  ANOMALY_FLAG            spot=42 rule=seq_integrity
       56730.0  ANOMALY_FLAG            spot=308 rule=seq_integrity
       56790.0  ANOMALY_FLAG            spot=176 rule=seq_integrity
       56850.0  ANOMALY_FLAG            spot=324 rule=seq_integrity
       57000.0  ANOMALY_FLAG            spot=322 rule=seq_integrity
       57150.0  ANOMALY_FLAG            spot=322 rule=seq_integrity
       57180.0  ANOMALY_FLAG            spot=65 rule=seq_integrity
       57360.0  ANOMALY_FLAG            spot=258 rule=seq_integrity
       57360.0  ANOMALY_FLAG            spot=354 rule=seq_integrity
       57630.0  ANOMALY_FLAG            spot=65 rule=seq_integrity
       57690.0  ANOMALY_FLAG            spot=224 rule=rate_outlier
       57690.0  ANOMALY_FLAG            spot=224 rule=seq_integrity
       57690.0  ANOMALY_FLAG            spot=176 rule=seq_integrity
       57750.0  ANOMALY_FLAG            spot=324 rule=seq_integrity
       57750.0  ANOMALY_FLAG            spot=376 rule=seq_integrity
       58020.0  ANOMALY_FLAG            spot=104 rule=seq_integrity
       58020.0  ANOMALY_FLAG            spot=322 rule=seq_integrity
       58200.0  ANOMALY_FLAG            spot=322 rule=rate_outlier
       58200.0  ANOMALY_FLAG            spot=322 rule=seq_integrity
       58230.0  ANOMALY_FLAG            spot=376 rule=seq_integrity
       58320.0  ANOMALY_FLAG            spot=289 rule=seq_integrity
       58350.0  ANOMALY_FLAG            spot=42 rule=seq_integrity
       58410.0  ANOMALY_FLAG            spot=164 rule=seq_integrity
       58800.0  ANOMALY_FLAG            spot=322 rule=seq_integrity
       58980.0  QUARANTINE_RELEASE      spot=428 reason=score recovered (5 clean ticks)
       59070.0  ANOMALY_FLAG            spot=258 rule=seq_integrity
       59070.0  ANOMALY_FLAG            spot=324 rule=seq_integrity
       59130.0  ANOMALY_FLAG            spot=490 rule=seq_integrity
       59160.0  ANOMALY_FLAG            spot=258 rule=seq_integrity
       59280.0  ANOMALY_FLAG            spot=224 rule=seq_integrity
       59310.0  ANOMALY_FLAG            spot=164 rule=seq_integrity
       59310.0  ANOMALY_FLAG            spot=65 rule=seq_integrity
       59340.0  ANOMALY_FLAG            spot=285 rule=seq_integrity
       59490.0  ANOMALY_FLAG            spot=470 rule=seq_integrity
       59700.0  ANOMALY_FLAG            spot=224 rule=seq_integrity
       59760.0  ANOMALY_FLAG            spot=322 rule=seq_integrity
       59760.0  ANOMALY_FLAG            spot=428 rule=seq_integrity
       59820.0  ANOMALY_FLAG            spot=42 rule=seq_integrity
       59910.0  ANOMALY_FLAG            spot=435 rule=seq_integrity
       59910.0  ANOMALY_FLAG            spot=164 rule=seq_integrity
       60120.0  ANOMALY_FLAG            spot=164 rule=seq_integrity
       60180.0  ANOMALY_FLAG            spot=322 rule=seq_integrity
       60300.0  ANOMALY_FLAG            spot=224 rule=seq_integrity
       60390.0  ANOMALY_FLAG            spot=176 rule=seq_integrity
       61350.0  ANOMALY_FLAG            spot=324 rule=seq_integrity
       61620.0  ANOMALY_FLAG            spot=104 rule=seq_integrity
       61860.0  ANOMALY_FLAG            spot=354 rule=seq_integrity
       61920.0  ANOMALY_FLAG            spot=289 rule=seq_integrity
       62010.0  ANOMALY_FLAG            spot=164 rule=seq_integrity
       62010.0  ANOMALY_FLAG            spot=308 rule=seq_integrity
       62130.0  ANOMALY_FLAG            spot=308 rule=seq_integrity
       62130.0  ANOMALY_FLAG            spot=65 rule=seq_integrity
       62250.0  ANOMALY_FLAG            spot=324 rule=seq_integrity
       62400.0  ANOMALY_FLAG            spot=322 rule=seq_integrity
       62490.0  ANOMALY_FLAG            spot=308 rule=seq_integrity
       62580.0  ANOMALY_FLAG            spot=289 rule=seq_integrity
       62730.0  ANOMALY_FLAG            spot=490 rule=seq_integrity
       62730.0  ANOMALY_FLAG            spot=376 rule=seq_integrity
       62760.0  ANOMALY_FLAG            spot=258 rule=seq_integrity
       62880.0  ANOMALY_FLAG            spot=224 rule=seq_integrity
       62940.0  ANOMALY_FLAG            spot=285 rule=seq_integrity
       63360.0  QUARANTINE_ADD          spot=428 incidents=6 rules=['seq_integrity']
       63360.0  ANOMALY_FLAG            spot=428 rule=seq_integrity
       63480.0  ANOMALY_FLAG            spot=470 rule=seq_integrity
       63480.0  ANOMALY_FLAG            spot=65 rule=seq_integrity
       63510.0  ANOMALY_FLAG            spot=435 rule=seq_integrity
       63990.0  ANOMALY_FLAG            spot=470 rule=seq_integrity
       64260.0  ANOMALY_FLAG            spot=428 rule=seq_integrity
       64320.0  ANOMALY_FLAG            spot=42 rule=seq_integrity
       64410.0  ANOMALY_FLAG            spot=435 rule=seq_integrity
       64590.0  ANOMALY_FLAG            spot=65 rule=seq_integrity
       64890.0  ANOMALY_FLAG            spot=324 rule=seq_integrity
       64950.0  ANOMALY_FLAG            spot=324 rule=seq_integrity
       65040.0  ANOMALY_FLAG            spot=322 rule=seq_integrity
       65220.0  ANOMALY_FLAG            spot=104 rule=seq_integrity
       65250.0  ANOMALY_FLAG            spot=324 rule=seq_integrity
       65460.0  ANOMALY_FLAG            spot=354 rule=seq_integrity
       65460.0  ANOMALY_FLAG            spot=322 rule=rate_outlier
       65460.0  ANOMALY_FLAG            spot=322 rule=seq_integrity
       65520.0  ANOMALY_FLAG            spot=289 rule=seq_integrity
       65610.0  ANOMALY_FLAG            spot=164 rule=seq_integrity
       65730.0  ANOMALY_FLAG            spot=308 rule=seq_integrity
       65790.0  ANOMALY_FLAG            spot=176 rule=seq_integrity
       66000.0  ANOMALY_FLAG            spot=322 rule=seq_integrity
       66330.0  ANOMALY_FLAG            spot=164 rule=seq_integrity
       66420.0  ANOMALY_FLAG            spot=285 rule=seq_integrity
       66480.0  ANOMALY_FLAG            spot=224 rule=seq_integrity
       66540.0  ANOMALY_FLAG            spot=285 rule=seq_integrity
       66750.0  ANOMALY_FLAG            spot=324 rule=seq_integrity
       67080.0  ANOMALY_FLAG            spot=65 rule=seq_integrity
       67230.0  ANOMALY_FLAG            spot=490 rule=seq_integrity
       67590.0  ANOMALY_FLAG            spot=470 rule=seq_integrity
       67860.0  ANOMALY_FLAG            spot=428 rule=seq_integrity
       68130.0  ANOMALY_FLAG            spot=376 rule=seq_integrity
       68160.0  ANOMALY_FLAG            spot=258 rule=seq_integrity
       68490.0  ANOMALY_FLAG            spot=176 rule=seq_integrity
       68610.0  ANOMALY_FLAG            spot=104 rule=seq_integrity
       68610.0  ANOMALY_FLAG            spot=376 rule=seq_integrity
       68760.0  ANOMALY_FLAG            spot=428 rule=seq_integrity
       68820.0  ANOMALY_FLAG            spot=104 rule=seq_integrity
       69030.0  ANOMALY_FLAG            spot=428 rule=seq_integrity
       69060.0  ANOMALY_FLAG            spot=354 rule=seq_integrity
       69120.0  ANOMALY_FLAG            spot=289 rule=seq_integrity
       69330.0  ANOMALY_FLAG            spot=308 rule=seq_integrity
       69390.0  ANOMALY_FLAG            spot=176 rule=seq_integrity
       69450.0  ANOMALY_FLAG            spot=324 rule=seq_integrity
       69600.0  ANOMALY_FLAG            spot=322 rule=seq_integrity
       69660.0  ANOMALY_FLAG            spot=428 rule=seq_integrity
       69720.0  ANOMALY_FLAG            spot=42 rule=seq_integrity
       70080.0  ANOMALY_FLAG            spot=224 rule=seq_integrity
       70140.0  ANOMALY_FLAG            spot=285 rule=seq_integrity
       70350.0  ANOMALY_FLAG            spot=324 rule=seq_integrity
       70710.0  ANOMALY_FLAG            spot=435 rule=seq_integrity
       71190.0  ANOMALY_FLAG            spot=470 rule=seq_integrity
       71580.0  ANOMALY_FLAG            spot=65 rule=seq_integrity
       71610.0  ANOMALY_FLAG            spot=435 rule=seq_integrity
       71730.0  ANOMALY_FLAG            spot=376 rule=seq_integrity
       71760.0  ANOMALY_FLAG            spot=258 rule=seq_integrity
       72060.0  ANOMALY_FLAG            spot=490 rule=seq_integrity
       72420.0  ANOMALY_FLAG            spot=104 rule=seq_integrity
       72630.0  ANOMALY_FLAG            spot=376 rule=seq_integrity
       72660.0  ANOMALY_FLAG            spot=354 rule=seq_integrity
       72720.0  ANOMALY_FLAG            spot=289 rule=seq_integrity
       72930.0  ANOMALY_FLAG            spot=308 rule=seq_integrity
       72990.0  ANOMALY_FLAG            spot=176 rule=seq_integrity
       73200.0  ANOMALY_FLAG            spot=322 rule=seq_integrity
       73260.0  ANOMALY_FLAG            spot=428 rule=seq_integrity
       73650.0  QUARANTINE_RELEASE      spot=164 reason=score recovered (5 clean ticks)
       73680.0  ANOMALY_FLAG            spot=224 rule=seq_integrity
       73710.0  ANOMALY_FLAG            spot=164 rule=seq_integrity
       73740.0  ANOMALY_FLAG            spot=285 rule=seq_integrity
       74430.0  ANOMALY_FLAG            spot=490 rule=seq_integrity
       74610.0  ANOMALY_FLAG            spot=164 rule=seq_integrity
       74790.0  ANOMALY_FLAG            spot=470 rule=seq_integrity
       75120.0  ANOMALY_FLAG            spot=42 rule=seq_integrity
       75180.0  ANOMALY_FLAG            spot=65 rule=seq_integrity
       75330.0  ANOMALY_FLAG            spot=376 rule=seq_integrity
       75360.0  ANOMALY_FLAG            spot=258 rule=seq_integrity
       75690.0  ANOMALY_FLAG            spot=176 rule=seq_integrity
       76020.0  ANOMALY_FLAG            spot=104 rule=seq_integrity
       76230.0  ANOMALY_FLAG            spot=376 rule=seq_integrity
       76260.0  ANOMALY_FLAG            spot=354 rule=seq_integrity
       76320.0  ANOMALY_FLAG            spot=289 rule=seq_integrity
       76590.0  ANOMALY_FLAG            spot=176 rule=seq_integrity
       76650.0  ANOMALY_FLAG            spot=324 rule=seq_integrity
       76800.0  ANOMALY_FLAG            spot=322 rule=seq_integrity
       77280.0  ANOMALY_FLAG            spot=224 rule=seq_integrity
       77340.0  ANOMALY_FLAG            spot=285 rule=seq_integrity
       77550.0  ANOMALY_FLAG            spot=324 rule=seq_integrity
       78030.0  ANOMALY_FLAG            spot=490 rule=seq_integrity
       78030.0  QUARANTINE_RELEASE      spot=435 reason=score recovered (5 clean ticks)
       78210.0  ANOMALY_FLAG            spot=164 rule=seq_integrity
       78780.0  ANOMALY_FLAG            spot=65 rule=seq_integrity
       78930.0  ANOMALY_FLAG            spot=376 rule=seq_integrity
       79290.0  ANOMALY_FLAG            spot=470 rule=seq_integrity
       79620.0  ANOMALY_FLAG            spot=104 rule=seq_integrity
       79680.0  QUARANTINE_RELEASE      spot=428 reason=score recovered (5 clean ticks)
       79830.0  ANOMALY_FLAG            spot=376 rule=seq_integrity
       79860.0  ANOMALY_FLAG            spot=258 rule=seq_integrity
       79920.0  ANOMALY_FLAG            spot=289 rule=seq_integrity
       80220.0  QUARANTINE_RELEASE      spot=308 reason=score recovered (5 clean ticks)
       80400.0  ANOMALY_FLAG            spot=322 rule=seq_integrity
       80460.0  ANOMALY_FLAG            spot=428 rule=seq_integrity
       80520.0  ANOMALY_FLAG            spot=42 rule=seq_integrity
       80760.0  ANOMALY_FLAG            spot=354 rule=seq_integrity
       80850.0  ANOMALY_FLAG            spot=258 rule=seq_integrity
       80880.0  ANOMALY_FLAG            spot=224 rule=seq_integrity
       80910.0  ANOMALY_FLAG            spot=164 rule=seq_integrity
       80940.0  ANOMALY_FLAG            spot=285 rule=seq_integrity
       81030.0  ANOMALY_FLAG            spot=308 rule=seq_integrity
       81090.0  ANOMALY_FLAG            spot=176 rule=seq_integrity
       81150.0  ANOMALY_FLAG            spot=324 rule=seq_integrity
       81630.0  ANOMALY_FLAG            spot=490 rule=seq_integrity
       81810.0  ANOMALY_FLAG            spot=164 rule=seq_integrity
       82050.0  ANOMALY_FLAG            spot=324 rule=seq_integrity
       82380.0  ANOMALY_FLAG            spot=65 rule=seq_integrity
       82410.0  ANOMALY_FLAG            spot=435 rule=seq_integrity
       82530.0  ANOMALY_FLAG            spot=376 rule=seq_integrity
       82890.0  ANOMALY_FLAG            spot=470 rule=seq_integrity
       82920.0  ANOMALY_FLAG            spot=42 rule=seq_integrity
       83160.0  ANOMALY_FLAG            spot=428 rule=seq_integrity
       83220.0  ANOMALY_FLAG            spot=104 rule=seq_integrity
       83310.0  QUARANTINE_ADD          spot=435 incidents=6 rules=['seq_integrity']
       83310.0  ANOMALY_FLAG            spot=435 rule=seq_integrity
       83430.0  ANOMALY_FLAG            spot=376 rule=seq_integrity
       83460.0  ANOMALY_FLAG            spot=258 rule=seq_integrity
       83520.0  ANOMALY_FLAG            spot=289 rule=seq_integrity
       83790.0  ANOMALY_FLAG            spot=176 rule=seq_integrity
       84000.0  ANOMALY_FLAG            spot=322 rule=seq_integrity
       84060.0  ANOMALY_FLAG            spot=428 rule=seq_integrity
       84120.0  ANOMALY_FLAG            spot=42 rule=seq_integrity
       84300.0  ANOMALY_FLAG            spot=376 rule=seq_integrity
       84360.0  ANOMALY_FLAG            spot=354 rule=seq_integrity
       84480.0  ANOMALY_FLAG            spot=224 rule=seq_integrity
       84540.0  ANOMALY_FLAG            spot=285 rule=seq_integrity
       84630.0  ANOMALY_FLAG            spot=308 rule=seq_integrity
       84690.0  ANOMALY_FLAG            spot=176 rule=seq_integrity
       84930.0  ANOMALY_FLAG            spot=470 rule=seq_integrity
       85020.0  ANOMALY_FLAG            spot=285 rule=seq_integrity
       85230.0  ANOMALY_FLAG            spot=490 rule=seq_integrity
       85410.0  ANOMALY_FLAG            spot=164 rule=seq_integrity
       85500.0  ANOMALY_FLAG            spot=176 rule=seq_integrity
       85560.0  ANOMALY_FLAG            spot=470 rule=seq_integrity
       85650.0  ANOMALY_FLAG            spot=324 rule=seq_integrity
       85680.0  ANOMALY_FLAG            spot=289 rule=seq_integrity
       85740.0  ANOMALY_FLAG            spot=376 rule=seq_integrity
       85980.0  ANOMALY_FLAG            spot=65 rule=seq_integrity
       86130.0  ANOMALY_FLAG            spot=376 rule=seq_integrity
       86250.0  ANOMALY_FLAG            spot=289 rule=rate_outlier
       86250.0  ANOMALY_FLAG            spot=289 rule=seq_integrity
       86310.0  QUARANTINE_ADD          spot=164 incidents=6 rules=['seq_integrity']
       86310.0  ANOMALY_FLAG            spot=164 rule=seq_integrity
