Scenario Log: A5_edge_anomaly
Architecture: edge_filtered   Protocol: mqtt
Traffic: peak   Spots: 500   Duration: 86400s
========================================================================

SUMMARY
  Anomalies detected    : 950
  Anomalies resolved    : 937
  Active at end         : 13
  Affected spots        : 31
  Quarantined at end    : 28
  Quarantine suppressed : 33
  Heartbeats suppressed : 33110
  Adaptive mode switches: 0

EVENT LOG
  t_virtual(s)  event                   detail
------------------------------------------------------------------------
         120.0  ANOMALY_FLAG            spot=184 rule=seq_integrity
         150.0  ANOMALY_FLAG            spot=440 rule=seq_integrity
         180.0  ANOMALY_FLAG            spot=320 rule=seq_integrity
         540.0  ANOMALY_FLAG            spot=440 rule=seq_integrity
         630.0  ANOMALY_FLAG            spot=124 rule=seq_integrity
         630.0  ANOMALY_FLAG            spot=404 rule=seq_integrity
         690.0  QUARANTINE_ADD          spot=207 incidents=5 rules=['seq_integrity']
         690.0  QUARANTINE_ADD          spot=320 incidents=9 rules=['seq_integrity']
         690.0  ANOMALY_FLAG            spot=207 rule=seq_integrity
         690.0  ANOMALY_FLAG            spot=320 rule=seq_integrity
         840.0  QUARANTINE_ADD          spot=436 incidents=5 rules=['seq_integrity']
         840.0  ANOMALY_FLAG            spot=436 rule=seq_integrity
         870.0  ANOMALY_FLAG            spot=153 rule=seq_integrity
         900.0  ANOMALY_FLAG            spot=234 rule=seq_integrity
         930.0  ANOMALY_FLAG            spot=184 rule=seq_integrity
         990.0  ANOMALY_FLAG            spot=152 rule=seq_integrity
         990.0  ANOMALY_FLAG            spot=176 rule=seq_integrity
        1020.0  ANOMALY_FLAG            spot=207 rule=seq_integrity
        1170.0  ANOMALY_FLAG            spot=142 rule=seq_integrity
        1200.0  QUARANTINE_ADD          spot=404 incidents=5 rules=['seq_integrity']
        1200.0  ANOMALY_FLAG            spot=94 rule=seq_integrity
        1200.0  ANOMALY_FLAG            spot=404 rule=seq_integrity
        1620.0  ANOMALY_FLAG            spot=214 rule=seq_integrity
        1800.0  ANOMALY_FLAG            spot=45 rule=seq_integrity
        2070.0  QUARANTINE_ADD          spot=124 incidents=9 rules=['seq_integrity']
        2070.0  ANOMALY_FLAG            spot=124 rule=seq_integrity
        2280.0  ANOMALY_FLAG            spot=230 rule=seq_integrity
        2310.0  ANOMALY_FLAG            spot=184 rule=seq_integrity
        2370.0  ANOMALY_FLAG            spot=207 rule=seq_integrity
        2520.0  ANOMALY_FLAG            spot=114 rule=seq_integrity
        2700.0  QUARANTINE_ADD          spot=45 incidents=6 rules=['seq_integrity']
        2700.0  ANOMALY_FLAG            spot=45 rule=seq_integrity
        2850.0  ANOMALY_FLAG            spot=176 rule=seq_integrity
        2970.0  ANOMALY_FLAG            spot=207 rule=seq_integrity
        3210.0  ANOMALY_FLAG            spot=114 rule=seq_integrity
        3240.0  ANOMALY_FLAG            spot=152 rule=seq_integrity
        3270.0  ANOMALY_FLAG            spot=230 rule=seq_integrity
        3300.0  ANOMALY_FLAG            spot=436 rule=seq_integrity
        3390.0  ANOMALY_FLAG            spot=184 rule=seq_integrity
        3420.0  ANOMALY_FLAG            spot=142 rule=seq_integrity
        3480.0  ANOMALY_FLAG            spot=152 rule=seq_integrity
        3690.0  QUARANTINE_ADD          spot=176 incidents=5 rules=['seq_integrity']
        3690.0  ANOMALY_FLAG            spot=207 rule=seq_integrity
        3690.0  ANOMALY_FLAG            spot=114 rule=seq_integrity
        3690.0  ANOMALY_FLAG            spot=176 rule=seq_integrity
        3720.0  QUARANTINE_ADD          spot=184 incidents=5 rules=['seq_integrity']
        3720.0  ANOMALY_FLAG            spot=184 rule=seq_integrity
        3750.0  ANOMALY_FLAG            spot=440 rule=seq_integrity
        3750.0  ANOMALY_FLAG            spot=111 rule=seq_integrity
        3780.0  ANOMALY_FLAG            spot=320 rule=seq_integrity
        3840.0  ANOMALY_FLAG            spot=45 rule=seq_integrity
        3870.0  QUARANTINE_ADD          spot=142 incidents=7 rules=['seq_integrity']
        3870.0  ANOMALY_FLAG            spot=142 rule=seq_integrity
        3870.0  ANOMALY_FLAG            spot=124 rule=seq_integrity
        3930.0  ANOMALY_FLAG            spot=176 rule=seq_integrity
        3990.0  ANOMALY_FLAG            spot=214 rule=seq_integrity
        4020.0  ANOMALY_FLAG            spot=45 rule=seq_integrity
        4080.0  QUARANTINE_ADD          spot=230 incidents=5 rules=['seq_integrity']
        4080.0  ANOMALY_FLAG            spot=45 rule=seq_integrity
        4080.0  ANOMALY_FLAG            spot=230 rule=seq_integrity
        4110.0  ANOMALY_FLAG            spot=94 rule=seq_integrity
        4170.0  ANOMALY_FLAG            spot=320 rule=seq_integrity
        4230.0  QUARANTINE_ADD          spot=111 incidents=6 rules=['seq_integrity']
        4230.0  ANOMALY_FLAG            spot=124 rule=rate_outlier
        4230.0  ANOMALY_FLAG            spot=124 rule=seq_integrity
        4230.0  ANOMALY_FLAG            spot=404 rule=seq_integrity
        4230.0  ANOMALY_FLAG            spot=111 rule=seq_integrity
        4290.0  ANOMALY_FLAG            spot=207 rule=seq_integrity
        4290.0  ANOMALY_FLAG            spot=124 rule=seq_integrity
        4320.0  QUARANTINE_ADD          spot=214 incidents=5 rules=['seq_integrity']
        4320.0  ANOMALY_FLAG            spot=214 rule=seq_integrity
        4410.0  ANOMALY_FLAG            spot=234 rule=seq_integrity
        4410.0  ANOMALY_FLAG            spot=142 rule=seq_integrity
        4470.0  ANOMALY_FLAG            spot=153 rule=seq_integrity
        4500.0  ANOMALY_FLAG            spot=45 rule=seq_integrity
        4560.0  ANOMALY_FLAG            spot=214 rule=rate_outlier
        4560.0  ANOMALY_FLAG            spot=214 rule=seq_integrity
        4590.0  ANOMALY_FLAG            spot=152 rule=seq_integrity
        4590.0  ANOMALY_FLAG            spot=176 rule=seq_integrity
        4710.0  QUARANTINE_ADD          spot=94 incidents=7 rules=['seq_integrity']
        4710.0  ANOMALY_FLAG            spot=94 rule=seq_integrity
        4740.0  ANOMALY_FLAG            spot=207 rule=seq_integrity
        4800.0  ANOMALY_FLAG            spot=207 rule=seq_integrity
        4800.0  ANOMALY_FLAG            spot=207 rule=rate_outlier
        5010.0  ANOMALY_FLAG            spot=114 rule=seq_integrity
        5100.0  ANOMALY_FLAG            spot=207 rule=seq_integrity
        5190.0  ANOMALY_FLAG            spot=124 rule=seq_integrity
        5190.0  ANOMALY_FLAG            spot=111 rule=seq_integrity
        5220.0  ANOMALY_FLAG            spot=214 rule=seq_integrity
        5280.0  ANOMALY_FLAG            spot=111 rule=seq_integrity
        5400.0  ANOMALY_FLAG            spot=320 rule=seq_integrity
        5700.0  ANOMALY_FLAG            spot=94 rule=seq_integrity
        5790.0  ANOMALY_FLAG            spot=230 rule=seq_integrity
        5850.0  ANOMALY_FLAG            spot=214 rule=seq_integrity
        5880.0  ANOMALY_FLAG            spot=230 rule=seq_integrity
        5910.0  ANOMALY_FLAG            spot=436 rule=seq_integrity
        5940.0  ANOMALY_FLAG            spot=436 rule=rate_outlier
        5970.0  ANOMALY_FLAG            spot=179 rule=seq_integrity
        6030.0  ANOMALY_FLAG            spot=283 rule=seq_integrity
        6120.0  ANOMALY_FLAG            spot=320 rule=seq_integrity
        6270.0  ANOMALY_FLAG            spot=234 rule=seq_integrity
        6300.0  ANOMALY_FLAG            spot=45 rule=seq_integrity
        6360.0  ANOMALY_FLAG            spot=436 rule=seq_integrity
        6390.0  ANOMALY_FLAG            spot=404 rule=seq_integrity
        6420.0  QUARANTINE_ADD          spot=114 incidents=5 rules=['seq_integrity']
        6420.0  ANOMALY_FLAG            spot=114 rule=seq_integrity
        6480.0  ANOMALY_FLAG            spot=207 rule=seq_integrity
        6480.0  ANOMALY_FLAG            spot=404 rule=rate_outlier
        6480.0  ANOMALY_FLAG            spot=404 rule=seq_integrity
        6540.0  ANOMALY_FLAG            spot=94 rule=seq_integrity
        6600.0  ANOMALY_FLAG            spot=94 rule=seq_integrity
        6750.0  ANOMALY_FLAG            spot=214 rule=seq_integrity
        6810.0  ANOMALY_FLAG            spot=404 rule=seq_integrity
        6900.0  ANOMALY_FLAG            spot=207 rule=seq_integrity
        6900.0  ANOMALY_FLAG            spot=207 rule=rate_outlier
        6930.0  ANOMALY_FLAG            spot=45 rule=seq_integrity
        6960.0  ANOMALY_FLAG            spot=214 rule=seq_integrity
        7020.0  ANOMALY_FLAG            spot=214 rule=seq_integrity
        7080.0  ANOMALY_FLAG            spot=320 rule=seq_integrity
        7110.0  ANOMALY_FLAG            spot=225 rule=seq_integrity
        7200.0  ANOMALY_FLAG            spot=234 rule=seq_integrity
        7200.0  ANOMALY_FLAG            spot=124 rule=rate_outlier
        7200.0  ANOMALY_FLAG            spot=124 rule=seq_integrity
        7230.0  ANOMALY_FLAG            spot=14 rule=silent
        7230.0  ANOMALY_FLAG            spot=273 rule=silent
        7230.0  ANOMALY_FLAG            spot=440 rule=seq_integrity
        7230.0  ANOMALY_FLAG            spot=279 rule=silent
        7230.0  ANOMALY_FLAG            spot=11 rule=silent
        7230.0  ANOMALY_FLAG            spot=18 rule=silent
        7230.0  ANOMALY_FLAG            spot=260 rule=silent
        7260.0  ANOMALY_FLAG            spot=0 rule=seq_integrity
        7260.0  ANOMALY_FLAG            spot=476 rule=seq_integrity
        7320.0  ANOMALY_FLAG            spot=184 rule=seq_integrity
        7380.0  ANOMALY_FLAG            spot=63 rule=seq_integrity
        7380.0  ANOMALY_FLAG            spot=320 rule=seq_integrity
        7410.0  ANOMALY_FLAG            spot=112 rule=seq_integrity
        7440.0  ANOMALY_FLAG            spot=230 rule=seq_integrity
        7500.0  ANOMALY_FLAG            spot=308 rule=seq_integrity
        7530.0  ANOMALY_FLAG            spot=320 rule=rate_outlier
        7530.0  ANOMALY_FLAG            spot=320 rule=seq_integrity
        7590.0  ANOMALY_FLAG            spot=436 rule=seq_integrity
        7770.0  ANOMALY_FLAG            spot=481 rule=seq_integrity
        7770.0  ANOMALY_FLAG            spot=124 rule=seq_integrity
        7800.0  ANOMALY_FLAG            spot=359 rule=seq_integrity
        7830.0  ANOMALY_FLAG            spot=124 rule=seq_integrity
        7830.0  ANOMALY_FLAG            spot=111 rule=seq_integrity
        7860.0  ANOMALY_FLAG            spot=404 rule=seq_integrity
        7920.0  ANOMALY_FLAG            spot=214 rule=seq_integrity
        7950.0  QUARANTINE_ADD          spot=11 incidents=5 rules=['silent']
        7950.0  QUARANTINE_ADD          spot=14 incidents=5 rules=['silent']
        7950.0  QUARANTINE_ADD          spot=18 incidents=5 rules=['silent']
        7950.0  QUARANTINE_ADD          spot=260 incidents=5 rules=['silent']
        7950.0  QUARANTINE_ADD          spot=273 incidents=5 rules=['silent']
        7950.0  QUARANTINE_ADD          spot=279 incidents=5 rules=['silent']
        8040.0  ANOMALY_FLAG            spot=436 rule=seq_integrity
        8040.0  ANOMALY_FLAG            spot=157 rule=seq_integrity
        8070.0  ANOMALY_FLAG            spot=444 rule=seq_integrity
        8070.0  ANOMALY_FLAG            spot=153 rule=seq_integrity
        8190.0  ANOMALY_FLAG            spot=152 rule=seq_integrity
        8190.0  ANOMALY_FLAG            spot=176 rule=seq_integrity
        8220.0  ANOMALY_FLAG            spot=207 rule=seq_integrity
        8220.0  ANOMALY_FLAG            spot=230 rule=seq_integrity
        8250.0  ANOMALY_FLAG            spot=320 rule=seq_integrity
        8250.0  ANOMALY_FLAG            spot=404 rule=rate_outlier
        8250.0  ANOMALY_FLAG            spot=404 rule=seq_integrity
        8370.0  ANOMALY_FLAG            spot=142 rule=seq_integrity
        8400.0  ANOMALY_FLAG            spot=295 rule=seq_integrity
        8400.0  ANOMALY_FLAG            spot=230 rule=seq_integrity
        8430.0  ANOMALY_FLAG            spot=259 rule=seq_integrity
        8520.0  ANOMALY_FLAG            spot=94 rule=seq_integrity
        8550.0  ANOMALY_FLAG            spot=176 rule=seq_integrity
        8580.0  ANOMALY_FLAG            spot=320 rule=rate_outlier
        8580.0  ANOMALY_FLAG            spot=320 rule=seq_integrity
        8730.0  ANOMALY_FLAG            spot=124 rule=seq_integrity
        8760.0  ANOMALY_FLAG            spot=436 rule=seq_integrity
        8790.0  ANOMALY_FLAG            spot=184 rule=seq_integrity
        8820.0  ANOMALY_FLAG            spot=214 rule=seq_integrity
        8970.0  ANOMALY_FLAG            spot=207 rule=seq_integrity
        9090.0  ANOMALY_FLAG            spot=176 rule=seq_integrity
        9120.0  ANOMALY_FLAG            spot=207 rule=rate_outlier
        9270.0  ANOMALY_FLAG            spot=401 rule=seq_integrity
        9270.0  ANOMALY_FLAG            spot=230 rule=seq_integrity
        9300.0  ANOMALY_FLAG            spot=94 rule=seq_integrity
        9570.0  ANOMALY_FLAG            spot=376 rule=seq_integrity
        9930.0  ANOMALY_FLAG            spot=38 rule=seq_integrity
        9960.0  ANOMALY_FLAG            spot=404 rule=seq_integrity
        9960.0  ANOMALY_FLAG            spot=184 rule=seq_integrity
       10050.0  ANOMALY_FLAG            spot=337 rule=seq_integrity
       10200.0  ANOMALY_FLAG            spot=94 rule=seq_integrity
       10380.0  ANOMALY_FLAG            spot=184 rule=seq_integrity
       10590.0  ANOMALY_FLAG            spot=124 rule=seq_integrity
       10620.0  ANOMALY_FLAG            spot=124 rule=rate_outlier
       10800.0  ANOMALY_FLAG            spot=234 rule=seq_integrity
       10800.0  ANOMALY_FLAG            spot=45 rule=seq_integrity
       10950.0  ANOMALY_FLAG            spot=332 rule=seq_integrity
       10950.0  ANOMALY_FLAG            spot=184 rule=seq_integrity
       10980.0  ANOMALY_FLAG            spot=320 rule=seq_integrity
       11250.0  ANOMALY_FLAG            spot=94 rule=seq_integrity
       11280.0  ANOMALY_FLAG            spot=124 rule=seq_integrity
       11280.0  ANOMALY_FLAG            spot=230 rule=seq_integrity
       11370.0  ANOMALY_FLAG            spot=436 rule=seq_integrity
       11400.0  ANOMALY_FLAG            spot=436 rule=rate_outlier
       11430.0  ANOMALY_FLAG            spot=124 rule=seq_integrity
       11430.0  ANOMALY_FLAG            spot=404 rule=seq_integrity
       11430.0  ANOMALY_FLAG            spot=111 rule=seq_integrity
       11670.0  ANOMALY_FLAG            spot=153 rule=seq_integrity
       11700.0  ANOMALY_FLAG            spot=45 rule=seq_integrity
       11760.0  ANOMALY_FLAG            spot=94 rule=seq_integrity
       11790.0  ANOMALY_FLAG            spot=152 rule=seq_integrity
       11820.0  ANOMALY_FLAG            spot=207 rule=seq_integrity
       11820.0  ANOMALY_FLAG            spot=184 rule=seq_integrity
       11850.0  ANOMALY_FLAG            spot=440 rule=seq_integrity
       11940.0  ANOMALY_FLAG            spot=436 rule=seq_integrity
       12090.0  ANOMALY_FLAG            spot=240 rule=seq_integrity
       12510.0  ANOMALY_FLAG            spot=436 rule=seq_integrity
       12570.0  ANOMALY_FLAG            spot=404 rule=rate_outlier
       12570.0  ANOMALY_FLAG            spot=404 rule=seq_integrity
       12840.0  QUARANTINE_ADD          spot=234 incidents=5 rules=['seq_integrity']
       12840.0  ANOMALY_FLAG            spot=234 rule=seq_integrity
       12870.0  ANOMALY_FLAG            spot=142 rule=seq_integrity
       12960.0  ANOMALY_FLAG            spot=215 rule=seq_integrity
       13020.0  ANOMALY_FLAG            spot=45 rule=seq_integrity
       13050.0  ANOMALY_FLAG            spot=436 rule=rate_outlier
       13050.0  ANOMALY_FLAG            spot=436 rule=seq_integrity
       13200.0  ANOMALY_FLAG            spot=114 rule=seq_integrity
       13230.0  ANOMALY_FLAG            spot=436 rule=seq_integrity
       13440.0  ANOMALY_FLAG            spot=436 rule=rate_outlier
       13650.0  ANOMALY_FLAG            spot=45 rule=seq_integrity
       13710.0  ANOMALY_FLAG            spot=253 rule=seq_integrity
       13770.0  ANOMALY_FLAG            spot=142 rule=seq_integrity
       13800.0  ANOMALY_FLAG            spot=94 rule=seq_integrity
       14130.0  ANOMALY_FLAG            spot=94 rule=seq_integrity
       14340.0  ANOMALY_FLAG            spot=214 rule=seq_integrity
       14400.0  ANOMALY_FLAG            spot=45 rule=seq_integrity
       14580.0  ANOMALY_FLAG            spot=320 rule=seq_integrity
       14640.0  ANOMALY_FLAG            spot=45 rule=seq_integrity
       14880.0  ANOMALY_FLAG            spot=230 rule=seq_integrity
       15030.0  ANOMALY_FLAG            spot=124 rule=seq_integrity
       15030.0  ANOMALY_FLAG            spot=404 rule=seq_integrity
       15030.0  ANOMALY_FLAG            spot=111 rule=seq_integrity
       15120.0  ANOMALY_FLAG            spot=214 rule=seq_integrity
       15270.0  ANOMALY_FLAG            spot=153 rule=seq_integrity
       15270.0  ANOMALY_FLAG            spot=45 rule=seq_integrity
       15300.0  ANOMALY_FLAG            spot=234 rule=seq_integrity
       15390.0  ANOMALY_FLAG            spot=214 rule=seq_integrity
       15390.0  ANOMALY_FLAG            spot=152 rule=seq_integrity
       15420.0  ANOMALY_FLAG            spot=207 rule=seq_integrity
       15420.0  ANOMALY_FLAG            spot=184 rule=seq_integrity
       15450.0  ANOMALY_FLAG            spot=436 rule=rate_outlier
       15480.0  ANOMALY_FLAG            spot=436 rule=seq_integrity
       15540.0  ANOMALY_FLAG            spot=404 rule=rate_outlier
       15540.0  ANOMALY_FLAG            spot=404 rule=seq_integrity
       15810.0  ANOMALY_FLAG            spot=214 rule=seq_integrity
       15870.0  QUARANTINE_RELEASE      spot=176 reason=score recovered (5 clean ticks)
       15960.0  ANOMALY_FLAG            spot=76 rule=seq_integrity
       16020.0  ANOMALY_FLAG            spot=214 rule=seq_integrity
       16080.0  ANOMALY_FLAG            spot=114 rule=seq_integrity
       16110.0  ANOMALY_FLAG            spot=436 rule=seq_integrity
       16140.0  ANOMALY_FLAG            spot=184 rule=seq_integrity
       16290.0  ANOMALY_FLAG            spot=176 rule=seq_integrity
       16380.0  ANOMALY_FLAG            spot=398 rule=seq_integrity
       16410.0  ANOMALY_FLAG            spot=180 rule=seq_integrity
       16470.0  ANOMALY_FLAG            spot=142 rule=seq_integrity
       16560.0  ANOMALY_FLAG            spot=436 rule=rate_outlier
       16560.0  ANOMALY_FLAG            spot=436 rule=seq_integrity
       16800.0  ANOMALY_FLAG            spot=149 rule=seq_integrity
       17190.0  ANOMALY_FLAG            spot=176 rule=seq_integrity
       17250.0  ANOMALY_FLAG            spot=440 rule=seq_integrity
       17370.0  ANOMALY_FLAG            spot=142 rule=seq_integrity
       17790.0  ANOMALY_FLAG            spot=45 rule=seq_integrity
       18000.0  ANOMALY_FLAG            spot=45 rule=seq_integrity
       18150.0  ANOMALY_FLAG            spot=144 rule=seq_integrity
       18180.0  ANOMALY_FLAG            spot=320 rule=seq_integrity
       18300.0  ANOMALY_FLAG            spot=436 rule=seq_integrity
       18360.0  ANOMALY_FLAG            spot=436 rule=rate_outlier
       18360.0  ANOMALY_FLAG            spot=436 rule=seq_integrity
       18630.0  ANOMALY_FLAG            spot=94 rule=seq_integrity
       18630.0  ANOMALY_FLAG            spot=124 rule=seq_integrity
       18720.0  ANOMALY_FLAG            spot=234 rule=seq_integrity
       18750.0  ANOMALY_FLAG            spot=45 rule=seq_integrity
       18900.0  ANOMALY_FLAG            spot=234 rule=seq_integrity
       19020.0  ANOMALY_FLAG            spot=207 rule=seq_integrity
       19020.0  ANOMALY_FLAG            spot=184 rule=seq_integrity
       19080.0  ANOMALY_FLAG            spot=45 rule=seq_integrity
       19140.0  ANOMALY_FLAG            spot=152 rule=seq_integrity
       19200.0  ANOMALY_FLAG            spot=94 rule=seq_integrity
       19380.0  ANOMALY_FLAG            spot=230 rule=seq_integrity
       19470.0  ANOMALY_FLAG            spot=404 rule=seq_integrity
       19530.0  ANOMALY_FLAG            spot=111 rule=seq_integrity
       19620.0  ANOMALY_FLAG            spot=214 rule=seq_integrity
       19740.0  ANOMALY_FLAG            spot=436 rule=seq_integrity
       19770.0  ANOMALY_FLAG            spot=153 rule=seq_integrity
       19860.0  ANOMALY_FLAG            spot=440 rule=seq_integrity
       19920.0  ANOMALY_FLAG            spot=121 rule=seq_integrity
       19950.0  ANOMALY_FLAG            spot=404 rule=rate_outlier
       19950.0  ANOMALY_FLAG            spot=404 rule=seq_integrity
       20100.0  ANOMALY_FLAG            spot=45 rule=seq_integrity
       20100.0  ANOMALY_FLAG            spot=94 rule=seq_integrity
       20370.0  ANOMALY_FLAG            spot=152 rule=seq_integrity
       20490.0  ANOMALY_FLAG            spot=436 rule=seq_integrity
       20580.0  ANOMALY_FLAG            spot=114 rule=seq_integrity
       20640.0  ANOMALY_FLAG            spot=436 rule=rate_outlier
       20790.0  QUARANTINE_ADD          spot=152 incidents=5 rules=['seq_integrity']
       20790.0  QUARANTINE_ADD          spot=176 incidents=7 rules=['seq_integrity']
       20790.0  ANOMALY_FLAG            spot=152 rule=seq_integrity
       20790.0  ANOMALY_FLAG            spot=176 rule=seq_integrity
       20850.0  ANOMALY_FLAG            spot=440 rule=seq_integrity
       20850.0  ANOMALY_FLAG            spot=436 rule=seq_integrity
       20910.0  ANOMALY_FLAG            spot=404 rule=seq_integrity
       20970.0  ANOMALY_FLAG            spot=142 rule=seq_integrity
       21000.0  ANOMALY_FLAG            spot=207 rule=seq_integrity
       21300.0  ANOMALY_FLAG            spot=440 rule=seq_integrity
       21450.0  ANOMALY_FLAG            spot=419 rule=seq_integrity
       21450.0  ANOMALY_FLAG            spot=431 rule=seq_integrity
       21510.0  ANOMALY_FLAG            spot=154 rule=seq_integrity
       21780.0  ANOMALY_FLAG            spot=320 rule=seq_integrity
       21870.0  ANOMALY_FLAG            spot=142 rule=seq_integrity
       22020.0  ANOMALY_FLAG            spot=387 rule=seq_integrity
       22080.0  ANOMALY_FLAG            spot=230 rule=seq_integrity
       22230.0  ANOMALY_FLAG            spot=404 rule=rate_outlier
       22230.0  ANOMALY_FLAG            spot=404 rule=seq_integrity
       22260.0  QUARANTINE_ADD          spot=440 incidents=6 rules=['seq_integrity']
       22260.0  ANOMALY_FLAG            spot=440 rule=seq_integrity
       22290.0  ANOMALY_FLAG            spot=436 rule=seq_integrity
       22320.0  ANOMALY_FLAG            spot=214 rule=seq_integrity
       22350.0  ANOMALY_FLAG            spot=320 rule=seq_integrity
       22500.0  ANOMALY_FLAG            spot=234 rule=seq_integrity
       22530.0  ANOMALY_FLAG            spot=259 rule=seq_integrity
       22620.0  ANOMALY_FLAG            spot=207 rule=seq_integrity
       22770.0  ANOMALY_FLAG            spot=142 rule=seq_integrity
       22980.0  ANOMALY_FLAG            spot=230 rule=seq_integrity
       23130.0  ANOMALY_FLAG            spot=404 rule=seq_integrity
       23130.0  ANOMALY_FLAG            spot=111 rule=seq_integrity
       23220.0  ANOMALY_FLAG            spot=214 rule=seq_integrity
       23340.0  ANOMALY_FLAG            spot=436 rule=seq_integrity
       23340.0  ANOMALY_FLAG            spot=404 rule=seq_integrity
       23370.0  ANOMALY_FLAG            spot=153 rule=seq_integrity
       23400.0  ANOMALY_FLAG            spot=45 rule=seq_integrity
       23490.0  ANOMALY_FLAG            spot=176 rule=seq_integrity
       23700.0  ANOMALY_FLAG            spot=94 rule=seq_integrity
       23880.0  ANOMALY_FLAG            spot=454 rule=seq_integrity
       23910.0  ANOMALY_FLAG            spot=436 rule=seq_integrity
       23940.0  ANOMALY_FLAG            spot=207 rule=seq_integrity
       23940.0  ANOMALY_FLAG            spot=207 rule=rate_outlier
       24120.0  ANOMALY_FLAG            spot=404 rule=seq_integrity
       24150.0  ANOMALY_FLAG            spot=179 rule=seq_integrity
       24180.0  ANOMALY_FLAG            spot=114 rule=seq_integrity
       24240.0  ANOMALY_FLAG            spot=436 rule=rate_outlier
       24390.0  ANOMALY_FLAG            spot=152 rule=seq_integrity
       24390.0  ANOMALY_FLAG            spot=176 rule=seq_integrity
       24420.0  ANOMALY_FLAG            spot=184 rule=seq_integrity
       24450.0  ANOMALY_FLAG            spot=207 rule=seq_integrity
       24510.0  ANOMALY_FLAG            spot=142 rule=seq_integrity
       24600.0  ANOMALY_FLAG            spot=142 rule=seq_integrity
       24600.0  ANOMALY_FLAG            spot=94 rule=seq_integrity
       24870.0  ANOMALY_FLAG            spot=440 rule=seq_integrity
       25050.0  ANOMALY_FLAG            spot=320 rule=rate_outlier
       25050.0  ANOMALY_FLAG            spot=320 rule=seq_integrity
       25080.0  ANOMALY_FLAG            spot=207 rule=seq_integrity
       25110.0  ANOMALY_FLAG            spot=142 rule=rate_outlier
       25110.0  ANOMALY_FLAG            spot=142 rule=seq_integrity
       25110.0  ANOMALY_FLAG            spot=404 rule=rate_outlier
       25110.0  ANOMALY_FLAG            spot=404 rule=seq_integrity
       25260.0  ANOMALY_FLAG            spot=442 rule=seq_integrity
       25380.0  ANOMALY_FLAG            spot=320 rule=seq_integrity
       25440.0  ANOMALY_FLAG            spot=207 rule=seq_integrity
       25680.0  ANOMALY_FLAG            spot=230 rule=seq_integrity
       25770.0  ANOMALY_FLAG            spot=436 rule=seq_integrity
       25830.0  ANOMALY_FLAG            spot=124 rule=seq_integrity
       25950.0  ANOMALY_FLAG            spot=176 rule=seq_integrity
       26010.0  ANOMALY_FLAG            spot=153 rule=seq_integrity
       26100.0  ANOMALY_FLAG            spot=45 rule=seq_integrity
       26190.0  ANOMALY_FLAG            spot=176 rule=seq_integrity
       26220.0  ANOMALY_FLAG            spot=207 rule=seq_integrity
       26340.0  ANOMALY_FLAG            spot=207 rule=seq_integrity
       26520.0  ANOMALY_FLAG            spot=320 rule=seq_integrity
       26550.0  ANOMALY_FLAG            spot=320 rule=rate_outlier
       26580.0  ANOMALY_FLAG            spot=230 rule=seq_integrity
       26730.0  ANOMALY_FLAG            spot=142 rule=seq_integrity
       26730.0  ANOMALY_FLAG            spot=404 rule=seq_integrity
       26730.0  ANOMALY_FLAG            spot=111 rule=seq_integrity
       26820.0  ANOMALY_FLAG            spot=214 rule=seq_integrity
       26940.0  ANOMALY_FLAG            spot=436 rule=seq_integrity
       27000.0  ANOMALY_FLAG            spot=436 rule=seq_integrity
       27000.0  ANOMALY_FLAG            spot=45 rule=seq_integrity
       27030.0  ANOMALY_FLAG            spot=230 rule=seq_integrity
       27300.0  ANOMALY_FLAG            spot=94 rule=seq_integrity
       27330.0  ANOMALY_FLAG            spot=225 rule=seq_integrity
       27330.0  ANOMALY_FLAG            spot=214 rule=seq_integrity
       27330.0  ANOMALY_FLAG            spot=320 rule=seq_integrity
       27330.0  ANOMALY_FLAG            spot=176 rule=seq_integrity
       27690.0  ANOMALY_FLAG            spot=142 rule=seq_integrity
       27720.0  ANOMALY_FLAG            spot=124 rule=seq_integrity
       27810.0  ANOMALY_FLAG            spot=436 rule=seq_integrity
       27810.0  ANOMALY_FLAG            spot=184 rule=seq_integrity
       27840.0  ANOMALY_FLAG            spot=436 rule=rate_outlier
       27870.0  ANOMALY_FLAG            spot=153 rule=seq_integrity
       27900.0  ANOMALY_FLAG            spot=258 rule=seq_integrity
       27900.0  ANOMALY_FLAG            spot=207 rule=seq_integrity
       27990.0  ANOMALY_FLAG            spot=152 rule=seq_integrity
       27990.0  ANOMALY_FLAG            spot=176 rule=seq_integrity
       28020.0  ANOMALY_FLAG            spot=446 rule=seq_integrity
       28020.0  ANOMALY_FLAG            spot=184 rule=seq_integrity
       28200.0  ANOMALY_FLAG            spot=436 rule=seq_integrity
       28200.0  ANOMALY_FLAG            spot=94 rule=seq_integrity
       28440.0  ANOMALY_FLAG            spot=124 rule=seq_integrity
       28530.0  ANOMALY_FLAG            spot=124 rule=seq_integrity
       28560.0  ANOMALY_FLAG            spot=404 rule=rate_outlier
       28560.0  ANOMALY_FLAG            spot=404 rule=seq_integrity
       28650.0  ANOMALY_FLAG            spot=142 rule=seq_integrity
       28650.0  ANOMALY_FLAG            spot=404 rule=seq_integrity
       28740.0  ANOMALY_FLAG            spot=207 rule=seq_integrity
       28800.0  ANOMALY_FLAG            spot=207 rule=seq_integrity
       28860.0  ANOMALY_FLAG            spot=404 rule=seq_integrity
       28920.0  ANOMALY_FLAG            spot=207 rule=rate_outlier
       28950.0  ANOMALY_FLAG            spot=440 rule=seq_integrity
       28980.0  ANOMALY_FLAG            spot=320 rule=seq_integrity
       29070.0  ANOMALY_FLAG            spot=45 rule=seq_integrity
       29400.0  ANOMALY_FLAG            spot=404 rule=seq_integrity
       29430.0  ANOMALY_FLAG            spot=124 rule=seq_integrity
       29700.0  ANOMALY_FLAG            spot=234 rule=seq_integrity
       29760.0  ANOMALY_FLAG            spot=176 rule=seq_integrity
       29820.0  ANOMALY_FLAG            spot=207 rule=seq_integrity
       30180.0  ANOMALY_FLAG            spot=230 rule=seq_integrity
       30330.0  ANOMALY_FLAG            spot=184 rule=seq_integrity
       30330.0  ANOMALY_FLAG            spot=404 rule=seq_integrity
       30330.0  ANOMALY_FLAG            spot=111 rule=seq_integrity
       30390.0  ANOMALY_FLAG            spot=442 rule=seq_integrity
       30420.0  ANOMALY_FLAG            spot=214 rule=seq_integrity
       30480.0  ANOMALY_FLAG            spot=486 rule=seq_integrity
       30540.0  ANOMALY_FLAG            spot=436 rule=seq_integrity
       30750.0  ANOMALY_FLAG            spot=285 rule=seq_integrity
       30810.0  ANOMALY_FLAG            spot=234 rule=seq_integrity
       30870.0  ANOMALY_FLAG            spot=436 rule=seq_integrity
       30900.0  ANOMALY_FLAG            spot=94 rule=seq_integrity
       30930.0  ANOMALY_FLAG            spot=180 rule=seq_integrity
       30930.0  ANOMALY_FLAG            spot=214 rule=seq_integrity
       30960.0  ANOMALY_FLAG            spot=45 rule=seq_integrity
       31020.0  ANOMALY_FLAG            spot=276 rule=seq_integrity
       31080.0  ANOMALY_FLAG            spot=320 rule=seq_integrity
       31080.0  ANOMALY_FLAG            spot=320 rule=rate_outlier
       31080.0  ANOMALY_FLAG            spot=230 rule=seq_integrity
       31170.0  ANOMALY_FLAG            spot=440 rule=seq_integrity
       31200.0  ANOMALY_FLAG            spot=102 rule=seq_integrity
       31440.0  ANOMALY_FLAG            spot=436 rule=rate_outlier
       31500.0  QUARANTINE_RELEASE      spot=114 reason=score recovered (5 clean ticks)
       31560.0  ANOMALY_FLAG            spot=184 rule=seq_integrity
       31590.0  ANOMALY_FLAG            spot=152 rule=seq_integrity
       31590.0  ANOMALY_FLAG            spot=176 rule=seq_integrity
       31710.0  ANOMALY_FLAG            spot=207 rule=seq_integrity
       31800.0  ANOMALY_FLAG            spot=94 rule=seq_integrity
       31860.0  ANOMALY_FLAG            spot=114 rule=seq_integrity
       32280.0  ANOMALY_FLAG            spot=114 rule=seq_integrity
       32280.0  ANOMALY_FLAG            spot=263 rule=seq_integrity
       32310.0  ANOMALY_FLAG            spot=320 rule=seq_integrity
       32370.0  ANOMALY_FLAG            spot=153 rule=seq_integrity
       32490.0  ANOMALY_FLAG            spot=207 rule=seq_integrity
       32520.0  ANOMALY_FLAG            spot=207 rule=rate_outlier
       32550.0  ANOMALY_FLAG            spot=214 rule=seq_integrity
       32580.0  ANOMALY_FLAG            spot=320 rule=rate_outlier
       32580.0  ANOMALY_FLAG            spot=320 rule=seq_integrity
       32670.0  ANOMALY_FLAG            spot=294 rule=seq_integrity
       32670.0  ANOMALY_FLAG            spot=142 rule=seq_integrity
       32790.0  ANOMALY_FLAG            spot=94 rule=seq_integrity
       32880.0  ANOMALY_FLAG            spot=124 rule=seq_integrity
       33120.0  ANOMALY_FLAG            spot=214 rule=seq_integrity
       33240.0  ANOMALY_FLAG            spot=214 rule=seq_integrity
       33420.0  ANOMALY_FLAG            spot=207 rule=seq_integrity
       33420.0  ANOMALY_FLAG            spot=404 rule=seq_integrity
       33450.0  ANOMALY_FLAG            spot=404 rule=rate_outlier
       33570.0  ANOMALY_FLAG            spot=142 rule=seq_integrity
       33780.0  ANOMALY_FLAG            spot=230 rule=seq_integrity
       33900.0  ANOMALY_FLAG            spot=19 rule=seq_integrity
       33930.0  ANOMALY_FLAG            spot=124 rule=seq_integrity
       33930.0  ANOMALY_FLAG            spot=404 rule=seq_integrity
       33930.0  ANOMALY_FLAG            spot=111 rule=seq_integrity
       34020.0  ANOMALY_FLAG            spot=487 rule=seq_integrity
       34020.0  ANOMALY_FLAG            spot=214 rule=seq_integrity
       34080.0  ANOMALY_FLAG            spot=114 rule=seq_integrity
       34110.0  ANOMALY_FLAG            spot=428 rule=seq_integrity
       34140.0  ANOMALY_FLAG            spot=436 rule=seq_integrity
       34200.0  ANOMALY_FLAG            spot=234 rule=seq_integrity
       34260.0  ANOMALY_FLAG            spot=214 rule=seq_integrity
       34290.0  ANOMALY_FLAG            spot=473 rule=seq_integrity
       34350.0  ANOMALY_FLAG            spot=440 rule=seq_integrity
       34410.0  ANOMALY_FLAG            spot=207 rule=seq_integrity
       34410.0  ANOMALY_FLAG            spot=404 rule=seq_integrity
       34440.0  ANOMALY_FLAG            spot=404 rule=rate_outlier
       34440.0  ANOMALY_FLAG            spot=207 rule=rate_outlier
       34560.0  ANOMALY_FLAG            spot=436 rule=rate_outlier
       34560.0  ANOMALY_FLAG            spot=436 rule=seq_integrity
       34560.0  ANOMALY_FLAG            spot=214 rule=seq_integrity
       34620.0  ANOMALY_FLAG            spot=440 rule=seq_integrity
       34680.0  ANOMALY_FLAG            spot=230 rule=seq_integrity
       34740.0  ANOMALY_FLAG            spot=207 rule=seq_integrity
       34890.0  QUARANTINE_ADD          spot=114 incidents=5 rules=['seq_integrity']
       34890.0  ANOMALY_FLAG            spot=114 rule=seq_integrity
       34950.0  ANOMALY_FLAG            spot=124 rule=rate_outlier
       34950.0  ANOMALY_FLAG            spot=124 rule=seq_integrity
       35100.0  ANOMALY_FLAG            spot=45 rule=seq_integrity
       35190.0  ANOMALY_FLAG            spot=403 rule=seq_integrity
       35190.0  ANOMALY_FLAG            spot=152 rule=seq_integrity
       35220.0  ANOMALY_FLAG            spot=184 rule=seq_integrity
       35280.0  ANOMALY_FLAG            spot=46 rule=seq_integrity
       35670.0  ANOMALY_FLAG            spot=256 rule=seq_integrity
       35730.0  ANOMALY_FLAG            spot=309 rule=seq_integrity
       35760.0  ANOMALY_FLAG            spot=114 rule=seq_integrity
       35790.0  ANOMALY_FLAG            spot=214 rule=seq_integrity
       35880.0  ANOMALY_FLAG            spot=114 rule=seq_integrity
       35940.0  ANOMALY_FLAG            spot=124 rule=seq_integrity
       35970.0  ANOMALY_FLAG            spot=124 rule=rate_outlier
       35970.0  ANOMALY_FLAG            spot=153 rule=seq_integrity
       35970.0  ANOMALY_FLAG            spot=184 rule=seq_integrity
       36030.0  ANOMALY_FLAG            spot=153 rule=seq_integrity
       36090.0  ANOMALY_FLAG            spot=176 rule=seq_integrity
       36180.0  ANOMALY_FLAG            spot=320 rule=seq_integrity
       36210.0  ANOMALY_FLAG            spot=436 rule=seq_integrity
       36270.0  ANOMALY_FLAG            spot=142 rule=seq_integrity
       36540.0  ANOMALY_FLAG            spot=387 rule=seq_integrity
       36720.0  ANOMALY_FLAG            spot=404 rule=seq_integrity
       36840.0  ANOMALY_FLAG            spot=272 rule=seq_integrity
       36870.0  ANOMALY_FLAG            spot=310 rule=seq_integrity
       37020.0  ANOMALY_FLAG            spot=207 rule=seq_integrity
       37140.0  ANOMALY_FLAG            spot=72 rule=seq_integrity
       37170.0  ANOMALY_FLAG            spot=237 rule=seq_integrity
       37170.0  ANOMALY_FLAG            spot=142 rule=seq_integrity
       37380.0  ANOMALY_FLAG            spot=230 rule=seq_integrity
       37440.0  ANOMALY_FLAG            spot=404 rule=seq_integrity
       37530.0  ANOMALY_FLAG            spot=124 rule=seq_integrity
       37530.0  ANOMALY_FLAG            spot=404 rule=seq_integrity
       37530.0  ANOMALY_FLAG            spot=111 rule=seq_integrity
       37740.0  ANOMALY_FLAG            spot=436 rule=seq_integrity
       37800.0  ANOMALY_FLAG            spot=234 rule=seq_integrity
       37830.0  ANOMALY_FLAG            spot=436 rule=seq_integrity
       38040.0  ANOMALY_FLAG            spot=244 rule=seq_integrity
       38100.0  ANOMALY_FLAG            spot=256 rule=seq_integrity
       38100.0  ANOMALY_FLAG            spot=94 rule=seq_integrity
       38280.0  ANOMALY_FLAG            spot=230 rule=seq_integrity
       38400.0  ANOMALY_FLAG            spot=207 rule=seq_integrity
       38400.0  ANOMALY_FLAG            spot=207 rule=rate_outlier
       38460.0  ANOMALY_FLAG            spot=94 rule=seq_integrity
       38700.0  ANOMALY_FLAG            spot=45 rule=seq_integrity
       38820.0  ANOMALY_FLAG            spot=184 rule=seq_integrity
       38850.0  ANOMALY_FLAG            spot=440 rule=seq_integrity
       38880.0  ANOMALY_FLAG            spot=441 rule=seq_integrity
       39150.0  ANOMALY_FLAG            spot=111 rule=seq_integrity
       39330.0  ANOMALY_FLAG            spot=111 rule=rate_outlier
       39420.0  ANOMALY_FLAG            spot=214 rule=seq_integrity
       39480.0  ANOMALY_FLAG            spot=114 rule=seq_integrity
       39690.0  ANOMALY_FLAG            spot=184 rule=seq_integrity
       39690.0  ANOMALY_FLAG            spot=176 rule=seq_integrity
       39780.0  ANOMALY_FLAG            spot=320 rule=seq_integrity
       39810.0  ANOMALY_FLAG            spot=150 rule=seq_integrity
       40260.0  ANOMALY_FLAG            spot=207 rule=seq_integrity
       40440.0  ANOMALY_FLAG            spot=404 rule=seq_integrity
       40470.0  ANOMALY_FLAG            spot=153 rule=seq_integrity
       40500.0  ANOMALY_FLAG            spot=94 rule=seq_integrity
       40500.0  ANOMALY_FLAG            spot=214 rule=seq_integrity
       40590.0  ANOMALY_FLAG            spot=152 rule=seq_integrity
       40590.0  ANOMALY_FLAG            spot=176 rule=seq_integrity
       40620.0  ANOMALY_FLAG            spot=207 rule=seq_integrity
       40980.0  ANOMALY_FLAG            spot=230 rule=seq_integrity
       41130.0  ANOMALY_FLAG            spot=124 rule=seq_integrity
       41130.0  ANOMALY_FLAG            spot=404 rule=seq_integrity
       41130.0  ANOMALY_FLAG            spot=111 rule=seq_integrity
       41220.0  ANOMALY_FLAG            spot=404 rule=seq_integrity
       41310.0  ANOMALY_FLAG            spot=94 rule=seq_integrity
       41340.0  ANOMALY_FLAG            spot=436 rule=seq_integrity
       41670.0  ANOMALY_FLAG            spot=142 rule=seq_integrity
       41700.0  ANOMALY_FLAG            spot=94 rule=seq_integrity
       41820.0  QUARANTINE_ADD          spot=153 incidents=5 rules=['seq_integrity']
       41820.0  ANOMALY_FLAG            spot=153 rule=seq_integrity
       41880.0  ANOMALY_FLAG            spot=404 rule=seq_integrity
       41880.0  ANOMALY_FLAG            spot=197 rule=seq_integrity
       41880.0  ANOMALY_FLAG            spot=230 rule=seq_integrity
       42030.0  ANOMALY_FLAG            spot=404 rule=rate_outlier
       42060.0  ANOMALY_FLAG            spot=98 rule=seq_integrity
       42300.0  ANOMALY_FLAG            spot=72 rule=seq_integrity
       42300.0  ANOMALY_FLAG            spot=45 rule=seq_integrity
       42360.0  ANOMALY_FLAG            spot=404 rule=seq_integrity
       42450.0  ANOMALY_FLAG            spot=440 rule=seq_integrity
       42450.0  ANOMALY_FLAG            spot=94 rule=seq_integrity
       42540.0  ANOMALY_FLAG            spot=153 rule=seq_integrity
       42540.0  ANOMALY_FLAG            spot=64 rule=seq_integrity
       42600.0  ANOMALY_FLAG            spot=94 rule=seq_integrity
       43020.0  ANOMALY_FLAG            spot=164 rule=seq_integrity
       43200.0  ANOMALY_FLAG            spot=207 rule=seq_integrity
       43200.0  ANOMALY_FLAG            spot=234 rule=seq_integrity
       43290.0  ANOMALY_FLAG            spot=124 rule=seq_integrity
       43290.0  ANOMALY_FLAG            spot=176 rule=seq_integrity
       43320.0  ANOMALY_FLAG            spot=124 rule=rate_outlier
       43320.0  ANOMALY_FLAG            spot=184 rule=seq_integrity
       43380.0  ANOMALY_FLAG            spot=320 rule=seq_integrity
       43920.0  ANOMALY_FLAG            spot=214 rule=seq_integrity
       43950.0  ANOMALY_FLAG            spot=152 rule=seq_integrity
       43980.0  ANOMALY_FLAG            spot=114 rule=seq_integrity
       44130.0  ANOMALY_FLAG            spot=111 rule=seq_integrity
       44160.0  ANOMALY_FLAG            spot=111 rule=rate_outlier
       44190.0  ANOMALY_FLAG            spot=152 rule=seq_integrity
       44190.0  ANOMALY_FLAG            spot=176 rule=seq_integrity
       44220.0  ANOMALY_FLAG            spot=207 rule=seq_integrity
       44310.0  ANOMALY_FLAG            spot=207 rule=seq_integrity
       44340.0  ANOMALY_FLAG            spot=207 rule=rate_outlier
       44370.0  ANOMALY_FLAG            spot=142 rule=seq_integrity
       44730.0  ANOMALY_FLAG            spot=124 rule=seq_integrity
       44730.0  ANOMALY_FLAG            spot=111 rule=seq_integrity
       44820.0  ANOMALY_FLAG            spot=214 rule=seq_integrity
       44910.0  ANOMALY_FLAG            spot=114 rule=seq_integrity
       44940.0  ANOMALY_FLAG            spot=436 rule=seq_integrity
       45210.0  ANOMALY_FLAG            spot=111 rule=seq_integrity
       45270.0  ANOMALY_FLAG            spot=142 rule=seq_integrity
       45300.0  ANOMALY_FLAG            spot=94 rule=seq_integrity
       45330.0  ANOMALY_FLAG            spot=230 rule=seq_integrity
       45450.0  ANOMALY_FLAG            spot=184 rule=seq_integrity
       45480.0  ANOMALY_FLAG            spot=230 rule=seq_integrity
       45630.0  ANOMALY_FLAG            spot=404 rule=seq_integrity
       45660.0  ANOMALY_FLAG            spot=153 rule=seq_integrity
       45690.0  ANOMALY_FLAG            spot=230 rule=seq_integrity
       45900.0  ANOMALY_FLAG            spot=45 rule=seq_integrity
       45960.0  ANOMALY_FLAG            spot=371 rule=seq_integrity
       46050.0  ANOMALY_FLAG            spot=182 rule=seq_integrity
       46050.0  ANOMALY_FLAG            spot=440 rule=seq_integrity
       46200.0  ANOMALY_FLAG            spot=94 rule=seq_integrity
       46290.0  ANOMALY_FLAG            spot=207 rule=seq_integrity
       46290.0  ANOMALY_FLAG            spot=207 rule=rate_outlier
       46380.0  ANOMALY_FLAG            spot=386 rule=seq_integrity
       46800.0  ANOMALY_FLAG            spot=234 rule=seq_integrity
       46800.0  ANOMALY_FLAG            spot=45 rule=seq_integrity
       46890.0  ANOMALY_FLAG            spot=176 rule=seq_integrity
       46920.0  ANOMALY_FLAG            spot=230 rule=seq_integrity
       46920.0  ANOMALY_FLAG            spot=184 rule=seq_integrity
       46980.0  ANOMALY_FLAG            spot=28 rule=seq_integrity
       46980.0  ANOMALY_FLAG            spot=320 rule=seq_integrity
       47130.0  ANOMALY_FLAG            spot=361 rule=seq_integrity
       47220.0  ANOMALY_FLAG            spot=153 rule=seq_integrity
       47520.0  ANOMALY_FLAG            spot=434 rule=seq_integrity
       47670.0  ANOMALY_FLAG            spot=153 rule=seq_integrity
       47670.0  ANOMALY_FLAG            spot=214 rule=seq_integrity
       47790.0  ANOMALY_FLAG            spot=152 rule=seq_integrity
       47820.0  ANOMALY_FLAG            spot=207 rule=seq_integrity
       47970.0  ANOMALY_FLAG            spot=142 rule=seq_integrity
       48000.0  ANOMALY_FLAG            spot=456 rule=seq_integrity
       48060.0  ANOMALY_FLAG            spot=47 rule=seq_integrity
       48060.0  ANOMALY_FLAG            spot=230 rule=seq_integrity
       48150.0  ANOMALY_FLAG            spot=90 rule=seq_integrity
       48330.0  ANOMALY_FLAG            spot=124 rule=seq_integrity
       48330.0  ANOMALY_FLAG            spot=111 rule=seq_integrity
       48360.0  ANOMALY_FLAG            spot=320 rule=seq_integrity
       48420.0  ANOMALY_FLAG            spot=214 rule=seq_integrity
       48540.0  ANOMALY_FLAG            spot=436 rule=seq_integrity
       48660.0  ANOMALY_FLAG            spot=353 rule=seq_integrity
       48720.0  ANOMALY_FLAG            spot=207 rule=seq_integrity
       48780.0  ANOMALY_FLAG            spot=320 rule=rate_outlier
       48840.0  ANOMALY_FLAG            spot=98 rule=seq_integrity
       48840.0  ANOMALY_FLAG            spot=230 rule=seq_integrity
       48900.0  ANOMALY_FLAG            spot=94 rule=seq_integrity
       48900.0  ANOMALY_FLAG            spot=27 rule=seq_integrity
       48990.0  ANOMALY_FLAG            spot=111 rule=seq_integrity
       49080.0  ANOMALY_FLAG            spot=230 rule=seq_integrity
       49230.0  ANOMALY_FLAG            spot=404 rule=seq_integrity
       49410.0  ANOMALY_FLAG            spot=207 rule=seq_integrity
       49410.0  ANOMALY_FLAG            spot=207 rule=rate_outlier
       49650.0  ANOMALY_FLAG            spot=440 rule=seq_integrity
       49830.0  ANOMALY_FLAG            spot=478 rule=seq_integrity
       49860.0  ANOMALY_FLAG            spot=320 rule=seq_integrity
       49950.0  ANOMALY_FLAG            spot=230 rule=seq_integrity
       50130.0  ANOMALY_FLAG            spot=111 rule=seq_integrity
       50400.0  ANOMALY_FLAG            spot=440 rule=seq_integrity
       50400.0  ANOMALY_FLAG            spot=234 rule=seq_integrity
       50520.0  ANOMALY_FLAG            spot=184 rule=seq_integrity
       50580.0  ANOMALY_FLAG            spot=320 rule=seq_integrity
       50670.0  ANOMALY_FLAG            spot=114 rule=seq_integrity
       50790.0  ANOMALY_FLAG            spot=320 rule=seq_integrity
       50790.0  ANOMALY_FLAG            spot=115 rule=stuck
       50910.0  ANOMALY_FLAG            spot=96 rule=stuck
       50940.0  ANOMALY_FLAG            spot=443 rule=seq_integrity
       50940.0  ANOMALY_FLAG            spot=108 rule=stuck
       51120.0  ANOMALY_FLAG            spot=81 rule=stuck
       51270.0  ANOMALY_FLAG            spot=227 rule=stuck
       51390.0  ANOMALY_FLAG            spot=382 rule=seq_integrity
       51390.0  ANOMALY_FLAG            spot=152 rule=seq_integrity
       51420.0  ANOMALY_FLAG            spot=207 rule=seq_integrity
       51510.0  QUARANTINE_ADD          spot=115 incidents=5 rules=['stuck']
       51570.0  ANOMALY_FLAG            spot=142 rule=seq_integrity
       51600.0  ANOMALY_FLAG            spot=230 rule=seq_integrity
       51630.0  QUARANTINE_ADD          spot=96 incidents=5 rules=['stuck']
       51660.0  QUARANTINE_ADD          spot=108 incidents=5 rules=['stuck']
       51780.0  ANOMALY_FLAG            spot=230 rule=seq_integrity
       51810.0  ANOMALY_FLAG            spot=166 rule=stuck
       51840.0  QUARANTINE_ADD          spot=81 incidents=5 rules=['stuck']
       51900.0  ANOMALY_FLAG            spot=184 rule=seq_integrity
       51930.0  ANOMALY_FLAG            spot=124 rule=seq_integrity
       51930.0  ANOMALY_FLAG            spot=111 rule=seq_integrity
       51990.0  QUARANTINE_ADD          spot=227 incidents=5 rules=['stuck']
       52140.0  ANOMALY_FLAG            spot=436 rule=seq_integrity
       52170.0  ANOMALY_FLAG            spot=184 rule=seq_integrity
       52200.0  ANOMALY_FLAG            spot=45 rule=seq_integrity
       52200.0  ANOMALY_FLAG            spot=320 rule=seq_integrity
       52320.0  ANOMALY_FLAG            spot=54 rule=seq_integrity
       52470.0  ANOMALY_FLAG            spot=142 rule=seq_integrity
       52500.0  ANOMALY_FLAG            spot=94 rule=seq_integrity
       52500.0  ANOMALY_FLAG            spot=111 rule=seq_integrity
       52530.0  QUARANTINE_ADD          spot=166 incidents=5 rules=['stuck']
       52560.0  ANOMALY_FLAG            spot=440 rule=seq_integrity
       52650.0  ANOMALY_FLAG            spot=348 rule=seq_integrity
       52740.0  ANOMALY_FLAG            spot=111 rule=seq_integrity
       52830.0  ANOMALY_FLAG            spot=404 rule=seq_integrity
       52920.0  ANOMALY_FLAG            spot=214 rule=seq_integrity
       53100.0  ANOMALY_FLAG            spot=230 rule=seq_integrity
       53310.0  QUARANTINE_RELEASE      spot=176 reason=score recovered (5 clean ticks)
       53370.0  ANOMALY_FLAG            spot=436 rule=seq_integrity
       53370.0  ANOMALY_FLAG            spot=184 rule=seq_integrity
       53400.0  ANOMALY_FLAG            spot=94 rule=seq_integrity
       53430.0  ANOMALY_FLAG            spot=404 rule=seq_integrity
       53460.0  ANOMALY_FLAG            spot=124 rule=seq_integrity
       53490.0  ANOMALY_FLAG            spot=404 rule=seq_integrity
       53550.0  ANOMALY_FLAG            spot=436 rule=seq_integrity
       53580.0  ANOMALY_FLAG            spot=230 rule=seq_integrity
       53730.0  ANOMALY_FLAG            spot=124 rule=rate_outlier
       53820.0  ANOMALY_FLAG            spot=214 rule=seq_integrity
       53880.0  ANOMALY_FLAG            spot=114 rule=seq_integrity
       53940.0  ANOMALY_FLAG            spot=436 rule=rate_outlier
       53970.0  ANOMALY_FLAG            spot=320 rule=seq_integrity
       54000.0  ANOMALY_FLAG            spot=234 rule=seq_integrity
       54000.0  ANOMALY_FLAG            spot=436 rule=seq_integrity
       54090.0  ANOMALY_FLAG            spot=176 rule=seq_integrity
       54120.0  ANOMALY_FLAG            spot=436 rule=seq_integrity
       54150.0  ANOMALY_FLAG            spot=440 rule=seq_integrity
       54180.0  ANOMALY_FLAG            spot=320 rule=rate_outlier
       54180.0  ANOMALY_FLAG            spot=320 rule=seq_integrity
       54300.0  ANOMALY_FLAG            spot=111 rule=rate_outlier
       54300.0  ANOMALY_FLAG            spot=111 rule=seq_integrity
       54450.0  ANOMALY_FLAG            spot=234 rule=seq_integrity
       54480.0  ANOMALY_FLAG            spot=230 rule=seq_integrity
       54510.0  ANOMALY_FLAG            spot=234 rule=seq_integrity
       54600.0  ANOMALY_FLAG            spot=124 rule=seq_integrity
       54660.0  ANOMALY_FLAG            spot=152 rule=seq_integrity
       54750.0  ANOMALY_FLAG            spot=152 rule=seq_integrity
       54930.0  ANOMALY_FLAG            spot=234 rule=seq_integrity
       54990.0  QUARANTINE_RELEASE      spot=153 reason=score recovered (5 clean ticks)
       55020.0  ANOMALY_FLAG            spot=207 rule=seq_integrity
       55200.0  ANOMALY_FLAG            spot=142 rule=seq_integrity
       55260.0  ANOMALY_FLAG            spot=142 rule=seq_integrity
       55320.0  ANOMALY_FLAG            spot=436 rule=seq_integrity
       55320.0  ANOMALY_FLAG            spot=124 rule=seq_integrity
       55380.0  ANOMALY_FLAG            spot=436 rule=rate_outlier
       55380.0  ANOMALY_FLAG            spot=436 rule=seq_integrity
       55500.0  ANOMALY_FLAG            spot=404 rule=seq_integrity
       55530.0  ANOMALY_FLAG            spot=124 rule=seq_integrity
       55530.0  ANOMALY_FLAG            spot=111 rule=seq_integrity
       55680.0  ANOMALY_FLAG            spot=124 rule=seq_integrity
       55710.0  ANOMALY_FLAG            spot=404 rule=seq_integrity
       55740.0  ANOMALY_FLAG            spot=436 rule=seq_integrity
       55770.0  ANOMALY_FLAG            spot=153 rule=seq_integrity
       55950.0  ANOMALY_FLAG            spot=230 rule=seq_integrity
       56070.0  ANOMALY_FLAG            spot=142 rule=seq_integrity
       56100.0  ANOMALY_FLAG            spot=94 rule=seq_integrity
       56160.0  ANOMALY_FLAG            spot=404 rule=seq_integrity
       56220.0  ANOMALY_FLAG            spot=404 rule=rate_outlier
       56220.0  ANOMALY_FLAG            spot=404 rule=seq_integrity
       56280.0  ANOMALY_FLAG            spot=124 rule=seq_integrity
       56280.0  ANOMALY_FLAG            spot=230 rule=seq_integrity
       56340.0  ANOMALY_FLAG            spot=320 rule=seq_integrity
       56340.0  ANOMALY_FLAG            spot=111 rule=seq_integrity
       56430.0  ANOMALY_FLAG            spot=404 rule=seq_integrity
       56490.0  ANOMALY_FLAG            spot=320 rule=seq_integrity
       56850.0  ANOMALY_FLAG            spot=436 rule=seq_integrity
       56970.0  ANOMALY_FLAG            spot=142 rule=seq_integrity
       57000.0  ANOMALY_FLAG            spot=94 rule=seq_integrity
       57090.0  ANOMALY_FLAG            spot=111 rule=seq_integrity
       57150.0  ANOMALY_FLAG            spot=394 rule=seq_integrity
       57270.0  ANOMALY_FLAG            spot=184 rule=seq_integrity
       57390.0  ANOMALY_FLAG            spot=124 rule=seq_integrity
       57420.0  ANOMALY_FLAG            spot=230 rule=seq_integrity
       57510.0  ANOMALY_FLAG            spot=436 rule=seq_integrity
       57600.0  ANOMALY_FLAG            spot=45 rule=seq_integrity
       57690.0  ANOMALY_FLAG            spot=45 rule=seq_integrity
       57720.0  ANOMALY_FLAG            spot=142 rule=seq_integrity
       57720.0  ANOMALY_FLAG            spot=184 rule=seq_integrity
       57750.0  ANOMALY_FLAG            spot=440 rule=seq_integrity
       57780.0  ANOMALY_FLAG            spot=320 rule=seq_integrity
       58200.0  ANOMALY_FLAG            spot=320 rule=rate_outlier
       58200.0  ANOMALY_FLAG            spot=45 rule=seq_integrity
       58200.0  ANOMALY_FLAG            spot=320 rule=seq_integrity
       58230.0  ANOMALY_FLAG            spot=124 rule=seq_integrity
       58320.0  ANOMALY_FLAG            spot=111 rule=seq_integrity
       58500.0  ANOMALY_FLAG            spot=234 rule=seq_integrity
       58530.0  ANOMALY_FLAG            spot=230 rule=seq_integrity
       58620.0  ANOMALY_FLAG            spot=207 rule=seq_integrity
       58740.0  ANOMALY_FLAG            spot=207 rule=seq_integrity
       58800.0  ANOMALY_FLAG            spot=111 rule=seq_integrity
       58860.0  ANOMALY_FLAG            spot=404 rule=seq_integrity
       58920.0  ANOMALY_FLAG            spot=142 rule=seq_integrity
       58920.0  ANOMALY_FLAG            spot=230 rule=seq_integrity
       59040.0  ANOMALY_FLAG            spot=207 rule=seq_integrity
       59040.0  ANOMALY_FLAG            spot=207 rule=rate_outlier
       59130.0  ANOMALY_FLAG            spot=124 rule=seq_integrity
       59130.0  ANOMALY_FLAG            spot=111 rule=seq_integrity
       59220.0  ANOMALY_FLAG            spot=320 rule=seq_integrity
       59250.0  ANOMALY_FLAG            spot=124 rule=seq_integrity
       59340.0  ANOMALY_FLAG            spot=436 rule=seq_integrity
       59370.0  ANOMALY_FLAG            spot=153 rule=seq_integrity
       59370.0  ANOMALY_FLAG            spot=214 rule=seq_integrity
       59430.0  ANOMALY_FLAG            spot=320 rule=seq_integrity
       59490.0  ANOMALY_FLAG            spot=152 rule=seq_integrity
       59550.0  ANOMALY_FLAG            spot=436 rule=seq_integrity
       59580.0  ANOMALY_FLAG            spot=152 rule=seq_integrity
       59610.0  ANOMALY_FLAG            spot=184 rule=seq_integrity
       59760.0  ANOMALY_FLAG            spot=111 rule=seq_integrity
       60030.0  ANOMALY_FLAG            spot=404 rule=seq_integrity
       60060.0  ANOMALY_FLAG            spot=320 rule=seq_integrity
       60120.0  ANOMALY_FLAG            spot=214 rule=seq_integrity
       60210.0  ANOMALY_FLAG            spot=436 rule=seq_integrity
       60300.0  ANOMALY_FLAG            spot=45 rule=seq_integrity
       60570.0  ANOMALY_FLAG            spot=142 rule=seq_integrity
       60570.0  ANOMALY_FLAG            spot=184 rule=seq_integrity
       60600.0  ANOMALY_FLAG            spot=94 rule=seq_integrity
       60660.0  ANOMALY_FLAG            spot=142 rule=seq_integrity
       60690.0  ANOMALY_FLAG            spot=207 rule=seq_integrity
       60780.0  ANOMALY_FLAG            spot=230 rule=seq_integrity
       61200.0  QUARANTINE_RELEASE      spot=114 reason=score recovered (5 clean ticks)
       61290.0  ANOMALY_FLAG            spot=176 rule=seq_integrity
       61320.0  ANOMALY_FLAG            spot=184 rule=seq_integrity
       61380.0  ANOMALY_FLAG            spot=320 rule=seq_integrity
       61470.0  ANOMALY_FLAG            spot=142 rule=seq_integrity
       61470.0  ANOMALY_FLAG            spot=230 rule=seq_integrity
       61500.0  ANOMALY_FLAG            spot=94 rule=seq_integrity
       61680.0  ANOMALY_FLAG            spot=230 rule=seq_integrity
       62190.0  ANOMALY_FLAG            spot=176 rule=seq_integrity
       62220.0  ANOMALY_FLAG            spot=207 rule=seq_integrity
       62280.0  ANOMALY_FLAG            spot=230 rule=seq_integrity
       62520.0  ANOMALY_FLAG            spot=111 rule=seq_integrity
       62610.0  QUARANTINE_ADD          spot=176 incidents=6 rules=['seq_integrity']
       62610.0  ANOMALY_FLAG            spot=176 rule=seq_integrity
       62730.0  ANOMALY_FLAG            spot=111 rule=rate_outlier
       62730.0  ANOMALY_FLAG            spot=124 rule=seq_integrity
       62730.0  ANOMALY_FLAG            spot=111 rule=seq_integrity
       62940.0  ANOMALY_FLAG            spot=436 rule=seq_integrity
       62970.0  ANOMALY_FLAG            spot=153 rule=seq_integrity
       63090.0  ANOMALY_FLAG            spot=152 rule=seq_integrity
       63090.0  ANOMALY_FLAG            spot=176 rule=seq_integrity
       63270.0  ANOMALY_FLAG            spot=142 rule=seq_integrity
       63540.0  ANOMALY_FLAG            spot=230 rule=seq_integrity
       63630.0  ANOMALY_FLAG            spot=404 rule=seq_integrity
       63660.0  ANOMALY_FLAG            spot=214 rule=seq_integrity
       63720.0  ANOMALY_FLAG            spot=214 rule=seq_integrity
       63900.0  ANOMALY_FLAG            spot=45 rule=seq_integrity
       64230.0  ANOMALY_FLAG            spot=94 rule=seq_integrity
       64380.0  ANOMALY_FLAG            spot=230 rule=seq_integrity
       64470.0  ANOMALY_FLAG            spot=45 rule=seq_integrity
       64800.0  ANOMALY_FLAG            spot=234 rule=seq_integrity
       64800.0  ANOMALY_FLAG            spot=45 rule=seq_integrity
       64920.0  ANOMALY_FLAG            spot=184 rule=seq_integrity
       64950.0  ANOMALY_FLAG            spot=440 rule=seq_integrity
       64980.0  ANOMALY_FLAG            spot=320 rule=seq_integrity
       65100.0  ANOMALY_FLAG            spot=94 rule=seq_integrity
       65280.0  ANOMALY_FLAG            spot=230 rule=seq_integrity
       65520.0  ANOMALY_FLAG            spot=214 rule=seq_integrity
       65790.0  ANOMALY_FLAG            spot=230 rule=seq_integrity
       65820.0  ANOMALY_FLAG            spot=207 rule=seq_integrity
       66180.0  ANOMALY_FLAG            spot=230 rule=seq_integrity
       66330.0  ANOMALY_FLAG            spot=124 rule=seq_integrity
       66330.0  ANOMALY_FLAG            spot=111 rule=seq_integrity
       66390.0  ANOMALY_FLAG            spot=230 rule=seq_integrity
       66540.0  ANOMALY_FLAG            spot=436 rule=seq_integrity
       66570.0  ANOMALY_FLAG            spot=153 rule=seq_integrity
       66690.0  ANOMALY_FLAG            spot=176 rule=seq_integrity
       66870.0  ANOMALY_FLAG            spot=142 rule=seq_integrity
       67080.0  ANOMALY_FLAG            spot=230 rule=seq_integrity
       67590.0  ANOMALY_FLAG            spot=152 rule=seq_integrity
       67590.0  ANOMALY_FLAG            spot=176 rule=seq_integrity
       67770.0  ANOMALY_FLAG            spot=142 rule=seq_integrity
       67800.0  ANOMALY_FLAG            spot=94 rule=seq_integrity
       68130.0  ANOMALY_FLAG            spot=404 rule=seq_integrity
       68220.0  ANOMALY_FLAG            spot=214 rule=seq_integrity
       68520.0  ANOMALY_FLAG            spot=184 rule=seq_integrity
       68580.0  ANOMALY_FLAG            spot=320 rule=seq_integrity
       69120.0  ANOMALY_FLAG            spot=114 rule=seq_integrity
       69180.0  ANOMALY_FLAG            spot=114 rule=seq_integrity
       69300.0  ANOMALY_FLAG            spot=45 rule=seq_integrity
       69300.0  ANOMALY_FLAG            spot=124 rule=seq_integrity
       69420.0  ANOMALY_FLAG            spot=207 rule=seq_integrity
       69780.0  ANOMALY_FLAG            spot=230 rule=seq_integrity
       69930.0  ANOMALY_FLAG            spot=124 rule=seq_integrity
       69930.0  ANOMALY_FLAG            spot=111 rule=seq_integrity
       70140.0  ANOMALY_FLAG            spot=436 rule=seq_integrity
       70170.0  ANOMALY_FLAG            spot=153 rule=seq_integrity
       70200.0  ANOMALY_FLAG            spot=234 rule=seq_integrity
       70680.0  ANOMALY_FLAG            spot=124 rule=seq_integrity
       70740.0  ANOMALY_FLAG            spot=436 rule=seq_integrity
       70740.0  ANOMALY_FLAG            spot=114 rule=seq_integrity
       70800.0  ANOMALY_FLAG            spot=234 rule=seq_integrity
       71190.0  ANOMALY_FLAG            spot=152 rule=seq_integrity
       71190.0  ANOMALY_FLAG            spot=234 rule=seq_integrity
       71190.0  ANOMALY_FLAG            spot=176 rule=seq_integrity
       71250.0  ANOMALY_FLAG            spot=440 rule=seq_integrity
       71400.0  ANOMALY_FLAG            spot=94 rule=seq_integrity
       71820.0  ANOMALY_FLAG            spot=214 rule=seq_integrity
       72000.0  ANOMALY_FLAG            spot=45 rule=seq_integrity
       72180.0  ANOMALY_FLAG            spot=320 rule=seq_integrity
       72270.0  ANOMALY_FLAG            spot=142 rule=seq_integrity
       72300.0  ANOMALY_FLAG            spot=94 rule=seq_integrity
       72720.0  ANOMALY_FLAG            spot=214 rule=seq_integrity
       72780.0  ANOMALY_FLAG            spot=114 rule=seq_integrity
       72810.0  ANOMALY_FLAG            spot=295 rule=silent
       72900.0  ANOMALY_FLAG            spot=45 rule=seq_integrity
       73020.0  ANOMALY_FLAG            spot=207 rule=seq_integrity
       73020.0  ANOMALY_FLAG            spot=184 rule=seq_integrity
       73170.0  ANOMALY_FLAG            spot=142 rule=seq_integrity
       73530.0  QUARANTINE_ADD          spot=295 incidents=5 rules=['silent']
       73530.0  ANOMALY_FLAG            spot=124 rule=seq_integrity
       73530.0  ANOMALY_FLAG            spot=111 rule=seq_integrity
       73740.0  ANOMALY_FLAG            spot=436 rule=seq_integrity
       73800.0  ANOMALY_FLAG            spot=234 rule=seq_integrity
       74280.0  ANOMALY_FLAG            spot=230 rule=seq_integrity
       74670.0  ANOMALY_FLAG            spot=153 rule=seq_integrity
       74850.0  ANOMALY_FLAG            spot=440 rule=seq_integrity
       75180.0  ANOMALY_FLAG            spot=230 rule=seq_integrity
       75270.0  ANOMALY_FLAG            spot=440 rule=seq_integrity
       75330.0  ANOMALY_FLAG            spot=404 rule=seq_integrity
       75420.0  ANOMALY_FLAG            spot=214 rule=seq_integrity
       75600.0  ANOMALY_FLAG            spot=45 rule=seq_integrity
       75690.0  ANOMALY_FLAG            spot=152 rule=seq_integrity
       75690.0  ANOMALY_FLAG            spot=176 rule=seq_integrity
       75780.0  ANOMALY_FLAG            spot=320 rule=seq_integrity
       75870.0  ANOMALY_FLAG            spot=142 rule=seq_integrity
       75900.0  ANOMALY_FLAG            spot=94 rule=seq_integrity
       76320.0  ANOMALY_FLAG            spot=214 rule=seq_integrity
       76500.0  ANOMALY_FLAG            spot=45 rule=seq_integrity
       76620.0  ANOMALY_FLAG            spot=207 rule=seq_integrity
       76770.0  ANOMALY_FLAG            spot=142 rule=seq_integrity
       76800.0  ANOMALY_FLAG            spot=94 rule=seq_integrity
       77130.0  ANOMALY_FLAG            spot=124 rule=seq_integrity
       77130.0  ANOMALY_FLAG            spot=111 rule=seq_integrity
       77340.0  ANOMALY_FLAG            spot=436 rule=seq_integrity
       77520.0  ANOMALY_FLAG            spot=184 rule=seq_integrity
       77880.0  ANOMALY_FLAG            spot=230 rule=seq_integrity
       78180.0  ANOMALY_FLAG            spot=114 rule=seq_integrity
       78270.0  ANOMALY_FLAG            spot=153 rule=seq_integrity
       78390.0  ANOMALY_FLAG            spot=176 rule=seq_integrity
       78450.0  ANOMALY_FLAG            spot=440 rule=seq_integrity
       78780.0  ANOMALY_FLAG            spot=230 rule=seq_integrity
       78930.0  ANOMALY_FLAG            spot=404 rule=seq_integrity
       79200.0  ANOMALY_FLAG            spot=234 rule=seq_integrity
       79200.0  ANOMALY_FLAG            spot=153 rule=seq_integrity
       79290.0  ANOMALY_FLAG            spot=152 rule=seq_integrity
       79290.0  ANOMALY_FLAG            spot=176 rule=seq_integrity
       79380.0  ANOMALY_FLAG            spot=320 rule=seq_integrity
       79500.0  ANOMALY_FLAG            spot=94 rule=seq_integrity
       79920.0  ANOMALY_FLAG            spot=214 rule=seq_integrity
       80010.0  ANOMALY_FLAG            spot=207 rule=seq_integrity
       80100.0  ANOMALY_FLAG            spot=45 rule=seq_integrity
       80220.0  ANOMALY_FLAG            spot=207 rule=seq_integrity
       80610.0  ANOMALY_FLAG            spot=404 rule=seq_integrity
       80730.0  ANOMALY_FLAG            spot=124 rule=seq_integrity
       80730.0  ANOMALY_FLAG            spot=111 rule=seq_integrity
       80940.0  ANOMALY_FLAG            spot=436 rule=seq_integrity
       81270.0  ANOMALY_FLAG            spot=142 rule=seq_integrity
       81480.0  ANOMALY_FLAG            spot=230 rule=seq_integrity
       81570.0  ANOMALY_FLAG            spot=404 rule=seq_integrity
       81600.0  QUARANTINE_RELEASE      spot=295 reason=score recovered (5 clean ticks)
       81990.0  ANOMALY_FLAG            spot=176 rule=seq_integrity
       82170.0  ANOMALY_FLAG            spot=142 rule=seq_integrity
       82380.0  ANOMALY_FLAG            spot=230 rule=seq_integrity
       82530.0  ANOMALY_FLAG            spot=404 rule=seq_integrity
       82620.0  ANOMALY_FLAG            spot=214 rule=seq_integrity
       82770.0  ANOMALY_FLAG            spot=153 rule=seq_integrity
       82890.0  ANOMALY_FLAG            spot=176 rule=seq_integrity
       82950.0  ANOMALY_FLAG            spot=440 rule=seq_integrity
       82980.0  ANOMALY_FLAG            spot=320 rule=seq_integrity
       83040.0  ANOMALY_FLAG            spot=124 rule=seq_integrity
       83490.0  ANOMALY_FLAG            spot=124 rule=seq_integrity
       83520.0  ANOMALY_FLAG            spot=214 rule=seq_integrity
       83700.0  ANOMALY_FLAG            spot=234 rule=seq_integrity
       83700.0  ANOMALY_FLAG            spot=45 rule=seq_integrity
       83790.0  ANOMALY_FLAG            spot=152 rule=seq_integrity
       83820.0  ANOMALY_FLAG            spot=207 rule=seq_integrity
       83820.0  ANOMALY_FLAG            spot=184 rule=seq_integrity
       84000.0  ANOMALY_FLAG            spot=94 rule=seq_integrity
       84150.0  ANOMALY_FLAG            spot=234 rule=seq_integrity
       84330.0  ANOMALY_FLAG            spot=124 rule=seq_integrity
       84330.0  ANOMALY_FLAG            spot=111 rule=seq_integrity
       84540.0  ANOMALY_FLAG            spot=436 rule=seq_integrity
       84870.0  ANOMALY_FLAG            spot=142 rule=seq_integrity
       84900.0  ANOMALY_FLAG            spot=94 rule=seq_integrity
       85320.0  ANOMALY_FLAG            spot=152 rule=seq_integrity
       85500.0  ANOMALY_FLAG            spot=45 rule=seq_integrity
       85770.0  ANOMALY_FLAG            spot=142 rule=seq_integrity
       85980.0  ANOMALY_FLAG            spot=230 rule=seq_integrity
       86370.0  ANOMALY_FLAG            spot=153 rule=seq_integrity
