Scenario Log: A5_edge_anomaly
Architecture: edge_filtered   Protocol: mqtt
Traffic: peak   Spots: 500   Duration: 86400s
========================================================================

SUMMARY
  Anomalies detected    : 949
  Anomalies resolved    : 937
  Active at end         : 12
  Affected spots        : 31
  Quarantined at end    : 28
  Quarantine suppressed : 49
  Heartbeats suppressed : 33026
  Adaptive mode switches: 0

EVENT LOG
  t_virtual(s)  event                   detail
------------------------------------------------------------------------
         150.0  ANOMALY_FLAG            spot=324 rule=seq_integrity
         210.0  ANOMALY_FLAG            spot=289 rule=seq_integrity
         300.0  ANOMALY_FLAG            spot=322 rule=seq_integrity
         390.0  QUARANTINE_ADD          spot=104 incidents=5 rules=['seq_integrity']
         390.0  ANOMALY_FLAG            spot=104 rule=seq_integrity
         420.0  ANOMALY_FLAG            spot=42 rule=seq_integrity
         630.0  ANOMALY_FLAG            spot=490 rule=seq_integrity
         660.0  ANOMALY_FLAG            spot=258 rule=seq_integrity
         720.0  QUARANTINE_ADD          spot=289 incidents=6 rules=['seq_integrity']
         720.0  ANOMALY_FLAG            spot=289 rule=seq_integrity
         780.0  QUARANTINE_ADD          spot=224 incidents=7 rules=['seq_integrity']
         780.0  ANOMALY_FLAG            spot=224 rule=seq_integrity
         810.0  ANOMALY_FLAG            spot=164 rule=seq_integrity
         840.0  QUARANTINE_ADD          spot=285 incidents=8 rules=['seq_integrity']
         840.0  ANOMALY_FLAG            spot=285 rule=seq_integrity
         990.0  ANOMALY_FLAG            spot=470 rule=seq_integrity
        1050.0  ANOMALY_FLAG            spot=324 rule=seq_integrity
        1170.0  ANOMALY_FLAG            spot=164 rule=seq_integrity
        1380.0  ANOMALY_FLAG            spot=42 rule=seq_integrity
        1410.0  ANOMALY_FLAG            spot=435 rule=seq_integrity
        1530.0  ANOMALY_FLAG            spot=376 rule=seq_integrity
        1560.0  ANOMALY_FLAG            spot=354 rule=seq_integrity
        1710.0  ANOMALY_FLAG            spot=285 rule=seq_integrity
        1710.0  ANOMALY_FLAG            spot=164 rule=seq_integrity
        1800.0  ANOMALY_FLAG            spot=435 rule=seq_integrity
        1830.0  ANOMALY_FLAG            spot=308 rule=seq_integrity
        1950.0  QUARANTINE_ADD          spot=490 incidents=10 rules=['seq_integrity']
        1950.0  ANOMALY_FLAG            spot=490 rule=seq_integrity
        2070.0  ANOMALY_FLAG            spot=285 rule=seq_integrity
        2070.0  ANOMALY_FLAG            spot=285 rule=rate_outlier
        2100.0  QUARANTINE_ADD          spot=324 incidents=5 rules=['seq_integrity']
        2100.0  ANOMALY_FLAG            spot=324 rule=seq_integrity
        2100.0  ANOMALY_FLAG            spot=376 rule=seq_integrity
        2160.0  ANOMALY_FLAG            spot=428 rule=seq_integrity
        2250.0  ANOMALY_FLAG            spot=354 rule=seq_integrity
        2280.0  ANOMALY_FLAG            spot=65 rule=seq_integrity
        2310.0  QUARANTINE_ADD          spot=435 incidents=5 rules=['seq_integrity']
        2310.0  ANOMALY_FLAG            spot=435 rule=seq_integrity
        2430.0  ANOMALY_FLAG            spot=376 rule=seq_integrity
        2850.0  ANOMALY_FLAG            spot=324 rule=seq_integrity
        3060.0  ANOMALY_FLAG            spot=428 rule=seq_integrity
        3180.0  ANOMALY_FLAG            spot=285 rule=seq_integrity
        3240.0  ANOMALY_FLAG            spot=376 rule=seq_integrity
        3750.0  ANOMALY_FLAG            spot=65 rule=seq_integrity
        3780.0  ANOMALY_FLAG            spot=435 rule=seq_integrity
        3780.0  ANOMALY_FLAG            spot=308 rule=seq_integrity
        3870.0  ANOMALY_FLAG            spot=324 rule=seq_integrity
        3900.0  ANOMALY_FLAG            spot=322 rule=seq_integrity
        3930.0  QUARANTINE_ADD          spot=376 incidents=5 rules=['seq_integrity']
        3930.0  ANOMALY_FLAG            spot=176 rule=seq_integrity
        3930.0  ANOMALY_FLAG            spot=376 rule=seq_integrity
        3960.0  ANOMALY_FLAG            spot=428 rule=seq_integrity
        4020.0  ANOMALY_FLAG            spot=104 rule=seq_integrity
        4020.0  ANOMALY_FLAG            spot=308 rule=seq_integrity
        4020.0  ANOMALY_FLAG            spot=224 rule=seq_integrity
        4050.0  ANOMALY_FLAG            spot=354 rule=seq_integrity
        4110.0  ANOMALY_FLAG            spot=435 rule=seq_integrity
        4140.0  ANOMALY_FLAG            spot=490 rule=seq_integrity
        4170.0  ANOMALY_FLAG            spot=258 rule=seq_integrity
        4170.0  ANOMALY_FLAG            spot=376 rule=seq_integrity
        4200.0  ANOMALY_FLAG            spot=285 rule=seq_integrity
        4230.0  ANOMALY_FLAG            spot=490 rule=seq_integrity
        4230.0  ANOMALY_FLAG            spot=376 rule=seq_integrity
        4260.0  ANOMALY_FLAG            spot=258 rule=seq_integrity
        4260.0  ANOMALY_FLAG            spot=324 rule=seq_integrity
        4320.0  ANOMALY_FLAG            spot=289 rule=seq_integrity
        4350.0  QUARANTINE_ADD          spot=164 incidents=7 rules=['seq_integrity']
        4350.0  ANOMALY_FLAG            spot=258 rule=seq_integrity
        4350.0  ANOMALY_FLAG            spot=164 rule=seq_integrity
        4380.0  ANOMALY_FLAG            spot=224 rule=seq_integrity
        4410.0  ANOMALY_FLAG            spot=164 rule=seq_integrity
        4470.0  ANOMALY_FLAG            spot=490 rule=seq_integrity
        4560.0  ANOMALY_FLAG            spot=435 rule=seq_integrity
        4620.0  ANOMALY_FLAG            spot=285 rule=seq_integrity
        4650.0  ANOMALY_FLAG            spot=324 rule=seq_integrity
        4740.0  QUARANTINE_ADD          spot=322 incidents=9 rules=['seq_integrity']
        4740.0  ANOMALY_FLAG            spot=322 rule=seq_integrity
        4860.0  QUARANTINE_ADD          spot=428 incidents=5 rules=['seq_integrity']
        4860.0  ANOMALY_FLAG            spot=428 rule=seq_integrity
        4920.0  ANOMALY_FLAG            spot=42 rule=seq_integrity
        5010.0  ANOMALY_FLAG            spot=435 rule=seq_integrity
        5010.0  ANOMALY_FLAG            spot=104 rule=seq_integrity
        5100.0  ANOMALY_FLAG            spot=285 rule=seq_integrity
        5100.0  ANOMALY_FLAG            spot=376 rule=seq_integrity
        5100.0  ANOMALY_FLAG            spot=224 rule=seq_integrity
        5160.0  ANOMALY_FLAG            spot=285 rule=seq_integrity
        5160.0  ANOMALY_FLAG            spot=104 rule=rate_outlier
        5160.0  ANOMALY_FLAG            spot=354 rule=seq_integrity
        5280.0  ANOMALY_FLAG            spot=65 rule=seq_integrity
        5280.0  ANOMALY_FLAG            spot=376 rule=seq_integrity
        5310.0  ANOMALY_FLAG            spot=164 rule=seq_integrity
        5310.0  ANOMALY_FLAG            spot=224 rule=seq_integrity
        5340.0  ANOMALY_FLAG            spot=285 rule=seq_integrity
        5370.0  ANOMALY_FLAG            spot=324 rule=seq_integrity
        5430.0  ANOMALY_FLAG            spot=308 rule=seq_integrity
        5490.0  ANOMALY_FLAG            spot=176 rule=seq_integrity
        5610.0  ANOMALY_FLAG            spot=42 rule=seq_integrity
        5640.0  ANOMALY_FLAG            spot=104 rule=seq_integrity
        5760.0  QUARANTINE_ADD          spot=258 incidents=5 rules=['seq_integrity']
        5760.0  ANOMALY_FLAG            spot=258 rule=seq_integrity
        5790.0  ANOMALY_FLAG            spot=285 rule=seq_integrity
        5790.0  ANOMALY_FLAG            spot=435 rule=seq_integrity
        5880.0  ANOMALY_FLAG            spot=104 rule=seq_integrity
        5970.0  ANOMALY_FLAG            spot=179 rule=seq_integrity
        6030.0  ANOMALY_FLAG            spot=283 rule=seq_integrity
        6030.0  ANOMALY_FLAG            spot=376 rule=seq_integrity
        6090.0  ANOMALY_FLAG            spot=376 rule=seq_integrity
        6210.0  ANOMALY_FLAG            spot=154 rule=seq_integrity
        6270.0  ANOMALY_FLAG            spot=164 rule=seq_integrity
        6390.0  QUARANTINE_ADD          spot=176 incidents=6 rules=['seq_integrity']
        6390.0  ANOMALY_FLAG            spot=176 rule=seq_integrity
        6390.0  ANOMALY_FLAG            spot=470 rule=seq_integrity
        6540.0  ANOMALY_FLAG            spot=304 rule=seq_integrity
        6540.0  ANOMALY_FLAG            spot=104 rule=seq_integrity
        6570.0  ANOMALY_FLAG            spot=322 rule=seq_integrity
        6600.0  ANOMALY_FLAG            spot=322 rule=rate_outlier
        6660.0  ANOMALY_FLAG            spot=352 rule=seq_integrity
        6690.0  ANOMALY_FLAG            spot=490 rule=seq_integrity
        6720.0  ANOMALY_FLAG            spot=104 rule=rate_outlier
        6780.0  QUARANTINE_ADD          spot=65 incidents=5 rules=['seq_integrity']
        6780.0  ANOMALY_FLAG            spot=65 rule=seq_integrity
        6900.0  ANOMALY_FLAG            spot=435 rule=seq_integrity
        6900.0  ANOMALY_FLAG            spot=164 rule=seq_integrity
        6930.0  ANOMALY_FLAG            spot=490 rule=rate_outlier
        7050.0  ANOMALY_FLAG            spot=376 rule=seq_integrity
        7110.0  ANOMALY_FLAG            spot=225 rule=seq_integrity
        7230.0  ANOMALY_FLAG            spot=132 rule=silent
        7230.0  ANOMALY_FLAG            spot=317 rule=silent
        7230.0  ANOMALY_FLAG            spot=375 rule=silent
        7230.0  ANOMALY_FLAG            spot=389 rule=silent
        7230.0  ANOMALY_FLAG            spot=254 rule=silent
        7230.0  ANOMALY_FLAG            spot=119 rule=silent
        7260.0  ANOMALY_FLAG            spot=0 rule=seq_integrity
        7260.0  ANOMALY_FLAG            spot=476 rule=seq_integrity
        7320.0  QUARANTINE_ADD          spot=354 incidents=5 rules=['seq_integrity']
        7320.0  ANOMALY_FLAG            spot=354 rule=seq_integrity
        7320.0  ANOMALY_FLAG            spot=104 rule=seq_integrity
        7380.0  ANOMALY_FLAG            spot=63 rule=seq_integrity
        7500.0  QUARANTINE_ADD          spot=308 incidents=7 rules=['seq_integrity']
        7500.0  ANOMALY_FLAG            spot=308 rule=seq_integrity
        7500.0  ANOMALY_FLAG            spot=322 rule=seq_integrity
        7620.0  ANOMALY_FLAG            spot=104 rule=seq_integrity
        7680.0  ANOMALY_FLAG            spot=354 rule=seq_integrity
        7740.0  ANOMALY_FLAG            spot=224 rule=seq_integrity
        7770.0  ANOMALY_FLAG            spot=481 rule=seq_integrity
        7770.0  ANOMALY_FLAG            spot=224 rule=rate_outlier
        7800.0  ANOMALY_FLAG            spot=470 rule=seq_integrity
        7830.0  ANOMALY_FLAG            spot=490 rule=seq_integrity
        7860.0  ANOMALY_FLAG            spot=258 rule=seq_integrity
        7890.0  QUARANTINE_ADD          spot=42 incidents=5 rules=['seq_integrity']
        7890.0  ANOMALY_FLAG            spot=42 rule=seq_integrity
        7920.0  ANOMALY_FLAG            spot=289 rule=seq_integrity
        7950.0  QUARANTINE_ADD          spot=119 incidents=5 rules=['silent']
        7950.0  QUARANTINE_ADD          spot=132 incidents=5 rules=['silent']
        7950.0  QUARANTINE_ADD          spot=254 incidents=5 rules=['silent']
        7950.0  QUARANTINE_ADD          spot=317 incidents=5 rules=['silent']
        7950.0  QUARANTINE_ADD          spot=375 incidents=5 rules=['silent']
        7950.0  QUARANTINE_ADD          spot=389 incidents=5 rules=['silent']
        7950.0  ANOMALY_FLAG            spot=308 rule=seq_integrity
        7950.0  ANOMALY_FLAG            spot=376 rule=seq_integrity
        7980.0  ANOMALY_FLAG            spot=224 rule=seq_integrity
        8010.0  ANOMALY_FLAG            spot=164 rule=seq_integrity
        8040.0  ANOMALY_FLAG            spot=157 rule=seq_integrity
        8130.0  ANOMALY_FLAG            spot=435 rule=seq_integrity
        8190.0  QUARANTINE_ADD          spot=470 incidents=5 rules=['seq_integrity']
        8190.0  ANOMALY_FLAG            spot=470 rule=seq_integrity
        8400.0  ANOMALY_FLAG            spot=295 rule=seq_integrity
        8430.0  ANOMALY_FLAG            spot=259 rule=seq_integrity
        8460.0  ANOMALY_FLAG            spot=428 rule=seq_integrity
        8460.0  ANOMALY_FLAG            spot=322 rule=seq_integrity
        8550.0  ANOMALY_FLAG            spot=176 rule=seq_integrity
        8610.0  ANOMALY_FLAG            spot=435 rule=seq_integrity
        8640.0  ANOMALY_FLAG            spot=42 rule=seq_integrity
        8640.0  ANOMALY_FLAG            spot=32 rule=seq_integrity
        8700.0  ANOMALY_FLAG            spot=224 rule=seq_integrity
        8730.0  ANOMALY_FLAG            spot=376 rule=seq_integrity
        8910.0  ANOMALY_FLAG            spot=285 rule=seq_integrity
        8910.0  ANOMALY_FLAG            spot=164 rule=seq_integrity
        8940.0  ANOMALY_FLAG            spot=285 rule=rate_outlier
        9030.0  ANOMALY_FLAG            spot=308 rule=seq_integrity
        9030.0  ANOMALY_FLAG            spot=363 rule=seq_integrity
        9060.0  ANOMALY_FLAG            spot=376 rule=seq_integrity
        9090.0  ANOMALY_FLAG            spot=176 rule=seq_integrity
        9120.0  ANOMALY_FLAG            spot=224 rule=rate_outlier
        9120.0  ANOMALY_FLAG            spot=224 rule=seq_integrity
        9270.0  ANOMALY_FLAG            spot=42 rule=seq_integrity
        9270.0  ANOMALY_FLAG            spot=401 rule=seq_integrity
        9360.0  ANOMALY_FLAG            spot=428 rule=seq_integrity
        9420.0  ANOMALY_FLAG            spot=42 rule=seq_integrity
        9510.0  ANOMALY_FLAG            spot=435 rule=seq_integrity
        9570.0  ANOMALY_FLAG            spot=376 rule=seq_integrity
        9630.0  ANOMALY_FLAG            spot=376 rule=seq_integrity
        9660.0  ANOMALY_FLAG            spot=354 rule=seq_integrity
        9930.0  ANOMALY_FLAG            spot=38 rule=seq_integrity
        9990.0  ANOMALY_FLAG            spot=176 rule=seq_integrity
        9990.0  ANOMALY_FLAG            spot=470 rule=seq_integrity
       10050.0  ANOMALY_FLAG            spot=324 rule=seq_integrity
       10380.0  ANOMALY_FLAG            spot=65 rule=seq_integrity
       10560.0  ANOMALY_FLAG            spot=224 rule=seq_integrity
       10680.0  ANOMALY_FLAG            spot=224 rule=rate_outlier
       10740.0  ANOMALY_FLAG            spot=209 rule=seq_integrity
       10830.0  ANOMALY_FLAG            spot=354 rule=seq_integrity
       10830.0  ANOMALY_FLAG            spot=490 rule=seq_integrity
       10950.0  ANOMALY_FLAG            spot=332 rule=seq_integrity
       11100.0  ANOMALY_FLAG            spot=322 rule=seq_integrity
       11220.0  ANOMALY_FLAG            spot=104 rule=seq_integrity
       11340.0  ANOMALY_FLAG            spot=308 rule=seq_integrity
       11340.0  ANOMALY_FLAG            spot=376 rule=seq_integrity
       11430.0  ANOMALY_FLAG            spot=490 rule=seq_integrity
       11520.0  ANOMALY_FLAG            spot=289 rule=seq_integrity
       11640.0  ANOMALY_FLAG            spot=289 rule=seq_integrity
       11670.0  ANOMALY_FLAG            spot=289 rule=rate_outlier
       11730.0  ANOMALY_FLAG            spot=376 rule=seq_integrity
       11820.0  ANOMALY_FLAG            spot=435 rule=seq_integrity
       11970.0  ANOMALY_FLAG            spot=322 rule=seq_integrity
       12000.0  ANOMALY_FLAG            spot=381 rule=seq_integrity
       12210.0  ANOMALY_FLAG            spot=435 rule=seq_integrity
       12330.0  ANOMALY_FLAG            spot=376 rule=seq_integrity
       12390.0  ANOMALY_FLAG            spot=435 rule=seq_integrity
       12450.0  ANOMALY_FLAG            spot=490 rule=rate_outlier
       12450.0  ANOMALY_FLAG            spot=490 rule=seq_integrity
       12480.0  ANOMALY_FLAG            spot=224 rule=seq_integrity
       12540.0  ANOMALY_FLAG            spot=285 rule=seq_integrity
       12690.0  ANOMALY_FLAG            spot=176 rule=seq_integrity
       12840.0  ANOMALY_FLAG            spot=95 rule=seq_integrity
       12960.0  ANOMALY_FLAG            spot=215 rule=seq_integrity
       12960.0  ANOMALY_FLAG            spot=428 rule=seq_integrity
       13020.0  ANOMALY_FLAG            spot=42 rule=seq_integrity
       13050.0  ANOMALY_FLAG            spot=354 rule=seq_integrity
       13110.0  ANOMALY_FLAG            spot=435 rule=seq_integrity
       13200.0  ANOMALY_FLAG            spot=490 rule=seq_integrity
       13230.0  ANOMALY_FLAG            spot=490 rule=rate_outlier
       13230.0  ANOMALY_FLAG            spot=376 rule=seq_integrity
       13260.0  ANOMALY_FLAG            spot=354 rule=seq_integrity
       13410.0  ANOMALY_FLAG            spot=164 rule=seq_integrity
       13530.0  ANOMALY_FLAG            spot=490 rule=seq_integrity
       13530.0  ANOMALY_FLAG            spot=308 rule=seq_integrity
       13590.0  ANOMALY_FLAG            spot=470 rule=seq_integrity
       13590.0  ANOMALY_FLAG            spot=289 rule=seq_integrity
       13800.0  ANOMALY_FLAG            spot=322 rule=rate_outlier
       13800.0  ANOMALY_FLAG            spot=322 rule=seq_integrity
       13980.0  ANOMALY_FLAG            spot=65 rule=seq_integrity
       14010.0  ANOMALY_FLAG            spot=376 rule=seq_integrity
       14280.0  ANOMALY_FLAG            spot=322 rule=seq_integrity
       14310.0  ANOMALY_FLAG            spot=164 rule=seq_integrity
       14550.0  ANOMALY_FLAG            spot=324 rule=seq_integrity
       14700.0  ANOMALY_FLAG            spot=322 rule=seq_integrity
       14820.0  ANOMALY_FLAG            spot=104 rule=seq_integrity
       14910.0  ANOMALY_FLAG            spot=11 rule=seq_integrity
       15030.0  ANOMALY_FLAG            spot=490 rule=seq_integrity
       15060.0  ANOMALY_FLAG            spot=258 rule=seq_integrity
       15090.0  ANOMALY_FLAG            spot=289 rule=seq_integrity
       15150.0  ANOMALY_FLAG            spot=42 rule=seq_integrity
       15180.0  ANOMALY_FLAG            spot=355 rule=seq_integrity
       15240.0  ANOMALY_FLAG            spot=322 rule=seq_integrity
       15270.0  ANOMALY_FLAG            spot=376 rule=seq_integrity
       15570.0  ANOMALY_FLAG            spot=104 rule=seq_integrity
       15660.0  ANOMALY_FLAG            spot=428 rule=seq_integrity
       15870.0  ANOMALY_FLAG            spot=376 rule=seq_integrity
       15930.0  ANOMALY_FLAG            spot=376 rule=seq_integrity
       15960.0  ANOMALY_FLAG            spot=76 rule=seq_integrity
       16080.0  ANOMALY_FLAG            spot=224 rule=seq_integrity
       16140.0  ANOMALY_FLAG            spot=285 rule=seq_integrity
       16290.0  ANOMALY_FLAG            spot=176 rule=seq_integrity
       16320.0  ANOMALY_FLAG            spot=322 rule=seq_integrity
       16410.0  ANOMALY_FLAG            spot=180 rule=seq_integrity
       16530.0  ANOMALY_FLAG            spot=376 rule=seq_integrity
       16800.0  ANOMALY_FLAG            spot=149 rule=seq_integrity
       16830.0  ANOMALY_FLAG            spot=322 rule=rate_outlier
       16830.0  ANOMALY_FLAG            spot=322 rule=seq_integrity
       16890.0  ANOMALY_FLAG            spot=322 rule=seq_integrity
       17010.0  ANOMALY_FLAG            spot=164 rule=seq_integrity
       17100.0  ANOMALY_FLAG            spot=490 rule=rate_outlier
       17100.0  ANOMALY_FLAG            spot=490 rule=seq_integrity
       17130.0  ANOMALY_FLAG            spot=308 rule=seq_integrity
       17160.0  ANOMALY_FLAG            spot=470 rule=seq_integrity
       17190.0  ANOMALY_FLAG            spot=176 rule=seq_integrity
       17280.0  ANOMALY_FLAG            spot=435 rule=seq_integrity
       17280.0  ANOMALY_FLAG            spot=40 rule=seq_integrity
       17400.0  ANOMALY_FLAG            spot=104 rule=seq_integrity
       17430.0  ANOMALY_FLAG            spot=324 rule=seq_integrity
       17520.0  ANOMALY_FLAG            spot=104 rule=rate_outlier
       17520.0  ANOMALY_FLAG            spot=42 rule=seq_integrity
       17730.0  ANOMALY_FLAG            spot=289 rule=seq_integrity
       17760.0  ANOMALY_FLAG            spot=354 rule=seq_integrity
       17820.0  ANOMALY_FLAG            spot=289 rule=rate_outlier
       17820.0  ANOMALY_FLAG            spot=42 rule=seq_integrity
       17850.0  ANOMALY_FLAG            spot=104 rule=seq_integrity
       17910.0  ANOMALY_FLAG            spot=164 rule=seq_integrity
       18120.0  ANOMALY_FLAG            spot=435 rule=seq_integrity
       18150.0  ANOMALY_FLAG            spot=324 rule=seq_integrity
       18330.0  ANOMALY_FLAG            spot=428 rule=seq_integrity
       18420.0  ANOMALY_FLAG            spot=104 rule=seq_integrity
       18480.0  ANOMALY_FLAG            spot=65 rule=seq_integrity
       18600.0  ANOMALY_FLAG            spot=376 rule=seq_integrity
       18630.0  ANOMALY_FLAG            spot=490 rule=seq_integrity
       18720.0  ANOMALY_FLAG            spot=289 rule=seq_integrity
       18810.0  ANOMALY_FLAG            spot=104 rule=seq_integrity
       18840.0  ANOMALY_FLAG            spot=104 rule=rate_outlier
       18840.0  ANOMALY_FLAG            spot=428 rule=seq_integrity
       18870.0  ANOMALY_FLAG            spot=42 rule=seq_integrity
       19050.0  ANOMALY_FLAG            spot=324 rule=seq_integrity
       19110.0  ANOMALY_FLAG            spot=289 rule=seq_integrity
       19200.0  ANOMALY_FLAG            spot=164 rule=seq_integrity
       19200.0  ANOMALY_FLAG            spot=322 rule=seq_integrity
       19230.0  ANOMALY_FLAG            spot=65 rule=seq_integrity
       19260.0  ANOMALY_FLAG            spot=428 rule=seq_integrity
       19350.0  ANOMALY_FLAG            spot=428 rule=seq_integrity
       19380.0  ANOMALY_FLAG            spot=42 rule=seq_integrity
       19680.0  ANOMALY_FLAG            spot=224 rule=seq_integrity
       19920.0  ANOMALY_FLAG            spot=121 rule=seq_integrity
       20100.0  ANOMALY_FLAG            spot=289 rule=seq_integrity
       20190.0  ANOMALY_FLAG            spot=435 rule=seq_integrity
       20310.0  ANOMALY_FLAG            spot=435 rule=seq_integrity
       20400.0  ANOMALY_FLAG            spot=324 rule=seq_integrity
       20430.0  ANOMALY_FLAG            spot=376 rule=seq_integrity
       20610.0  ANOMALY_FLAG            spot=164 rule=seq_integrity
       20640.0  ANOMALY_FLAG            spot=285 rule=seq_integrity
       20670.0  ANOMALY_FLAG            spot=231 rule=seq_integrity
       20790.0  ANOMALY_FLAG            spot=176 rule=seq_integrity
       20790.0  ANOMALY_FLAG            spot=470 rule=seq_integrity
       20880.0  ANOMALY_FLAG            spot=435 rule=seq_integrity
       20880.0  ANOMALY_FLAG            spot=322 rule=seq_integrity
       20910.0  ANOMALY_FLAG            spot=322 rule=rate_outlier
       20940.0  ANOMALY_FLAG            spot=164 rule=seq_integrity
       21000.0  ANOMALY_FLAG            spot=104 rule=seq_integrity
       21090.0  ANOMALY_FLAG            spot=428 rule=seq_integrity
       21120.0  ANOMALY_FLAG            spot=42 rule=seq_integrity
       21300.0  ANOMALY_FLAG            spot=289 rule=seq_integrity
       21450.0  ANOMALY_FLAG            spot=431 rule=seq_integrity
       21510.0  ANOMALY_FLAG            spot=154 rule=seq_integrity
       21510.0  ANOMALY_FLAG            spot=164 rule=seq_integrity
       21540.0  ANOMALY_FLAG            spot=104 rule=rate_outlier
       21540.0  ANOMALY_FLAG            spot=104 rule=seq_integrity
       21570.0  ANOMALY_FLAG            spot=354 rule=seq_integrity
       21750.0  ANOMALY_FLAG            spot=324 rule=seq_integrity
       21840.0  ANOMALY_FLAG            spot=490 rule=rate_outlier
       21840.0  ANOMALY_FLAG            spot=490 rule=seq_integrity
       22020.0  ANOMALY_FLAG            spot=104 rule=seq_integrity
       22020.0  ANOMALY_FLAG            spot=387 rule=seq_integrity
       22080.0  ANOMALY_FLAG            spot=65 rule=seq_integrity
       22230.0  ANOMALY_FLAG            spot=490 rule=seq_integrity
       22260.0  ANOMALY_FLAG            spot=354 rule=seq_integrity
       22290.0  ANOMALY_FLAG            spot=104 rule=seq_integrity
       22320.0  ANOMALY_FLAG            spot=289 rule=seq_integrity
       22350.0  ANOMALY_FLAG            spot=428 rule=seq_integrity
       22380.0  QUARANTINE_RELEASE      spot=258 reason=score recovered (5 clean ticks)
       22470.0  ANOMALY_FLAG            spot=289 rule=seq_integrity
       22650.0  ANOMALY_FLAG            spot=324 rule=seq_integrity
       22800.0  ANOMALY_FLAG            spot=224 rule=seq_integrity
       22800.0  ANOMALY_FLAG            spot=322 rule=seq_integrity
       22860.0  ANOMALY_FLAG            spot=428 rule=seq_integrity
       22890.0  ANOMALY_FLAG            spot=164 rule=seq_integrity
       22950.0  ANOMALY_FLAG            spot=376 rule=seq_integrity
       23160.0  ANOMALY_FLAG            spot=258 rule=seq_integrity
       23190.0  ANOMALY_FLAG            spot=435 rule=seq_integrity
       23220.0  ANOMALY_FLAG            spot=289 rule=seq_integrity
       23220.0  ANOMALY_FLAG            spot=376 rule=seq_integrity
       23280.0  ANOMALY_FLAG            spot=164 rule=seq_integrity
       23280.0  ANOMALY_FLAG            spot=224 rule=seq_integrity
       23760.0  ANOMALY_FLAG            spot=428 rule=seq_integrity
       23880.0  ANOMALY_FLAG            spot=454 rule=seq_integrity
       23910.0  ANOMALY_FLAG            spot=435 rule=seq_integrity
       23910.0  ANOMALY_FLAG            spot=436 rule=seq_integrity
       23970.0  ANOMALY_FLAG            spot=289 rule=seq_integrity
       24030.0  ANOMALY_FLAG            spot=376 rule=seq_integrity
       24060.0  ANOMALY_FLAG            spot=164 rule=seq_integrity
       24090.0  ANOMALY_FLAG            spot=224 rule=seq_integrity
       24120.0  ANOMALY_FLAG            spot=104 rule=rate_outlier
       24120.0  ANOMALY_FLAG            spot=224 rule=rate_outlier
       24120.0  ANOMALY_FLAG            spot=104 rule=seq_integrity
       24150.0  ANOMALY_FLAG            spot=179 rule=seq_integrity
       24210.0  ANOMALY_FLAG            spot=164 rule=seq_integrity
       24240.0  ANOMALY_FLAG            spot=285 rule=seq_integrity
       24330.0  ANOMALY_FLAG            spot=308 rule=seq_integrity
       24360.0  ANOMALY_FLAG            spot=490 rule=seq_integrity
       24390.0  ANOMALY_FLAG            spot=470 rule=seq_integrity
       24600.0  ANOMALY_FLAG            spot=104 rule=seq_integrity
       24600.0  ANOMALY_FLAG            spot=354 rule=seq_integrity
       24660.0  ANOMALY_FLAG            spot=289 rule=rate_outlier
       24660.0  ANOMALY_FLAG            spot=289 rule=seq_integrity
       24870.0  ANOMALY_FLAG            spot=440 rule=seq_integrity
       24930.0  ANOMALY_FLAG            spot=376 rule=seq_integrity
       25080.0  ANOMALY_FLAG            spot=490 rule=rate_outlier
       25080.0  ANOMALY_FLAG            spot=490 rule=seq_integrity
       25140.0  ANOMALY_FLAG            spot=322 rule=rate_outlier
       25140.0  ANOMALY_FLAG            spot=322 rule=seq_integrity
       25620.0  ANOMALY_FLAG            spot=104 rule=seq_integrity
       25620.0  ANOMALY_FLAG            spot=273 rule=seq_integrity
       25710.0  ANOMALY_FLAG            spot=435 rule=seq_integrity
       25770.0  ANOMALY_FLAG            spot=428 rule=seq_integrity
       25830.0  ANOMALY_FLAG            spot=490 rule=seq_integrity
       25860.0  ANOMALY_FLAG            spot=354 rule=seq_integrity
       25920.0  ANOMALY_FLAG            spot=289 rule=seq_integrity
       25950.0  ANOMALY_FLAG            spot=176 rule=seq_integrity
       26160.0  ANOMALY_FLAG            spot=322 rule=seq_integrity
       26250.0  ANOMALY_FLAG            spot=324 rule=seq_integrity
       26280.0  ANOMALY_FLAG            spot=65 rule=seq_integrity
       26400.0  ANOMALY_FLAG            spot=322 rule=seq_integrity
       26430.0  ANOMALY_FLAG            spot=224 rule=seq_integrity
       26460.0  ANOMALY_FLAG            spot=224 rule=rate_outlier
       26610.0  ANOMALY_FLAG            spot=435 rule=seq_integrity
       26700.0  ANOMALY_FLAG            spot=42 rule=seq_integrity
       26760.0  ANOMALY_FLAG            spot=104 rule=seq_integrity
       26970.0  ANOMALY_FLAG            spot=104 rule=rate_outlier
       26970.0  ANOMALY_FLAG            spot=104 rule=seq_integrity
       27090.0  ANOMALY_FLAG            spot=123 rule=seq_integrity
       27120.0  ANOMALY_FLAG            spot=224 rule=seq_integrity
       27330.0  ANOMALY_FLAG            spot=176 rule=seq_integrity
       27330.0  ANOMALY_FLAG            spot=225 rule=seq_integrity
       27360.0  ANOMALY_FLAG            spot=224 rule=rate_outlier
       27360.0  ANOMALY_FLAG            spot=224 rule=seq_integrity
       27360.0  ANOMALY_FLAG            spot=428 rule=seq_integrity
       27810.0  ANOMALY_FLAG            spot=104 rule=seq_integrity
       27840.0  ANOMALY_FLAG            spot=285 rule=seq_integrity
       27870.0  ANOMALY_FLAG            spot=376 rule=seq_integrity
       27900.0  ANOMALY_FLAG            spot=258 rule=seq_integrity
       27930.0  ANOMALY_FLAG            spot=308 rule=seq_integrity
       28020.0  ANOMALY_FLAG            spot=446 rule=seq_integrity
       28200.0  ANOMALY_FLAG            spot=436 rule=seq_integrity
       28290.0  ANOMALY_FLAG            spot=104 rule=rate_outlier
       28290.0  ANOMALY_FLAG            spot=104 rule=seq_integrity
       28380.0  ANOMALY_FLAG            spot=289 rule=seq_integrity
       28410.0  ANOMALY_FLAG            spot=289 rule=rate_outlier
       28410.0  ANOMALY_FLAG            spot=104 rule=seq_integrity
       28440.0  ANOMALY_FLAG            spot=258 rule=seq_integrity
       28470.0  ANOMALY_FLAG            spot=176 rule=seq_integrity
       28500.0  ANOMALY_FLAG            spot=258 rule=seq_integrity
       28710.0  ANOMALY_FLAG            spot=164 rule=seq_integrity
       28740.0  ANOMALY_FLAG            spot=322 rule=seq_integrity
       28890.0  ANOMALY_FLAG            spot=176 rule=seq_integrity
       28890.0  ANOMALY_FLAG            spot=470 rule=seq_integrity
       28890.0  ANOMALY_FLAG            spot=224 rule=seq_integrity
       28920.0  ANOMALY_FLAG            spot=224 rule=rate_outlier
       28950.0  ANOMALY_FLAG            spot=324 rule=seq_integrity
       29100.0  ANOMALY_FLAG            spot=224 rule=seq_integrity
       29130.0  ANOMALY_FLAG            spot=39 rule=seq_integrity
       29160.0  ANOMALY_FLAG            spot=42 rule=seq_integrity
       29220.0  ANOMALY_FLAG            spot=104 rule=seq_integrity
       29370.0  ANOMALY_FLAG            spot=104 rule=seq_integrity
       29460.0  ANOMALY_FLAG            spot=42 rule=seq_integrity
       29520.0  ANOMALY_FLAG            spot=289 rule=seq_integrity
       29610.0  ANOMALY_FLAG            spot=164 rule=seq_integrity
       29850.0  ANOMALY_FLAG            spot=324 rule=seq_integrity
       29880.0  ANOMALY_FLAG            spot=65 rule=seq_integrity
       29970.0  ANOMALY_FLAG            spot=289 rule=rate_outlier
       29970.0  ANOMALY_FLAG            spot=289 rule=seq_integrity
       30000.0  ANOMALY_FLAG            spot=322 rule=seq_integrity
       30360.0  ANOMALY_FLAG            spot=258 rule=seq_integrity
       30360.0  ANOMALY_FLAG            spot=354 rule=seq_integrity
       30390.0  ANOMALY_FLAG            spot=442 rule=seq_integrity
       30480.0  ANOMALY_FLAG            spot=486 rule=seq_integrity
       30480.0  ANOMALY_FLAG            spot=224 rule=seq_integrity
       30660.0  ANOMALY_FLAG            spot=176 rule=seq_integrity
       30720.0  ANOMALY_FLAG            spot=285 rule=seq_integrity
       30750.0  ANOMALY_FLAG            spot=103 rule=seq_integrity
       30750.0  ANOMALY_FLAG            spot=285 rule=rate_outlier
       30900.0  ANOMALY_FLAG            spot=435 rule=seq_integrity
       30930.0  ANOMALY_FLAG            spot=180 rule=seq_integrity
       31020.0  ANOMALY_FLAG            spot=276 rule=seq_integrity
       31050.0  ANOMALY_FLAG            spot=470 rule=seq_integrity
       31110.0  ANOMALY_FLAG            spot=470 rule=seq_integrity
       31170.0  ANOMALY_FLAG            spot=285 rule=seq_integrity
       31200.0  ANOMALY_FLAG            spot=102 rule=seq_integrity
       31410.0  ANOMALY_FLAG            spot=435 rule=seq_integrity
       31440.0  ANOMALY_FLAG            spot=285 rule=seq_integrity
       31530.0  ANOMALY_FLAG            spot=308 rule=seq_integrity
       31650.0  ANOMALY_FLAG            spot=289 rule=rate_outlier
       31650.0  ANOMALY_FLAG            spot=289 rule=seq_integrity
       31770.0  ANOMALY_FLAG            spot=308 rule=seq_integrity
       31860.0  ANOMALY_FLAG            spot=65 rule=seq_integrity
       32010.0  ANOMALY_FLAG            spot=435 rule=seq_integrity
       32130.0  ANOMALY_FLAG            spot=376 rule=seq_integrity
       32250.0  ANOMALY_FLAG            spot=470 rule=seq_integrity
       32280.0  ANOMALY_FLAG            spot=263 rule=seq_integrity
       32280.0  ANOMALY_FLAG            spot=435 rule=seq_integrity
       32280.0  ANOMALY_FLAG            spot=319 rule=seq_integrity
       32310.0  ANOMALY_FLAG            spot=164 rule=seq_integrity
       32490.0  ANOMALY_FLAG            spot=285 rule=seq_integrity
       32490.0  ANOMALY_FLAG            spot=207 rule=seq_integrity
       32550.0  ANOMALY_FLAG            spot=214 rule=seq_integrity
       32670.0  ANOMALY_FLAG            spot=294 rule=seq_integrity
       32760.0  ANOMALY_FLAG            spot=428 rule=seq_integrity
       32820.0  ANOMALY_FLAG            spot=104 rule=seq_integrity
       33030.0  ANOMALY_FLAG            spot=490 rule=seq_integrity
       33120.0  ANOMALY_FLAG            spot=289 rule=seq_integrity
       33210.0  ANOMALY_FLAG            spot=164 rule=seq_integrity
       33390.0  ANOMALY_FLAG            spot=470 rule=seq_integrity
       33660.0  ANOMALY_FLAG            spot=490 rule=seq_integrity
       33660.0  ANOMALY_FLAG            spot=428 rule=seq_integrity
       33780.0  ANOMALY_FLAG            spot=65 rule=seq_integrity
       33810.0  ANOMALY_FLAG            spot=435 rule=seq_integrity
       33900.0  ANOMALY_FLAG            spot=19 rule=seq_integrity
       33960.0  QUARANTINE_ADD          spot=258 incidents=5 rules=['seq_integrity']
       33960.0  ANOMALY_FLAG            spot=258 rule=seq_integrity
       33960.0  ANOMALY_FLAG            spot=354 rule=seq_integrity
       34020.0  ANOMALY_FLAG            spot=487 rule=seq_integrity
       34110.0  ANOMALY_FLAG            spot=428 rule=seq_integrity
       34290.0  ANOMALY_FLAG            spot=176 rule=seq_integrity
       34320.0  ANOMALY_FLAG            spot=421 rule=seq_integrity
       34560.0  ANOMALY_FLAG            spot=428 rule=seq_integrity
       34800.0  ANOMALY_FLAG            spot=164 rule=seq_integrity
       34800.0  ANOMALY_FLAG            spot=490 rule=seq_integrity
       34830.0  ANOMALY_FLAG            spot=490 rule=rate_outlier
       34830.0  ANOMALY_FLAG            spot=376 rule=seq_integrity
       34980.0  ANOMALY_FLAG            spot=224 rule=seq_integrity
       35010.0  ANOMALY_FLAG            spot=103 rule=seq_integrity
       35010.0  ANOMALY_FLAG            spot=164 rule=seq_integrity
       35040.0  ANOMALY_FLAG            spot=285 rule=seq_integrity
       35070.0  ANOMALY_FLAG            spot=104 rule=seq_integrity
       35100.0  ANOMALY_FLAG            spot=470 rule=seq_integrity
       35130.0  ANOMALY_FLAG            spot=285 rule=seq_integrity
       35130.0  ANOMALY_FLAG            spot=285 rule=rate_outlier
       35190.0  ANOMALY_FLAG            spot=176 rule=seq_integrity
       35190.0  ANOMALY_FLAG            spot=403 rule=seq_integrity
       35280.0  ANOMALY_FLAG            spot=46 rule=seq_integrity
       35490.0  ANOMALY_FLAG            spot=164 rule=seq_integrity
       35520.0  ANOMALY_FLAG            spot=141 rule=seq_integrity
       35550.0  ANOMALY_FLAG            spot=470 rule=seq_integrity
       35670.0  ANOMALY_FLAG            spot=256 rule=seq_integrity
       35730.0  ANOMALY_FLAG            spot=309 rule=seq_integrity
       35790.0  ANOMALY_FLAG            spot=160 rule=seq_integrity
       36000.0  ANOMALY_FLAG            spot=490 rule=seq_integrity
       36030.0  ANOMALY_FLAG            spot=308 rule=seq_integrity
       36150.0  ANOMALY_FLAG            spot=324 rule=seq_integrity
       36420.0  ANOMALY_FLAG            spot=104 rule=seq_integrity
       36510.0  ANOMALY_FLAG            spot=104 rule=rate_outlier
       36510.0  ANOMALY_FLAG            spot=435 rule=seq_integrity
       36510.0  ANOMALY_FLAG            spot=104 rule=seq_integrity
       36540.0  ANOMALY_FLAG            spot=354 rule=seq_integrity
       36540.0  ANOMALY_FLAG            spot=387 rule=seq_integrity
       36720.0  ANOMALY_FLAG            spot=289 rule=seq_integrity
       36780.0  QUARANTINE_RELEASE      spot=42 reason=score recovered (5 clean ticks)
       36840.0  ANOMALY_FLAG            spot=272 rule=seq_integrity
       36870.0  ANOMALY_FLAG            spot=310 rule=seq_integrity
       36900.0  ANOMALY_FLAG            spot=42 rule=seq_integrity
       36990.0  ANOMALY_FLAG            spot=470 rule=seq_integrity
       36990.0  ANOMALY_FLAG            spot=490 rule=seq_integrity
       37050.0  ANOMALY_FLAG            spot=324 rule=seq_integrity
       37140.0  ANOMALY_FLAG            spot=72 rule=seq_integrity
       37170.0  ANOMALY_FLAG            spot=237 rule=seq_integrity
       37200.0  ANOMALY_FLAG            spot=322 rule=seq_integrity
       37320.0  ANOMALY_FLAG            spot=42 rule=seq_integrity
       37380.0  ANOMALY_FLAG            spot=65 rule=seq_integrity
       37410.0  ANOMALY_FLAG            spot=435 rule=seq_integrity
       37440.0  ANOMALY_FLAG            spot=490 rule=seq_integrity
       37530.0  ANOMALY_FLAG            spot=490 rule=rate_outlier
       37560.0  ANOMALY_FLAG            spot=258 rule=seq_integrity
       37560.0  ANOMALY_FLAG            spot=354 rule=seq_integrity
       37710.0  ANOMALY_FLAG            spot=164 rule=seq_integrity
       37860.0  ANOMALY_FLAG            spot=285 rule=seq_integrity
       37980.0  ANOMALY_FLAG            spot=328 rule=seq_integrity
       38010.0  ANOMALY_FLAG            spot=164 rule=seq_integrity
       38040.0  ANOMALY_FLAG            spot=244 rule=seq_integrity
       38130.0  ANOMALY_FLAG            spot=237 rule=seq_integrity
       38160.0  ANOMALY_FLAG            spot=428 rule=seq_integrity
       38430.0  ANOMALY_FLAG            spot=376 rule=seq_integrity
       38580.0  ANOMALY_FLAG            spot=224 rule=seq_integrity
       38610.0  ANOMALY_FLAG            spot=164 rule=seq_integrity
       38640.0  ANOMALY_FLAG            spot=285 rule=seq_integrity
       38700.0  ANOMALY_FLAG            spot=490 rule=rate_outlier
       38700.0  ANOMALY_FLAG            spot=490 rule=seq_integrity
       38880.0  ANOMALY_FLAG            spot=441 rule=seq_integrity
       39180.0  ANOMALY_FLAG            spot=428 rule=seq_integrity
       39330.0  ANOMALY_FLAG            spot=376 rule=seq_integrity
       39420.0  ANOMALY_FLAG            spot=490 rule=seq_integrity
       39510.0  ANOMALY_FLAG            spot=104 rule=rate_outlier
       39510.0  ANOMALY_FLAG            spot=104 rule=seq_integrity
       39750.0  ANOMALY_FLAG            spot=324 rule=seq_integrity
       39810.0  ANOMALY_FLAG            spot=150 rule=seq_integrity
       40020.0  ANOMALY_FLAG            spot=285 rule=seq_integrity
       40020.0  ANOMALY_FLAG            spot=104 rule=seq_integrity
       40020.0  ANOMALY_FLAG            spot=285 rule=rate_outlier
       40320.0  ANOMALY_FLAG            spot=289 rule=seq_integrity
       40410.0  ANOMALY_FLAG            spot=164 rule=seq_integrity
       40530.0  ANOMALY_FLAG            spot=308 rule=seq_integrity
       40590.0  ANOMALY_FLAG            spot=470 rule=seq_integrity
       40650.0  ANOMALY_FLAG            spot=324 rule=seq_integrity
       40800.0  ANOMALY_FLAG            spot=322 rule=seq_integrity
       40890.0  ANOMALY_FLAG            spot=435 rule=seq_integrity
       40920.0  ANOMALY_FLAG            spot=42 rule=seq_integrity
       41010.0  ANOMALY_FLAG            spot=106 rule=seq_integrity
       41010.0  ANOMALY_FLAG            spot=435 rule=seq_integrity
       41040.0  ANOMALY_FLAG            spot=428 rule=seq_integrity
       41160.0  ANOMALY_FLAG            spot=258 rule=seq_integrity
       41250.0  ANOMALY_FLAG            spot=490 rule=seq_integrity
       41310.0  ANOMALY_FLAG            spot=285 rule=seq_integrity
       41310.0  ANOMALY_FLAG            spot=164 rule=seq_integrity
       41310.0  ANOMALY_FLAG            spot=322 rule=seq_integrity
       41340.0  ANOMALY_FLAG            spot=285 rule=rate_outlier
       41490.0  ANOMALY_FLAG            spot=176 rule=seq_integrity
       41520.0  ANOMALY_FLAG            spot=435 rule=seq_integrity
       41670.0  ANOMALY_FLAG            spot=435 rule=seq_integrity
       41760.0  ANOMALY_FLAG            spot=428 rule=seq_integrity
       41910.0  ANOMALY_FLAG            spot=87 rule=seq_integrity
       41940.0  ANOMALY_FLAG            spot=428 rule=seq_integrity
       42060.0  ANOMALY_FLAG            spot=98 rule=seq_integrity
       42060.0  ANOMALY_FLAG            spot=354 rule=seq_integrity
       42150.0  QUARANTINE_ADD          spot=42 incidents=6 rules=['seq_integrity']
       42150.0  ANOMALY_FLAG            spot=42 rule=seq_integrity
       42180.0  ANOMALY_FLAG            spot=224 rule=seq_integrity
       42210.0  ANOMALY_FLAG            spot=104 rule=rate_outlier
       42210.0  ANOMALY_FLAG            spot=104 rule=seq_integrity
       42240.0  ANOMALY_FLAG            spot=285 rule=seq_integrity
       42390.0  ANOMALY_FLAG            spot=176 rule=seq_integrity
       42390.0  ANOMALY_FLAG            spot=5 rule=seq_integrity
       42510.0  ANOMALY_FLAG            spot=435 rule=seq_integrity
       42540.0  ANOMALY_FLAG            spot=64 rule=seq_integrity
       42720.0  ANOMALY_FLAG            spot=490 rule=seq_integrity
       42930.0  ANOMALY_FLAG            spot=42 rule=seq_integrity
       43020.0  ANOMALY_FLAG            spot=164 rule=seq_integrity
       43080.0  ANOMALY_FLAG            spot=428 rule=seq_integrity
       43590.0  ANOMALY_FLAG            spot=324 rule=seq_integrity
       43620.0  ANOMALY_FLAG            spot=104 rule=seq_integrity
       43710.0  ANOMALY_FLAG            spot=435 rule=seq_integrity
       43830.0  ANOMALY_FLAG            spot=490 rule=seq_integrity
       43920.0  ANOMALY_FLAG            spot=289 rule=seq_integrity
       44010.0  ANOMALY_FLAG            spot=164 rule=seq_integrity
       44130.0  ANOMALY_FLAG            spot=308 rule=seq_integrity
       44190.0  ANOMALY_FLAG            spot=470 rule=seq_integrity
       44190.0  ANOMALY_FLAG            spot=104 rule=seq_integrity
       44250.0  ANOMALY_FLAG            spot=324 rule=seq_integrity
       44400.0  ANOMALY_FLAG            spot=322 rule=seq_integrity
       44580.0  ANOMALY_FLAG            spot=65 rule=seq_integrity
       44610.0  ANOMALY_FLAG            spot=435 rule=seq_integrity
       44610.0  ANOMALY_FLAG            spot=428 rule=seq_integrity
       44880.0  ANOMALY_FLAG            spot=333 rule=seq_integrity
       44910.0  ANOMALY_FLAG            spot=164 rule=seq_integrity
       45360.0  ANOMALY_FLAG            spot=428 rule=seq_integrity
       45420.0  ANOMALY_FLAG            spot=42 rule=seq_integrity
       45510.0  ANOMALY_FLAG            spot=164 rule=seq_integrity
       45570.0  ANOMALY_FLAG            spot=428 rule=seq_integrity
       45630.0  ANOMALY_FLAG            spot=376 rule=seq_integrity
       45780.0  ANOMALY_FLAG            spot=224 rule=seq_integrity
       45810.0  ANOMALY_FLAG            spot=164 rule=seq_integrity
       45840.0  ANOMALY_FLAG            spot=285 rule=seq_integrity
       45990.0  ANOMALY_FLAG            spot=176 rule=seq_integrity
       46020.0  ANOMALY_FLAG            spot=104 rule=seq_integrity
       46050.0  ANOMALY_FLAG            spot=182 rule=seq_integrity
       46260.0  ANOMALY_FLAG            spot=428 rule=seq_integrity
       46380.0  ANOMALY_FLAG            spot=386 rule=seq_integrity
       46530.0  ANOMALY_FLAG            spot=376 rule=seq_integrity
       46530.0  ANOMALY_FLAG            spot=42 rule=seq_integrity
       46560.0  ANOMALY_FLAG            spot=354 rule=seq_integrity
       46890.0  ANOMALY_FLAG            spot=176 rule=seq_integrity
       46950.0  ANOMALY_FLAG            spot=104 rule=seq_integrity
       46980.0  ANOMALY_FLAG            spot=28 rule=seq_integrity
       47100.0  ANOMALY_FLAG            spot=428 rule=seq_integrity
       47130.0  ANOMALY_FLAG            spot=164 rule=seq_integrity
       47190.0  ANOMALY_FLAG            spot=224 rule=rate_outlier
       47190.0  ANOMALY_FLAG            spot=224 rule=seq_integrity
       47220.0  ANOMALY_FLAG            spot=104 rule=seq_integrity
       47280.0  ANOMALY_FLAG            spot=490 rule=seq_integrity
       47370.0  ANOMALY_FLAG            spot=104 rule=rate_outlier
       47370.0  ANOMALY_FLAG            spot=104 rule=seq_integrity
       47430.0  ANOMALY_FLAG            spot=490 rule=rate_outlier
       47430.0  ANOMALY_FLAG            spot=177 rule=seq_integrity
       47430.0  ANOMALY_FLAG            spot=490 rule=seq_integrity
       47520.0  ANOMALY_FLAG            spot=434 rule=seq_integrity
       47520.0  ANOMALY_FLAG            spot=289 rule=seq_integrity
       47580.0  ANOMALY_FLAG            spot=354 rule=seq_integrity
       47610.0  ANOMALY_FLAG            spot=164 rule=seq_integrity
       47700.0  ANOMALY_FLAG            spot=457 rule=seq_integrity
       47790.0  ANOMALY_FLAG            spot=470 rule=seq_integrity
       48000.0  ANOMALY_FLAG            spot=456 rule=seq_integrity
       48000.0  ANOMALY_FLAG            spot=322 rule=seq_integrity
       48060.0  ANOMALY_FLAG            spot=47 rule=seq_integrity
       48150.0  ANOMALY_FLAG            spot=90 rule=seq_integrity
       48300.0  ANOMALY_FLAG            spot=104 rule=seq_integrity
       48300.0  ANOMALY_FLAG            spot=42 rule=seq_integrity
       48480.0  QUARANTINE_RELEASE      spot=258 reason=score recovered (5 clean ticks)
       48630.0  ANOMALY_FLAG            spot=308 rule=seq_integrity
       48750.0  ANOMALY_FLAG            spot=324 rule=seq_integrity
       48840.0  ANOMALY_FLAG            spot=98 rule=seq_integrity
       48900.0  ANOMALY_FLAG            spot=27 rule=seq_integrity
       48930.0  ANOMALY_FLAG            spot=376 rule=seq_integrity
       49020.0  ANOMALY_FLAG            spot=42 rule=seq_integrity
       49080.0  ANOMALY_FLAG            spot=324 rule=seq_integrity
       49080.0  ANOMALY_FLAG            spot=104 rule=seq_integrity
       49110.0  ANOMALY_FLAG            spot=435 rule=seq_integrity
       49230.0  ANOMALY_FLAG            spot=376 rule=seq_integrity
       49230.0  ANOMALY_FLAG            spot=490 rule=seq_integrity
       49230.0  ANOMALY_FLAG            spot=42 rule=seq_integrity
       49260.0  ANOMALY_FLAG            spot=258 rule=seq_integrity
       49380.0  ANOMALY_FLAG            spot=224 rule=seq_integrity
       49440.0  ANOMALY_FLAG            spot=285 rule=seq_integrity
       49560.0  ANOMALY_FLAG            spot=182 rule=seq_integrity
       49710.0  ANOMALY_FLAG            spot=104 rule=seq_integrity
       49800.0  ANOMALY_FLAG            spot=376 rule=seq_integrity
       49830.0  ANOMALY_FLAG            spot=224 rule=rate_outlier
       49830.0  ANOMALY_FLAG            spot=224 rule=seq_integrity
       49920.0  ANOMALY_FLAG            spot=104 rule=rate_outlier
       50160.0  ANOMALY_FLAG            spot=354 rule=seq_integrity
       50430.0  ANOMALY_FLAG            spot=461 rule=stuck
       50490.0  ANOMALY_FLAG            spot=176 rule=seq_integrity
       50580.0  ANOMALY_FLAG            spot=490 rule=rate_outlier
       50580.0  ANOMALY_FLAG            spot=490 rule=seq_integrity
       50640.0  ANOMALY_FLAG            spot=335 rule=stuck
       50670.0  ANOMALY_FLAG            spot=470 rule=seq_integrity
       50760.0  ANOMALY_FLAG            spot=428 rule=seq_integrity
       50820.0  ANOMALY_FLAG            spot=104 rule=seq_integrity
       50850.0  ANOMALY_FLAG            spot=490 rule=seq_integrity
       50940.0  ANOMALY_FLAG            spot=443 rule=seq_integrity
       51030.0  ANOMALY_FLAG            spot=490 rule=seq_integrity
       51030.0  ANOMALY_FLAG            spot=428 rule=seq_integrity
       51060.0  ANOMALY_FLAG            spot=104 rule=seq_integrity
       51090.0  ANOMALY_FLAG            spot=42 rule=seq_integrity
       51120.0  ANOMALY_FLAG            spot=289 rule=seq_integrity
       51150.0  QUARANTINE_ADD          spot=461 incidents=5 rules=['stuck']
       51150.0  ANOMALY_FLAG            spot=301 rule=stuck
       51210.0  ANOMALY_FLAG            spot=164 rule=seq_integrity
       51270.0  ANOMALY_FLAG            spot=229 rule=stuck
       51360.0  QUARANTINE_ADD          spot=335 incidents=5 rules=['stuck']
       51390.0  ANOMALY_FLAG            spot=176 rule=seq_integrity
       51390.0  ANOMALY_FLAG            spot=71 rule=stuck
       51390.0  ANOMALY_FLAG            spot=382 rule=seq_integrity
       51450.0  ANOMALY_FLAG            spot=410 rule=stuck
       51480.0  ANOMALY_FLAG            spot=224 rule=seq_integrity
       51600.0  ANOMALY_FLAG            spot=322 rule=seq_integrity
       51630.0  ANOMALY_FLAG            spot=104 rule=rate_outlier
       51630.0  ANOMALY_FLAG            spot=104 rule=seq_integrity
       51780.0  ANOMALY_FLAG            spot=65 rule=seq_integrity
       51810.0  ANOMALY_FLAG            spot=435 rule=seq_integrity
       51870.0  QUARANTINE_ADD          spot=301 incidents=5 rules=['stuck']
       51960.0  ANOMALY_FLAG            spot=42 rule=seq_integrity
       51990.0  QUARANTINE_ADD          spot=229 incidents=5 rules=['stuck']
       52110.0  QUARANTINE_ADD          spot=71 incidents=5 rules=['stuck']
       52110.0  ANOMALY_FLAG            spot=164 rule=seq_integrity
       52170.0  QUARANTINE_ADD          spot=410 incidents=5 rules=['stuck']
       52230.0  ANOMALY_FLAG            spot=308 rule=seq_integrity
       52230.0  ANOMALY_FLAG            spot=322 rule=seq_integrity
       52290.0  ANOMALY_FLAG            spot=470 rule=seq_integrity
       52320.0  ANOMALY_FLAG            spot=54 rule=seq_integrity
       52350.0  ANOMALY_FLAG            spot=324 rule=seq_integrity
       52440.0  ANOMALY_FLAG            spot=428 rule=seq_integrity
       52470.0  ANOMALY_FLAG            spot=224 rule=rate_outlier
       52470.0  ANOMALY_FLAG            spot=224 rule=seq_integrity
       52500.0  ANOMALY_FLAG            spot=428 rule=seq_integrity
       52530.0  ANOMALY_FLAG            spot=289 rule=seq_integrity
       52560.0  ANOMALY_FLAG            spot=428 rule=seq_integrity
       52620.0  ANOMALY_FLAG            spot=289 rule=rate_outlier
       52620.0  ANOMALY_FLAG            spot=289 rule=seq_integrity
       52620.0  ANOMALY_FLAG            spot=42 rule=seq_integrity
       52710.0  ANOMALY_FLAG            spot=435 rule=seq_integrity
       52800.0  ANOMALY_FLAG            spot=435 rule=seq_integrity
       52830.0  ANOMALY_FLAG            spot=376 rule=seq_integrity
       52860.0  ANOMALY_FLAG            spot=258 rule=seq_integrity
       52980.0  ANOMALY_FLAG            spot=435 rule=seq_integrity
       52980.0  ANOMALY_FLAG            spot=224 rule=seq_integrity
       53040.0  ANOMALY_FLAG            spot=285 rule=seq_integrity
       53100.0  ANOMALY_FLAG            spot=230 rule=seq_integrity
       53130.0  ANOMALY_FLAG            spot=308 rule=seq_integrity
       53130.0  ANOMALY_FLAG            spot=428 rule=seq_integrity
       53280.0  ANOMALY_FLAG            spot=490 rule=seq_integrity
       53460.0  ANOMALY_FLAG            spot=289 rule=seq_integrity
       53730.0  ANOMALY_FLAG            spot=376 rule=seq_integrity
       53760.0  ANOMALY_FLAG            spot=354 rule=seq_integrity
       54060.0  ANOMALY_FLAG            spot=104 rule=seq_integrity
       54210.0  ANOMALY_FLAG            spot=322 rule=seq_integrity
       54330.0  ANOMALY_FLAG            spot=322 rule=rate_outlier
       54330.0  ANOMALY_FLAG            spot=322 rule=seq_integrity
       54420.0  ANOMALY_FLAG            spot=104 rule=seq_integrity
       54540.0  ANOMALY_FLAG            spot=224 rule=seq_integrity
       54570.0  ANOMALY_FLAG            spot=428 rule=seq_integrity
       54600.0  ANOMALY_FLAG            spot=490 rule=seq_integrity
       54600.0  ANOMALY_FLAG            spot=224 rule=seq_integrity
       54630.0  ANOMALY_FLAG            spot=285 rule=seq_integrity
       54690.0  ANOMALY_FLAG            spot=490 rule=seq_integrity
       54720.0  ANOMALY_FLAG            spot=289 rule=seq_integrity
       54780.0  ANOMALY_FLAG            spot=285 rule=seq_integrity
       54990.0  ANOMALY_FLAG            spot=176 rule=seq_integrity
       55140.0  ANOMALY_FLAG            spot=490 rule=rate_outlier
       55140.0  ANOMALY_FLAG            spot=104 rule=seq_integrity
       55140.0  ANOMALY_FLAG            spot=490 rule=seq_integrity
       55350.0  ANOMALY_FLAG            spot=435 rule=seq_integrity
       55380.0  ANOMALY_FLAG            spot=65 rule=seq_integrity
       55410.0  ANOMALY_FLAG            spot=428 rule=seq_integrity
       55710.0  ANOMALY_FLAG            spot=164 rule=seq_integrity
       55830.0  ANOMALY_FLAG            spot=308 rule=seq_integrity
       55890.0  ANOMALY_FLAG            spot=176 rule=seq_integrity
       55890.0  ANOMALY_FLAG            spot=470 rule=seq_integrity
       55890.0  ANOMALY_FLAG            spot=104 rule=seq_integrity
       55950.0  ANOMALY_FLAG            spot=104 rule=seq_integrity
       56010.0  ANOMALY_FLAG            spot=322 rule=seq_integrity
       56100.0  ANOMALY_FLAG            spot=308 rule=seq_integrity
       56130.0  ANOMALY_FLAG            spot=322 rule=seq_integrity
       56160.0  ANOMALY_FLAG            spot=428 rule=seq_integrity
       56220.0  ANOMALY_FLAG            spot=104 rule=rate_outlier
       56460.0  ANOMALY_FLAG            spot=258 rule=seq_integrity
       56460.0  ANOMALY_FLAG            spot=435 rule=seq_integrity
       56490.0  ANOMALY_FLAG            spot=322 rule=rate_outlier
       56490.0  ANOMALY_FLAG            spot=322 rule=seq_integrity
       56580.0  ANOMALY_FLAG            spot=224 rule=seq_integrity
       56640.0  ANOMALY_FLAG            spot=285 rule=seq_integrity
       56850.0  ANOMALY_FLAG            spot=324 rule=seq_integrity
       56880.0  ANOMALY_FLAG            spot=428 rule=seq_integrity
       56970.0  ANOMALY_FLAG            spot=104 rule=seq_integrity
       56970.0  ANOMALY_FLAG            spot=428 rule=seq_integrity
       57060.0  ANOMALY_FLAG            spot=428 rule=seq_integrity
       57090.0  ANOMALY_FLAG            spot=104 rule=seq_integrity
       57090.0  ANOMALY_FLAG            spot=490 rule=seq_integrity
       57120.0  ANOMALY_FLAG            spot=42 rule=seq_integrity
       57120.0  ANOMALY_FLAG            spot=322 rule=seq_integrity
       57150.0  ANOMALY_FLAG            spot=394 rule=seq_integrity
       57330.0  ANOMALY_FLAG            spot=376 rule=seq_integrity
       57360.0  ANOMALY_FLAG            spot=354 rule=seq_integrity
       57600.0  ANOMALY_FLAG            spot=354 rule=seq_integrity
       57870.0  ANOMALY_FLAG            spot=354 rule=seq_integrity
       58020.0  ANOMALY_FLAG            spot=104 rule=seq_integrity
       58080.0  ANOMALY_FLAG            spot=308 rule=seq_integrity
       58170.0  ANOMALY_FLAG            spot=308 rule=seq_integrity
       58200.0  ANOMALY_FLAG            spot=490 rule=seq_integrity
       58230.0  ANOMALY_FLAG            spot=376 rule=seq_integrity
       58290.0  ANOMALY_FLAG            spot=354 rule=seq_integrity
       58410.0  ANOMALY_FLAG            spot=164 rule=seq_integrity
       58440.0  ANOMALY_FLAG            spot=428 rule=seq_integrity
       58530.0  ANOMALY_FLAG            spot=322 rule=seq_integrity
       58620.0  ANOMALY_FLAG            spot=308 rule=seq_integrity
       58800.0  ANOMALY_FLAG            spot=322 rule=seq_integrity
       58980.0  ANOMALY_FLAG            spot=65 rule=seq_integrity
       59310.0  ANOMALY_FLAG            spot=164 rule=seq_integrity
       59430.0  ANOMALY_FLAG            spot=104 rule=seq_integrity
       59490.0  ANOMALY_FLAG            spot=176 rule=seq_integrity
       59640.0  ANOMALY_FLAG            spot=428 rule=seq_integrity
       59760.0  ANOMALY_FLAG            spot=428 rule=seq_integrity
       59910.0  ANOMALY_FLAG            spot=435 rule=seq_integrity
       60180.0  ANOMALY_FLAG            spot=224 rule=seq_integrity
       60240.0  ANOMALY_FLAG            spot=285 rule=seq_integrity
       60390.0  ANOMALY_FLAG            spot=176 rule=seq_integrity
       60450.0  ANOMALY_FLAG            spot=324 rule=seq_integrity
       60480.0  ANOMALY_FLAG            spot=428 rule=seq_integrity
       60510.0  ANOMALY_FLAG            spot=490 rule=seq_integrity
       60660.0  ANOMALY_FLAG            spot=428 rule=seq_integrity
       60720.0  ANOMALY_FLAG            spot=42 rule=seq_integrity
       60900.0  ANOMALY_FLAG            spot=308 rule=seq_integrity
       60930.0  ANOMALY_FLAG            spot=376 rule=seq_integrity
       60960.0  ANOMALY_FLAG            spot=258 rule=seq_integrity
       61290.0  ANOMALY_FLAG            spot=490 rule=seq_integrity
       61410.0  ANOMALY_FLAG            spot=104 rule=seq_integrity
       61620.0  ANOMALY_FLAG            spot=104 rule=seq_integrity
       61710.0  ANOMALY_FLAG            spot=258 rule=seq_integrity
       61830.0  ANOMALY_FLAG            spot=490 rule=seq_integrity
       61830.0  ANOMALY_FLAG            spot=376 rule=seq_integrity
       61860.0  ANOMALY_FLAG            spot=354 rule=seq_integrity
       62010.0  ANOMALY_FLAG            spot=164 rule=seq_integrity
       62040.0  QUARANTINE_RELEASE      spot=289 reason=score recovered (5 clean ticks)
       62250.0  ANOMALY_FLAG            spot=104 rule=seq_integrity
       62280.0  ANOMALY_FLAG            spot=322 rule=seq_integrity
       62400.0  ANOMALY_FLAG            spot=322 rule=seq_integrity
       62520.0  ANOMALY_FLAG            spot=104 rule=rate_outlier
       62580.0  ANOMALY_FLAG            spot=65 rule=seq_integrity
       62820.0  QUARANTINE_ADD          spot=289 incidents=5 rules=['seq_integrity']
       62820.0  ANOMALY_FLAG            spot=289 rule=seq_integrity
       63090.0  ANOMALY_FLAG            spot=176 rule=seq_integrity
       63090.0  ANOMALY_FLAG            spot=470 rule=seq_integrity
       63420.0  ANOMALY_FLAG            spot=164 rule=seq_integrity
       63420.0  ANOMALY_FLAG            spot=42 rule=seq_integrity
       63660.0  ANOMALY_FLAG            spot=42 rule=seq_integrity
       63810.0  ANOMALY_FLAG            spot=164 rule=seq_integrity
       63840.0  ANOMALY_FLAG            spot=285 rule=seq_integrity
       63990.0  ANOMALY_FLAG            spot=176 rule=seq_integrity
       64020.0  ANOMALY_FLAG            spot=42 rule=seq_integrity
       64260.0  ANOMALY_FLAG            spot=428 rule=seq_integrity
       64320.0  ANOMALY_FLAG            spot=42 rule=seq_integrity
       64410.0  ANOMALY_FLAG            spot=435 rule=seq_integrity
       64620.0  ANOMALY_FLAG            spot=289 rule=seq_integrity
       64830.0  ANOMALY_FLAG            spot=308 rule=seq_integrity
       64950.0  ANOMALY_FLAG            spot=324 rule=seq_integrity
       65160.0  ANOMALY_FLAG            spot=428 rule=seq_integrity
       65220.0  ANOMALY_FLAG            spot=104 rule=seq_integrity
       65400.0  ANOMALY_FLAG            spot=42 rule=seq_integrity
       65430.0  ANOMALY_FLAG            spot=490 rule=seq_integrity
       65460.0  ANOMALY_FLAG            spot=354 rule=seq_integrity
       66000.0  ANOMALY_FLAG            spot=322 rule=seq_integrity
       66180.0  ANOMALY_FLAG            spot=65 rule=seq_integrity
       66180.0  ANOMALY_FLAG            spot=42 rule=seq_integrity
       66360.0  ANOMALY_FLAG            spot=258 rule=seq_integrity
       66420.0  ANOMALY_FLAG            spot=289 rule=seq_integrity
       67380.0  ANOMALY_FLAG            spot=224 rule=seq_integrity
       67440.0  ANOMALY_FLAG            spot=285 rule=seq_integrity
       67560.0  ANOMALY_FLAG            spot=285 rule=seq_integrity
       67590.0  ANOMALY_FLAG            spot=176 rule=seq_integrity
       67920.0  ANOMALY_FLAG            spot=42 rule=seq_integrity
       68130.0  ANOMALY_FLAG            spot=376 rule=seq_integrity
       68430.0  ANOMALY_FLAG            spot=308 rule=seq_integrity
       68550.0  ANOMALY_FLAG            spot=324 rule=seq_integrity
       68820.0  ANOMALY_FLAG            spot=104 rule=seq_integrity
       69060.0  ANOMALY_FLAG            spot=354 rule=seq_integrity
       69210.0  ANOMALY_FLAG            spot=164 rule=seq_integrity
       69450.0  ANOMALY_FLAG            spot=324 rule=seq_integrity
       69600.0  ANOMALY_FLAG            spot=322 rule=seq_integrity
       69780.0  ANOMALY_FLAG            spot=65 rule=seq_integrity
       69930.0  ANOMALY_FLAG            spot=490 rule=seq_integrity
       69960.0  ANOMALY_FLAG            spot=258 rule=seq_integrity
       70020.0  ANOMALY_FLAG            spot=289 rule=seq_integrity
       70110.0  ANOMALY_FLAG            spot=164 rule=seq_integrity
       70290.0  ANOMALY_FLAG            spot=176 rule=seq_integrity
       70290.0  ANOMALY_FLAG            spot=470 rule=seq_integrity
       70710.0  ANOMALY_FLAG            spot=435 rule=seq_integrity
       70980.0  ANOMALY_FLAG            spot=224 rule=seq_integrity
       71040.0  ANOMALY_FLAG            spot=285 rule=seq_integrity
       71520.0  ANOMALY_FLAG            spot=42 rule=seq_integrity
       71580.0  QUARANTINE_RELEASE      spot=428 reason=score recovered (5 clean ticks)
       71610.0  ANOMALY_FLAG            spot=435 rule=seq_integrity
       71730.0  ANOMALY_FLAG            spot=376 rule=seq_integrity
       72360.0  ANOMALY_FLAG            spot=428 rule=seq_integrity
       72420.0  ANOMALY_FLAG            spot=104 rule=seq_integrity
       72630.0  ANOMALY_FLAG            spot=376 rule=seq_integrity
       72660.0  ANOMALY_FLAG            spot=354 rule=seq_integrity
       72960.0  ANOMALY_FLAG            spot=435 rule=seq_integrity
       73050.0  ANOMALY_FLAG            spot=324 rule=seq_integrity
       73200.0  ANOMALY_FLAG            spot=322 rule=seq_integrity
       73530.0  ANOMALY_FLAG            spot=490 rule=seq_integrity
       73620.0  ANOMALY_FLAG            spot=289 rule=seq_integrity
       73890.0  ANOMALY_FLAG            spot=176 rule=seq_integrity
       74310.0  ANOMALY_FLAG            spot=435 rule=seq_integrity
       74580.0  ANOMALY_FLAG            spot=224 rule=seq_integrity
       74640.0  ANOMALY_FLAG            spot=285 rule=seq_integrity
       74790.0  ANOMALY_FLAG            spot=176 rule=seq_integrity
       75060.0  ANOMALY_FLAG            spot=428 rule=seq_integrity
       75090.0  ANOMALY_FLAG            spot=224 rule=seq_integrity
       75210.0  ANOMALY_FLAG            spot=435 rule=seq_integrity
       75360.0  ANOMALY_FLAG            spot=258 rule=seq_integrity
       75630.0  ANOMALY_FLAG            spot=308 rule=seq_integrity
       76020.0  ANOMALY_FLAG            spot=104 rule=seq_integrity
       76050.0  ANOMALY_FLAG            spot=435 rule=seq_integrity
       76110.0  ANOMALY_FLAG            spot=435 rule=seq_integrity
       76230.0  ANOMALY_FLAG            spot=376 rule=seq_integrity
       76260.0  ANOMALY_FLAG            spot=354 rule=seq_integrity
       76410.0  ANOMALY_FLAG            spot=164 rule=seq_integrity
       76680.0  ANOMALY_FLAG            spot=308 rule=seq_integrity
       76800.0  ANOMALY_FLAG            spot=322 rule=seq_integrity
       76980.0  ANOMALY_FLAG            spot=65 rule=seq_integrity
       77130.0  ANOMALY_FLAG            spot=490 rule=seq_integrity
       77220.0  ANOMALY_FLAG            spot=289 rule=seq_integrity
       77490.0  ANOMALY_FLAG            spot=176 rule=seq_integrity
       77610.0  QUARANTINE_RELEASE      spot=470 reason=score recovered (5 clean ticks)
       77820.0  ANOMALY_FLAG            spot=42 rule=seq_integrity
       78180.0  ANOMALY_FLAG            spot=224 rule=seq_integrity
       78240.0  ANOMALY_FLAG            spot=285 rule=seq_integrity
       78660.0  QUARANTINE_ADD          spot=428 incidents=6 rules=['seq_integrity']
       78660.0  ANOMALY_FLAG            spot=428 rule=seq_integrity
       78810.0  ANOMALY_FLAG            spot=435 rule=seq_integrity
       78960.0  ANOMALY_FLAG            spot=258 rule=seq_integrity
       79170.0  ANOMALY_FLAG            spot=435 rule=seq_integrity
       79230.0  ANOMALY_FLAG            spot=308 rule=seq_integrity
       79470.0  QUARANTINE_RELEASE      spot=324 reason=score recovered (5 clean ticks)
       79560.0  ANOMALY_FLAG            spot=428 rule=seq_integrity
       79620.0  ANOMALY_FLAG            spot=104 rule=seq_integrity
       79710.0  ANOMALY_FLAG            spot=435 rule=seq_integrity
       79830.0  ANOMALY_FLAG            spot=376 rule=seq_integrity
       79860.0  ANOMALY_FLAG            spot=354 rule=seq_integrity
       80400.0  ANOMALY_FLAG            spot=322 rule=seq_integrity
       80730.0  ANOMALY_FLAG            spot=490 rule=seq_integrity
       80730.0  ANOMALY_FLAG            spot=376 rule=seq_integrity
       80820.0  ANOMALY_FLAG            spot=289 rule=seq_integrity
       81000.0  ANOMALY_FLAG            spot=285 rule=seq_integrity
       81090.0  ANOMALY_FLAG            spot=470 rule=seq_integrity
       81420.0  ANOMALY_FLAG            spot=289 rule=seq_integrity
       81780.0  ANOMALY_FLAG            spot=224 rule=seq_integrity
       81840.0  ANOMALY_FLAG            spot=285 rule=seq_integrity
       81930.0  ANOMALY_FLAG            spot=353 rule=silent
       81990.0  ANOMALY_FLAG            spot=176 rule=seq_integrity
       82260.0  ANOMALY_FLAG            spot=428 rule=seq_integrity
       82380.0  ANOMALY_FLAG            spot=65 rule=seq_integrity
       82560.0  ANOMALY_FLAG            spot=258 rule=seq_integrity
       82650.0  QUARANTINE_ADD          spot=353 incidents=5 rules=['silent']
       82830.0  QUARANTINE_RELEASE      spot=164 reason=score recovered (5 clean ticks)
       82950.0  ANOMALY_FLAG            spot=164 rule=seq_integrity
       83070.0  ANOMALY_FLAG            spot=224 rule=seq_integrity
       83100.0  ANOMALY_FLAG            spot=42 rule=seq_integrity
       83160.0  ANOMALY_FLAG            spot=428 rule=seq_integrity
       83220.0  ANOMALY_FLAG            spot=104 rule=seq_integrity
       83610.0  ANOMALY_FLAG            spot=164 rule=seq_integrity
       84000.0  ANOMALY_FLAG            spot=322 rule=seq_integrity
       84330.0  ANOMALY_FLAG            spot=490 rule=seq_integrity
       84420.0  ANOMALY_FLAG            spot=289 rule=seq_integrity
       84510.0  ANOMALY_FLAG            spot=164 rule=seq_integrity
       84690.0  QUARANTINE_ADD          spot=164 incidents=5 rules=['seq_integrity']
       84690.0  ANOMALY_FLAG            spot=176 rule=seq_integrity
       84690.0  ANOMALY_FLAG            spot=164 rule=seq_integrity
       84780.0  ANOMALY_FLAG            spot=224 rule=seq_integrity
       84930.0  ANOMALY_FLAG            spot=354 rule=seq_integrity
       85380.0  ANOMALY_FLAG            spot=224 rule=seq_integrity
       85410.0  ANOMALY_FLAG            spot=164 rule=seq_integrity
       85440.0  ANOMALY_FLAG            spot=285 rule=seq_integrity
       85470.0  ANOMALY_FLAG            spot=470 rule=seq_integrity
       85590.0  ANOMALY_FLAG            spot=176 rule=seq_integrity
       85590.0  ANOMALY_FLAG            spot=470 rule=seq_integrity
       85860.0  ANOMALY_FLAG            spot=428 rule=seq_integrity
       85980.0  ANOMALY_FLAG            spot=65 rule=seq_integrity
       86130.0  ANOMALY_FLAG            spot=376 rule=seq_integrity
       86160.0  ANOMALY_FLAG            spot=258 rule=seq_integrity
