Scenario Log: A5_edge_anomaly
Architecture: edge_filtered   Protocol: mqtt
Traffic: peak   Spots: 500   Duration: 86400s
========================================================================

SUMMARY
  Anomalies detected    : 1332
  Anomalies resolved    : 1318
  Active at end         : 14
  Affected spots        : 34
  Quarantined at end    : 30
  Quarantine suppressed : 137
  Heartbeats suppressed : 32823
  Adaptive mode switches: 0

EVENT LOG
  t_virtual(s)  event                   detail
------------------------------------------------------------------------
         150.0  ANOMALY_FLAG            spot=324 rule=seq_integrity
         210.0  ANOMALY_FLAG            spot=289 rule=seq_integrity
         300.0  ANOMALY_FLAG            spot=322 rule=seq_integrity
         390.0  QUARANTINE_ADD          spot=104 incidents=5 rules=['seq_integrity']
         390.0  ANOMALY_FLAG            spot=104 rule=seq_integrity
         420.0  ANOMALY_FLAG            spot=42 rule=seq_integrity
         630.0  ANOMALY_FLAG            spot=490 rule=seq_integrity
         660.0  ANOMALY_FLAG            spot=258 rule=seq_integrity
         720.0  QUARANTINE_ADD          spot=289 incidents=6 rules=['seq_integrity']
         720.0  ANOMALY_FLAG            spot=289 rule=seq_integrity
         780.0  QUARANTINE_ADD          spot=224 incidents=7 rules=['seq_integrity']
         780.0  ANOMALY_FLAG            spot=224 rule=seq_integrity
         810.0  ANOMALY_FLAG            spot=164 rule=seq_integrity
         840.0  QUARANTINE_ADD          spot=285 incidents=8 rules=['seq_integrity']
         840.0  ANOMALY_FLAG            spot=285 rule=seq_integrity
         990.0  ANOMALY_FLAG            spot=470 rule=seq_integrity
        1050.0  ANOMALY_FLAG            spot=324 rule=seq_integrity
        1170.0  ANOMALY_FLAG            spot=164 rule=seq_integrity
        1380.0  ANOMALY_FLAG            spot=42 rule=seq_integrity
        1410.0  ANOMALY_FLAG            spot=435 rule=seq_integrity
        1530.0  ANOMALY_FLAG            spot=376 rule=seq_integrity
        1560.0  ANOMALY_FLAG            spot=354 rule=seq_integrity
        1710.0  ANOMALY_FLAG            spot=285 rule=seq_integrity
        1710.0  ANOMALY_FLAG            spot=164 rule=seq_integrity
        1800.0  ANOMALY_FLAG            spot=435 rule=seq_integrity
        1830.0  ANOMALY_FLAG            spot=308 rule=seq_integrity
        1950.0  QUARANTINE_ADD          spot=490 incidents=10 rules=['seq_integrity']
        1950.0  ANOMALY_FLAG            spot=490 rule=seq_integrity
        2070.0  ANOMALY_FLAG            spot=285 rule=seq_integrity
        2070.0  ANOMALY_FLAG            spot=285 rule=rate_outlier
        2100.0  QUARANTINE_ADD          spot=324 incidents=5 rules=['seq_integrity']
        2100.0  ANOMALY_FLAG            spot=324 rule=seq_integrity
        2100.0  ANOMALY_FLAG            spot=376 rule=seq_integrity
        2160.0  ANOMALY_FLAG            spot=428 rule=seq_integrity
        2250.0  ANOMALY_FLAG            spot=354 rule=seq_integrity
        2280.0  ANOMALY_FLAG            spot=65 rule=seq_integrity
        2310.0  QUARANTINE_ADD          spot=435 incidents=5 rules=['seq_integrity']
        2310.0  ANOMALY_FLAG            spot=435 rule=seq_integrity
        2430.0  ANOMALY_FLAG            spot=376 rule=seq_integrity
        2850.0  ANOMALY_FLAG            spot=324 rule=seq_integrity
        3060.0  ANOMALY_FLAG            spot=428 rule=seq_integrity
        3180.0  ANOMALY_FLAG            spot=285 rule=seq_integrity
        3240.0  ANOMALY_FLAG            spot=376 rule=seq_integrity
        3750.0  ANOMALY_FLAG            spot=65 rule=seq_integrity
        3780.0  ANOMALY_FLAG            spot=435 rule=seq_integrity
        3780.0  ANOMALY_FLAG            spot=308 rule=seq_integrity
        3870.0  ANOMALY_FLAG            spot=324 rule=seq_integrity
        3900.0  ANOMALY_FLAG            spot=322 rule=seq_integrity
        3930.0  QUARANTINE_ADD          spot=376 incidents=5 rules=['seq_integrity']
        3930.0  ANOMALY_FLAG            spot=176 rule=seq_integrity
        3930.0  ANOMALY_FLAG            spot=376 rule=seq_integrity
        3960.0  ANOMALY_FLAG            spot=428 rule=seq_integrity
        4020.0  ANOMALY_FLAG            spot=104 rule=seq_integrity
        4020.0  ANOMALY_FLAG            spot=308 rule=seq_integrity
        4020.0  ANOMALY_FLAG            spot=224 rule=seq_integrity
        4050.0  ANOMALY_FLAG            spot=354 rule=seq_integrity
        4110.0  ANOMALY_FLAG            spot=435 rule=seq_integrity
        4140.0  ANOMALY_FLAG            spot=490 rule=seq_integrity
        4170.0  ANOMALY_FLAG            spot=258 rule=seq_integrity
        4170.0  ANOMALY_FLAG            spot=376 rule=seq_integrity
        4200.0  ANOMALY_FLAG            spot=285 rule=seq_integrity
        4230.0  ANOMALY_FLAG            spot=490 rule=seq_integrity
        4230.0  ANOMALY_FLAG            spot=376 rule=seq_integrity
        4260.0  ANOMALY_FLAG            spot=258 rule=seq_integrity
        4260.0  ANOMALY_FLAG            spot=324 rule=seq_integrity
        4320.0  ANOMALY_FLAG            spot=289 rule=seq_integrity
        4350.0  QUARANTINE_ADD          spot=164 incidents=7 rules=['seq_integrity']
        4350.0  ANOMALY_FLAG            spot=258 rule=seq_integrity
        4350.0  ANOMALY_FLAG            spot=164 rule=seq_integrity
        4380.0  ANOMALY_FLAG            spot=224 rule=seq_integrity
        4410.0  ANOMALY_FLAG            spot=164 rule=seq_integrity
        4470.0  ANOMALY_FLAG            spot=490 rule=seq_integrity
        4560.0  ANOMALY_FLAG            spot=435 rule=seq_integrity
        4620.0  ANOMALY_FLAG            spot=285 rule=seq_integrity
        4650.0  ANOMALY_FLAG            spot=324 rule=seq_integrity
        4740.0  QUARANTINE_ADD          spot=322 incidents=9 rules=['seq_integrity']
        4740.0  ANOMALY_FLAG            spot=322 rule=seq_integrity
        4860.0  QUARANTINE_ADD          spot=428 incidents=5 rules=['seq_integrity']
        4860.0  ANOMALY_FLAG            spot=428 rule=seq_integrity
        4920.0  ANOMALY_FLAG            spot=42 rule=seq_integrity
        5010.0  ANOMALY_FLAG            spot=435 rule=seq_integrity
        5010.0  ANOMALY_FLAG            spot=104 rule=seq_integrity
        5100.0  ANOMALY_FLAG            spot=285 rule=seq_integrity
        5100.0  ANOMALY_FLAG            spot=224 rule=seq_integrity
        5100.0  ANOMALY_FLAG            spot=376 rule=seq_integrity
        5160.0  ANOMALY_FLAG            spot=104 rule=rate_outlier
        5160.0  ANOMALY_FLAG            spot=354 rule=seq_integrity
        5160.0  ANOMALY_FLAG            spot=285 rule=seq_integrity
        5280.0  ANOMALY_FLAG            spot=65 rule=seq_integrity
        5280.0  ANOMALY_FLAG            spot=376 rule=seq_integrity
        5310.0  ANOMALY_FLAG            spot=164 rule=seq_integrity
        5310.0  ANOMALY_FLAG            spot=224 rule=seq_integrity
        5340.0  ANOMALY_FLAG            spot=285 rule=seq_integrity
        5370.0  ANOMALY_FLAG            spot=324 rule=seq_integrity
        5430.0  ANOMALY_FLAG            spot=308 rule=seq_integrity
        5490.0  ANOMALY_FLAG            spot=176 rule=seq_integrity
        5610.0  ANOMALY_FLAG            spot=42 rule=seq_integrity
        5640.0  ANOMALY_FLAG            spot=104 rule=seq_integrity
        5730.0  ANOMALY_FLAG            spot=120 rule=seq_integrity
        5790.0  ANOMALY_FLAG            spot=285 rule=seq_integrity
        5790.0  ANOMALY_FLAG            spot=435 rule=seq_integrity
        5850.0  ANOMALY_FLAG            spot=177 rule=seq_integrity
        5880.0  ANOMALY_FLAG            spot=104 rule=seq_integrity
        6030.0  ANOMALY_FLAG            spot=376 rule=seq_integrity
        6180.0  ANOMALY_FLAG            spot=104 rule=seq_integrity
        6240.0  ANOMALY_FLAG            spot=285 rule=rate_outlier
        6300.0  ANOMALY_FLAG            spot=285 rule=seq_integrity
        6390.0  QUARANTINE_ADD          spot=176 incidents=6 rules=['seq_integrity']
        6390.0  ANOMALY_FLAG            spot=146 rule=seq_integrity
        6390.0  ANOMALY_FLAG            spot=176 rule=seq_integrity
        6390.0  ANOMALY_FLAG            spot=470 rule=seq_integrity
        6450.0  ANOMALY_FLAG            spot=282 rule=seq_integrity
        6570.0  ANOMALY_FLAG            spot=322 rule=seq_integrity
        6690.0  ANOMALY_FLAG            spot=490 rule=seq_integrity
        6720.0  ANOMALY_FLAG            spot=490 rule=rate_outlier
        6840.0  ANOMALY_FLAG            spot=417 rule=seq_integrity
        6900.0  QUARANTINE_ADD          spot=65 incidents=5 rules=['seq_integrity']
        6900.0  ANOMALY_FLAG            spot=65 rule=seq_integrity
        6960.0  ANOMALY_FLAG            spot=290 rule=seq_integrity
        7050.0  ANOMALY_FLAG            spot=285 rule=seq_integrity
        7080.0  ANOMALY_FLAG            spot=98 rule=seq_integrity
        7230.0  ANOMALY_FLAG            spot=254 rule=silent
        7230.0  ANOMALY_FLAG            spot=119 rule=silent
        7230.0  ANOMALY_FLAG            spot=389 rule=silent
        7230.0  ANOMALY_FLAG            spot=132 rule=silent
        7230.0  ANOMALY_FLAG            spot=317 rule=silent
        7230.0  ANOMALY_FLAG            spot=375 rule=silent
        7470.0  ANOMALY_FLAG            spot=328 rule=seq_integrity
        7500.0  ANOMALY_FLAG            spot=255 rule=seq_integrity
        7620.0  ANOMALY_FLAG            spot=285 rule=seq_integrity
        7620.0  ANOMALY_FLAG            spot=285 rule=rate_outlier
        7710.0  ANOMALY_FLAG            spot=435 rule=seq_integrity
        7740.0  ANOMALY_FLAG            spot=164 rule=seq_integrity
        7740.0  ANOMALY_FLAG            spot=224 rule=seq_integrity
        7800.0  ANOMALY_FLAG            spot=470 rule=seq_integrity
        7800.0  ANOMALY_FLAG            spot=134 rule=seq_integrity
        7830.0  ANOMALY_FLAG            spot=490 rule=seq_integrity
        7860.0  ANOMALY_FLAG            spot=258 rule=seq_integrity
        7890.0  ANOMALY_FLAG            spot=265 rule=seq_integrity
        7920.0  QUARANTINE_ADD          spot=354 incidents=5 rules=['seq_integrity']
        7920.0  ANOMALY_FLAG            spot=354 rule=seq_integrity
        7920.0  ANOMALY_FLAG            spot=289 rule=seq_integrity
        7950.0  QUARANTINE_ADD          spot=119 incidents=5 rules=['silent']
        7950.0  QUARANTINE_ADD          spot=132 incidents=5 rules=['silent']
        7950.0  QUARANTINE_ADD          spot=254 incidents=5 rules=['silent']
        7950.0  QUARANTINE_ADD          spot=317 incidents=5 rules=['silent']
        7950.0  QUARANTINE_ADD          spot=375 incidents=5 rules=['silent']
        7950.0  QUARANTINE_ADD          spot=389 incidents=5 rules=['silent']
        7980.0  ANOMALY_FLAG            spot=224 rule=seq_integrity
        8010.0  ANOMALY_FLAG            spot=164 rule=seq_integrity
        8040.0  ANOMALY_FLAG            spot=435 rule=seq_integrity
        8130.0  ANOMALY_FLAG            spot=65 rule=seq_integrity
        8130.0  ANOMALY_FLAG            spot=109 rule=seq_integrity
        8130.0  ANOMALY_FLAG            spot=164 rule=seq_integrity
        8250.0  QUARANTINE_ADD          spot=308 incidents=5 rules=['seq_integrity']
        8250.0  ANOMALY_FLAG            spot=308 rule=seq_integrity
        8370.0  QUARANTINE_ADD          spot=258 incidents=6 rules=['seq_integrity']
        8370.0  ANOMALY_FLAG            spot=224 rule=rate_outlier
        8370.0  ANOMALY_FLAG            spot=258 rule=seq_integrity
        8370.0  ANOMALY_FLAG            spot=224 rule=seq_integrity
        8400.0  ANOMALY_FLAG            spot=285 rule=seq_integrity
        8490.0  ANOMALY_FLAG            spot=120 rule=seq_integrity
        8520.0  ANOMALY_FLAG            spot=104 rule=seq_integrity
        8520.0  ANOMALY_FLAG            spot=42 rule=seq_integrity
        8580.0  ANOMALY_FLAG            spot=490 rule=seq_integrity
        8700.0  ANOMALY_FLAG            spot=435 rule=seq_integrity
        8730.0  ANOMALY_FLAG            spot=490 rule=rate_outlier
        8730.0  ANOMALY_FLAG            spot=376 rule=seq_integrity
        8760.0  ANOMALY_FLAG            spot=354 rule=seq_integrity
        8760.0  ANOMALY_FLAG            spot=104 rule=seq_integrity
        8940.0  ANOMALY_FLAG            spot=146 rule=seq_integrity
        8940.0  ANOMALY_FLAG            spot=285 rule=seq_integrity
        9000.0  ANOMALY_FLAG            spot=280 rule=seq_integrity
        9000.0  ANOMALY_FLAG            spot=164 rule=seq_integrity
        9030.0  ANOMALY_FLAG            spot=308 rule=seq_integrity
        9060.0  ANOMALY_FLAG            spot=470 rule=seq_integrity
        9150.0  ANOMALY_FLAG            spot=324 rule=seq_integrity
        9270.0  ANOMALY_FLAG            spot=435 rule=seq_integrity
        9360.0  ANOMALY_FLAG            spot=428 rule=seq_integrity
        9390.0  ANOMALY_FLAG            spot=164 rule=seq_integrity
        9420.0  ANOMALY_FLAG            spot=134 rule=seq_integrity
        9570.0  ANOMALY_FLAG            spot=154 rule=seq_integrity
        9630.0  ANOMALY_FLAG            spot=376 rule=seq_integrity
        9660.0  ANOMALY_FLAG            spot=354 rule=seq_integrity
        9720.0  ANOMALY_FLAG            spot=326 rule=seq_integrity
        9720.0  ANOMALY_FLAG            spot=250 rule=seq_integrity
        9720.0  ANOMALY_FLAG            spot=397 rule=seq_integrity
        9900.0  ANOMALY_FLAG            spot=179 rule=seq_integrity
        9990.0  ANOMALY_FLAG            spot=354 rule=seq_integrity
       10170.0  ANOMALY_FLAG            spot=376 rule=seq_integrity
       10200.0  ANOMALY_FLAG            spot=42 rule=seq_integrity
       10230.0  ANOMALY_FLAG            spot=19 rule=seq_integrity
       10290.0  ANOMALY_FLAG            spot=435 rule=seq_integrity
       10320.0  ANOMALY_FLAG            spot=104 rule=rate_outlier
       10320.0  ANOMALY_FLAG            spot=448 rule=seq_integrity
       10320.0  ANOMALY_FLAG            spot=104 rule=seq_integrity
       10350.0  ANOMALY_FLAG            spot=465 rule=seq_integrity
       10380.0  ANOMALY_FLAG            spot=65 rule=seq_integrity
       10380.0  ANOMALY_FLAG            spot=176 rule=seq_integrity
       10440.0  ANOMALY_FLAG            spot=224 rule=seq_integrity
       10470.0  ANOMALY_FLAG            spot=320 rule=seq_integrity
       10530.0  ANOMALY_FLAG            spot=394 rule=seq_integrity
       10530.0  ANOMALY_FLAG            spot=492 rule=seq_integrity
       10680.0  ANOMALY_FLAG            spot=224 rule=rate_outlier
       10770.0  ANOMALY_FLAG            spot=224 rule=seq_integrity
       10890.0  QUARANTINE_ADD          spot=470 incidents=5 rules=['seq_integrity']
       10890.0  ANOMALY_FLAG            spot=470 rule=seq_integrity
       10920.0  ANOMALY_FLAG            spot=32 rule=seq_integrity
       10950.0  ANOMALY_FLAG            spot=383 rule=seq_integrity
       10980.0  ANOMALY_FLAG            spot=174 rule=seq_integrity
       10980.0  ANOMALY_FLAG            spot=82 rule=seq_integrity
       11010.0  ANOMALY_FLAG            spot=257 rule=seq_integrity
       11100.0  ANOMALY_FLAG            spot=322 rule=seq_integrity
       11160.0  ANOMALY_FLAG            spot=256 rule=seq_integrity
       11160.0  ANOMALY_FLAG            spot=104 rule=seq_integrity
       11160.0  ANOMALY_FLAG            spot=376 rule=seq_integrity
       11190.0  ANOMALY_FLAG            spot=146 rule=seq_integrity
       11310.0  ANOMALY_FLAG            spot=176 rule=seq_integrity
       11430.0  ANOMALY_FLAG            spot=490 rule=seq_integrity
       11460.0  ANOMALY_FLAG            spot=258 rule=seq_integrity
       11580.0  ANOMALY_FLAG            spot=426 rule=seq_integrity
       11580.0  ANOMALY_FLAG            spot=224 rule=seq_integrity
       11610.0  ANOMALY_FLAG            spot=435 rule=seq_integrity
       11640.0  ANOMALY_FLAG            spot=289 rule=seq_integrity
       11640.0  ANOMALY_FLAG            spot=452 rule=seq_integrity
       11730.0  ANOMALY_FLAG            spot=483 rule=seq_integrity
       11850.0  ANOMALY_FLAG            spot=209 rule=seq_integrity
       11910.0  ANOMALY_FLAG            spot=258 rule=seq_integrity
       11940.0  ANOMALY_FLAG            spot=224 rule=seq_integrity
       12120.0  ANOMALY_FLAG            spot=104 rule=seq_integrity
       12120.0  ANOMALY_FLAG            spot=42 rule=seq_integrity
       12210.0  ANOMALY_FLAG            spot=104 rule=rate_outlier
       12210.0  ANOMALY_FLAG            spot=435 rule=seq_integrity
       12210.0  ANOMALY_FLAG            spot=104 rule=seq_integrity
       12240.0  ANOMALY_FLAG            spot=326 rule=seq_integrity
       12270.0  ANOMALY_FLAG            spot=285 rule=seq_integrity
       12300.0  ANOMALY_FLAG            spot=483 rule=seq_integrity
       12540.0  ANOMALY_FLAG            spot=285 rule=seq_integrity
       12630.0  ANOMALY_FLAG            spot=308 rule=seq_integrity
       12660.0  ANOMALY_FLAG            spot=348 rule=seq_integrity
       12750.0  ANOMALY_FLAG            spot=104 rule=seq_integrity
       12750.0  ANOMALY_FLAG            spot=324 rule=seq_integrity
       12810.0  ANOMALY_FLAG            spot=371 rule=seq_integrity
       12840.0  ANOMALY_FLAG            spot=289 rule=seq_integrity
       12870.0  ANOMALY_FLAG            spot=207 rule=seq_integrity
       12960.0  ANOMALY_FLAG            spot=428 rule=seq_integrity
       12960.0  ANOMALY_FLAG            spot=252 rule=seq_integrity
       13170.0  ANOMALY_FLAG            spot=167 rule=seq_integrity
       13200.0  ANOMALY_FLAG            spot=176 rule=seq_integrity
       13230.0  ANOMALY_FLAG            spot=376 rule=seq_integrity
       13260.0  ANOMALY_FLAG            spot=47 rule=seq_integrity
       13410.0  ANOMALY_FLAG            spot=164 rule=seq_integrity
       13500.0  ANOMALY_FLAG            spot=394 rule=seq_integrity
       13590.0  ANOMALY_FLAG            spot=176 rule=seq_integrity
       13620.0  ANOMALY_FLAG            spot=411 rule=seq_integrity
       13710.0  ANOMALY_FLAG            spot=104 rule=seq_integrity
       13770.0  ANOMALY_FLAG            spot=49 rule=seq_integrity
       13920.0  ANOMALY_FLAG            spot=104 rule=rate_outlier
       14010.0  ANOMALY_FLAG            spot=289 rule=seq_integrity
       14040.0  ANOMALY_FLAG            spot=421 rule=seq_integrity
       14220.0  ANOMALY_FLAG            spot=289 rule=rate_outlier
       14310.0  ANOMALY_FLAG            spot=114 rule=seq_integrity
       14370.0  ANOMALY_FLAG            spot=357 rule=seq_integrity
       14490.0  ANOMALY_FLAG            spot=470 rule=seq_integrity
       14610.0  ANOMALY_FLAG            spot=258 rule=seq_integrity
       14670.0  ANOMALY_FLAG            spot=104 rule=seq_integrity
       14700.0  ANOMALY_FLAG            spot=93 rule=seq_integrity
       14700.0  ANOMALY_FLAG            spot=322 rule=seq_integrity
       14730.0  ANOMALY_FLAG            spot=470 rule=seq_integrity
       14820.0  ANOMALY_FLAG            spot=104 rule=rate_outlier
       14850.0  ANOMALY_FLAG            spot=289 rule=seq_integrity
       14880.0  ANOMALY_FLAG            spot=65 rule=seq_integrity
       14880.0  ANOMALY_FLAG            spot=262 rule=seq_integrity
       15030.0  ANOMALY_FLAG            spot=490 rule=seq_integrity
       15060.0  ANOMALY_FLAG            spot=497 rule=seq_integrity
       15120.0  ANOMALY_FLAG            spot=289 rule=seq_integrity
       15150.0  ANOMALY_FLAG            spot=435 rule=seq_integrity
       15180.0  ANOMALY_FLAG            spot=224 rule=seq_integrity
       15270.0  ANOMALY_FLAG            spot=470 rule=seq_integrity
       15420.0  ANOMALY_FLAG            spot=277 rule=seq_integrity
       15450.0  ANOMALY_FLAG            spot=176 rule=seq_integrity
       15480.0  ANOMALY_FLAG            spot=289 rule=seq_integrity
       15570.0  ANOMALY_FLAG            spot=104 rule=seq_integrity
       15660.0  ANOMALY_FLAG            spot=61 rule=seq_integrity
       15660.0  ANOMALY_FLAG            spot=428 rule=seq_integrity
       15690.0  ANOMALY_FLAG            spot=233 rule=seq_integrity
       15720.0  ANOMALY_FLAG            spot=104 rule=seq_integrity
       15750.0  ANOMALY_FLAG            spot=3 rule=seq_integrity
       15900.0  ANOMALY_FLAG            spot=324 rule=seq_integrity
       15930.0  ANOMALY_FLAG            spot=285 rule=seq_integrity
       15930.0  ANOMALY_FLAG            spot=376 rule=seq_integrity
       15960.0  ANOMALY_FLAG            spot=258 rule=seq_integrity
       16140.0  ANOMALY_FLAG            spot=285 rule=seq_integrity
       16290.0  ANOMALY_FLAG            spot=176 rule=seq_integrity
       16290.0  ANOMALY_FLAG            spot=37 rule=seq_integrity
       16350.0  ANOMALY_FLAG            spot=324 rule=seq_integrity
       16620.0  ANOMALY_FLAG            spot=163 rule=seq_integrity
       16710.0  ANOMALY_FLAG            spot=435 rule=seq_integrity
       16770.0  ANOMALY_FLAG            spot=176 rule=seq_integrity
       16830.0  ANOMALY_FLAG            spot=376 rule=seq_integrity
       16860.0  ANOMALY_FLAG            spot=337 rule=seq_integrity
       16860.0  ANOMALY_FLAG            spot=104 rule=seq_integrity
       17130.0  ANOMALY_FLAG            spot=354 rule=seq_integrity
       17250.0  ANOMALY_FLAG            spot=427 rule=seq_integrity
       17490.0  ANOMALY_FLAG            spot=289 rule=seq_integrity
       17490.0  ANOMALY_FLAG            spot=224 rule=seq_integrity
       17610.0  ANOMALY_FLAG            spot=320 rule=seq_integrity
       17670.0  ANOMALY_FLAG            spot=311 rule=seq_integrity
       17700.0  ANOMALY_FLAG            spot=42 rule=seq_integrity
       17730.0  ANOMALY_FLAG            spot=490 rule=rate_outlier
       17730.0  ANOMALY_FLAG            spot=490 rule=seq_integrity
       17760.0  ANOMALY_FLAG            spot=176 rule=seq_integrity
       17850.0  ANOMALY_FLAG            spot=354 rule=seq_integrity
       17910.0  ANOMALY_FLAG            spot=164 rule=seq_integrity
       18030.0  ANOMALY_FLAG            spot=308 rule=seq_integrity
       18090.0  ANOMALY_FLAG            spot=176 rule=seq_integrity
       18120.0  ANOMALY_FLAG            spot=296 rule=seq_integrity
       18210.0  ANOMALY_FLAG            spot=6 rule=seq_integrity
       18300.0  ANOMALY_FLAG            spot=324 rule=seq_integrity
       18330.0  ANOMALY_FLAG            spot=428 rule=seq_integrity
       18630.0  ANOMALY_FLAG            spot=490 rule=seq_integrity
       18660.0  ANOMALY_FLAG            spot=354 rule=seq_integrity
       18660.0  ANOMALY_FLAG            spot=428 rule=seq_integrity
       18720.0  ANOMALY_FLAG            spot=490 rule=rate_outlier
       18720.0  ANOMALY_FLAG            spot=289 rule=seq_integrity
       18720.0  ANOMALY_FLAG            spot=490 rule=seq_integrity
       18780.0  ANOMALY_FLAG            spot=224 rule=seq_integrity
       18810.0  ANOMALY_FLAG            spot=164 rule=seq_integrity
       19110.0  ANOMALY_FLAG            spot=152 rule=seq_integrity
       19110.0  ANOMALY_FLAG            spot=435 rule=seq_integrity
       19200.0  ANOMALY_FLAG            spot=322 rule=seq_integrity
       19260.0  ANOMALY_FLAG            spot=288 rule=seq_integrity
       19290.0  ANOMALY_FLAG            spot=495 rule=seq_integrity
       19320.0  ANOMALY_FLAG            spot=104 rule=seq_integrity
       19320.0  ANOMALY_FLAG            spot=490 rule=seq_integrity
       19320.0  ANOMALY_FLAG            spot=289 rule=seq_integrity
       19350.0  ANOMALY_FLAG            spot=354 rule=seq_integrity
       19380.0  ANOMALY_FLAG            spot=282 rule=seq_integrity
       19440.0  ANOMALY_FLAG            spot=289 rule=rate_outlier
       19440.0  ANOMALY_FLAG            spot=289 rule=seq_integrity
       19440.0  ANOMALY_FLAG            spot=327 rule=seq_integrity
       19560.0  ANOMALY_FLAG            spot=258 rule=seq_integrity
       19560.0  ANOMALY_FLAG            spot=463 rule=seq_integrity
       19590.0  ANOMALY_FLAG            spot=176 rule=seq_integrity
       19590.0  ANOMALY_FLAG            spot=365 rule=seq_integrity
       19710.0  ANOMALY_FLAG            spot=65 rule=seq_integrity
       19710.0  ANOMALY_FLAG            spot=490 rule=rate_outlier
       19710.0  ANOMALY_FLAG            spot=490 rule=seq_integrity
       19740.0  ANOMALY_FLAG            spot=285 rule=seq_integrity
       19860.0  ANOMALY_FLAG            spot=79 rule=seq_integrity
       19890.0  ANOMALY_FLAG            spot=470 rule=seq_integrity
       20010.0  ANOMALY_FLAG            spot=296 rule=seq_integrity
       20070.0  ANOMALY_FLAG            spot=435 rule=seq_integrity
       20310.0  ANOMALY_FLAG            spot=435 rule=seq_integrity
       20430.0  ANOMALY_FLAG            spot=376 rule=seq_integrity
       20460.0  ANOMALY_FLAG            spot=199 rule=seq_integrity
       20700.0  ANOMALY_FLAG            spot=471 rule=seq_integrity
       20760.0  ANOMALY_FLAG            spot=52 rule=seq_integrity
       20820.0  ANOMALY_FLAG            spot=490 rule=rate_outlier
       20820.0  ANOMALY_FLAG            spot=490 rule=seq_integrity
       20850.0  ANOMALY_FLAG            spot=324 rule=seq_integrity
       21060.0  ANOMALY_FLAG            spot=428 rule=seq_integrity
       21120.0  ANOMALY_FLAG            spot=42 rule=seq_integrity
       21150.0  ANOMALY_FLAG            spot=470 rule=seq_integrity
       21180.0  ANOMALY_FLAG            spot=285 rule=seq_integrity
       21210.0  ANOMALY_FLAG            spot=435 rule=seq_integrity
       21330.0  ANOMALY_FLAG            spot=376 rule=seq_integrity
       21480.0  ANOMALY_FLAG            spot=470 rule=seq_integrity
       21510.0  ANOMALY_FLAG            spot=369 rule=seq_integrity
       21510.0  ANOMALY_FLAG            spot=164 rule=seq_integrity
       21540.0  ANOMALY_FLAG            spot=285 rule=rate_outlier
       21630.0  ANOMALY_FLAG            spot=308 rule=seq_integrity
       21630.0  ANOMALY_FLAG            spot=42 rule=seq_integrity
       21750.0  ANOMALY_FLAG            spot=324 rule=seq_integrity
       21750.0  ANOMALY_FLAG            spot=91 rule=seq_integrity
       22080.0  ANOMALY_FLAG            spot=224 rule=seq_integrity
       22110.0  ANOMALY_FLAG            spot=490 rule=seq_integrity
       22230.0  ANOMALY_FLAG            spot=490 rule=seq_integrity
       22260.0  ANOMALY_FLAG            spot=354 rule=seq_integrity
       22320.0  ANOMALY_FLAG            spot=289 rule=seq_integrity
       22350.0  ANOMALY_FLAG            spot=439 rule=seq_integrity
       22380.0  ANOMALY_FLAG            spot=224 rule=rate_outlier
       22380.0  ANOMALY_FLAG            spot=224 rule=seq_integrity
       22590.0  ANOMALY_FLAG            spot=176 rule=seq_integrity
       22800.0  ANOMALY_FLAG            spot=322 rule=seq_integrity
       22920.0  ANOMALY_FLAG            spot=104 rule=seq_integrity
       23160.0  ANOMALY_FLAG            spot=258 rule=seq_integrity
       23310.0  ANOMALY_FLAG            spot=285 rule=seq_integrity
       23460.0  ANOMALY_FLAG            spot=175 rule=seq_integrity
       23490.0  ANOMALY_FLAG            spot=470 rule=seq_integrity
       23700.0  ANOMALY_FLAG            spot=193 rule=seq_integrity
       23820.0  ANOMALY_FLAG            spot=428 rule=seq_integrity
       23880.0  ANOMALY_FLAG            spot=65 rule=seq_integrity
       24270.0  ANOMALY_FLAG            spot=428 rule=seq_integrity
       24450.0  ANOMALY_FLAG            spot=176 rule=seq_integrity
       24450.0  ANOMALY_FLAG            spot=324 rule=seq_integrity
       24480.0  ANOMALY_FLAG            spot=391 rule=seq_integrity
       24540.0  ANOMALY_FLAG            spot=331 rule=seq_integrity
       24600.0  ANOMALY_FLAG            spot=224 rule=rate_outlier
       24600.0  ANOMALY_FLAG            spot=224 rule=seq_integrity
       24660.0  ANOMALY_FLAG            spot=228 rule=seq_integrity
       24660.0  ANOMALY_FLAG            spot=428 rule=seq_integrity
       24690.0  ANOMALY_FLAG            spot=15 rule=seq_integrity
       24720.0  ANOMALY_FLAG            spot=490 rule=seq_integrity
       24750.0  ANOMALY_FLAG            spot=435 rule=seq_integrity
       24780.0  ANOMALY_FLAG            spot=96 rule=seq_integrity
       24810.0  ANOMALY_FLAG            spot=470 rule=seq_integrity
       24870.0  ANOMALY_FLAG            spot=422 rule=seq_integrity
       24930.0  ANOMALY_FLAG            spot=224 rule=seq_integrity
       24930.0  ANOMALY_FLAG            spot=376 rule=seq_integrity
       25140.0  ANOMALY_FLAG            spot=104 rule=rate_outlier
       25140.0  ANOMALY_FLAG            spot=104 rule=seq_integrity
       25170.0  ANOMALY_FLAG            spot=224 rule=seq_integrity
       25230.0  ANOMALY_FLAG            spot=308 rule=seq_integrity
       25260.0  ANOMALY_FLAG            spot=490 rule=seq_integrity
       25260.0  ANOMALY_FLAG            spot=89 rule=seq_integrity
       25290.0  ANOMALY_FLAG            spot=484 rule=seq_integrity
       25320.0  ANOMALY_FLAG            spot=176 rule=seq_integrity
       25350.0  ANOMALY_FLAG            spot=324 rule=seq_integrity
       25500.0  ANOMALY_FLAG            spot=435 rule=seq_integrity
       25560.0  ANOMALY_FLAG            spot=428 rule=seq_integrity
       25620.0  ANOMALY_FLAG            spot=42 rule=seq_integrity
       25830.0  ANOMALY_FLAG            spot=490 rule=rate_outlier
       25830.0  ANOMALY_FLAG            spot=490 rule=seq_integrity
       25860.0  ANOMALY_FLAG            spot=354 rule=seq_integrity
       25920.0  ANOMALY_FLAG            spot=171 rule=seq_integrity
       25920.0  ANOMALY_FLAG            spot=177 rule=seq_integrity
       25920.0  ANOMALY_FLAG            spot=289 rule=seq_integrity
       25980.0  ANOMALY_FLAG            spot=324 rule=seq_integrity
       25980.0  ANOMALY_FLAG            spot=224 rule=seq_integrity
       26040.0  ANOMALY_FLAG            spot=224 rule=seq_integrity
       26130.0  ANOMALY_FLAG            spot=322 rule=seq_integrity
       26280.0  ANOMALY_FLAG            spot=106 rule=seq_integrity
       26280.0  ANOMALY_FLAG            spot=224 rule=rate_outlier
       26280.0  ANOMALY_FLAG            spot=224 rule=seq_integrity
       26340.0  ANOMALY_FLAG            spot=225 rule=seq_integrity
       26370.0  ANOMALY_FLAG            spot=470 rule=seq_integrity
       26400.0  ANOMALY_FLAG            spot=322 rule=rate_outlier
       26400.0  ANOMALY_FLAG            spot=322 rule=seq_integrity
       26520.0  ANOMALY_FLAG            spot=68 rule=seq_integrity
       26520.0  ANOMALY_FLAG            spot=104 rule=seq_integrity
       26610.0  ANOMALY_FLAG            spot=290 rule=seq_integrity
       26700.0  ANOMALY_FLAG            spot=224 rule=seq_integrity
       26730.0  ANOMALY_FLAG            spot=163 rule=seq_integrity
       26790.0  ANOMALY_FLAG            spot=196 rule=seq_integrity
       26910.0  ANOMALY_FLAG            spot=164 rule=seq_integrity
       26940.0  ANOMALY_FLAG            spot=285 rule=seq_integrity
       26940.0  ANOMALY_FLAG            spot=435 rule=seq_integrity
       26940.0  ANOMALY_FLAG            spot=197 rule=seq_integrity
       27000.0  ANOMALY_FLAG            spot=106 rule=seq_integrity
       27060.0  ANOMALY_FLAG            spot=326 rule=seq_integrity
       27090.0  ANOMALY_FLAG            spot=470 rule=seq_integrity
       27210.0  ANOMALY_FLAG            spot=161 rule=seq_integrity
       27240.0  ANOMALY_FLAG            spot=224 rule=rate_outlier
       27240.0  ANOMALY_FLAG            spot=224 rule=seq_integrity
       27270.0  ANOMALY_FLAG            spot=39 rule=seq_integrity
       27450.0  ANOMALY_FLAG            spot=322 rule=seq_integrity
       27480.0  ANOMALY_FLAG            spot=65 rule=seq_integrity
       27660.0  ANOMALY_FLAG            spot=258 rule=seq_integrity
       27810.0  ANOMALY_FLAG            spot=164 rule=seq_integrity
       27900.0  ANOMALY_FLAG            spot=224 rule=seq_integrity
       27960.0  ANOMALY_FLAG            spot=324 rule=seq_integrity
       28050.0  ANOMALY_FLAG            spot=324 rule=seq_integrity
       28080.0  ANOMALY_FLAG            spot=159 rule=seq_integrity
       28140.0  ANOMALY_FLAG            spot=174 rule=seq_integrity
       28320.0  ANOMALY_FLAG            spot=278 rule=seq_integrity
       28350.0  ANOMALY_FLAG            spot=322 rule=rate_outlier
       28350.0  ANOMALY_FLAG            spot=322 rule=seq_integrity
       28410.0  ANOMALY_FLAG            spot=435 rule=seq_integrity
       28470.0  ANOMALY_FLAG            spot=247 rule=seq_integrity
       28500.0  ANOMALY_FLAG            spot=346 rule=seq_integrity
       28680.0  ANOMALY_FLAG            spot=6 rule=seq_integrity
       28830.0  ANOMALY_FLAG            spot=308 rule=seq_integrity
       28890.0  ANOMALY_FLAG            spot=222 rule=seq_integrity
       28920.0  ANOMALY_FLAG            spot=383 rule=seq_integrity
       28950.0  ANOMALY_FLAG            spot=324 rule=seq_integrity
       29010.0  ANOMALY_FLAG            spot=322 rule=seq_integrity
       29040.0  ANOMALY_FLAG            spot=187 rule=seq_integrity
       29070.0  ANOMALY_FLAG            spot=164 rule=seq_integrity
       29070.0  ANOMALY_FLAG            spot=313 rule=seq_integrity
       29160.0  ANOMALY_FLAG            spot=428 rule=seq_integrity
       29430.0  ANOMALY_FLAG            spot=490 rule=seq_integrity
       29430.0  ANOMALY_FLAG            spot=376 rule=seq_integrity
       29460.0  ANOMALY_FLAG            spot=272 rule=seq_integrity
       29460.0  ANOMALY_FLAG            spot=354 rule=seq_integrity
       29520.0  ANOMALY_FLAG            spot=164 rule=seq_integrity
       29520.0  ANOMALY_FLAG            spot=289 rule=seq_integrity
       29580.0  ANOMALY_FLAG            spot=125 rule=seq_integrity
       29580.0  ANOMALY_FLAG            spot=224 rule=seq_integrity
       29670.0  ANOMALY_FLAG            spot=333 rule=seq_integrity
       29760.0  ANOMALY_FLAG            spot=322 rule=seq_integrity
       29820.0  ANOMALY_FLAG            spot=224 rule=seq_integrity
       30000.0  ANOMALY_FLAG            spot=322 rule=seq_integrity
       30060.0  ANOMALY_FLAG            spot=427 rule=seq_integrity
       30120.0  ANOMALY_FLAG            spot=42 rule=seq_integrity
       30240.0  ANOMALY_FLAG            spot=444 rule=seq_integrity
       30240.0  ANOMALY_FLAG            spot=428 rule=seq_integrity
       30300.0  ANOMALY_FLAG            spot=435 rule=seq_integrity
       30300.0  ANOMALY_FLAG            spot=430 rule=seq_integrity
       30300.0  ANOMALY_FLAG            spot=376 rule=seq_integrity
       30360.0  ANOMALY_FLAG            spot=322 rule=seq_integrity
       30390.0  ANOMALY_FLAG            spot=164 rule=seq_integrity
       30540.0  ANOMALY_FLAG            spot=285 rule=seq_integrity
       30690.0  ANOMALY_FLAG            spot=176 rule=seq_integrity
       30690.0  ANOMALY_FLAG            spot=470 rule=seq_integrity
       30750.0  ANOMALY_FLAG            spot=143 rule=seq_integrity
       30900.0  ANOMALY_FLAG            spot=322 rule=rate_outlier
       30900.0  ANOMALY_FLAG            spot=322 rule=seq_integrity
       30990.0  ANOMALY_FLAG            spot=366 rule=seq_integrity
       31110.0  ANOMALY_FLAG            spot=435 rule=seq_integrity
       31290.0  ANOMALY_FLAG            spot=421 rule=seq_integrity
       31320.0  ANOMALY_FLAG            spot=164 rule=seq_integrity
       31410.0  ANOMALY_FLAG            spot=164 rule=seq_integrity
       31560.0  ANOMALY_FLAG            spot=351 rule=seq_integrity
       31590.0  ANOMALY_FLAG            spot=404 rule=seq_integrity
       31680.0  ANOMALY_FLAG            spot=322 rule=seq_integrity
       32040.0  ANOMALY_FLAG            spot=435 rule=seq_integrity
       32040.0  ANOMALY_FLAG            spot=77 rule=seq_integrity
       32130.0  ANOMALY_FLAG            spot=344 rule=seq_integrity
       32160.0  ANOMALY_FLAG            spot=258 rule=seq_integrity
       32190.0  ANOMALY_FLAG            spot=403 rule=seq_integrity
       32280.0  ANOMALY_FLAG            spot=58 rule=seq_integrity
       32310.0  ANOMALY_FLAG            spot=164 rule=seq_integrity
       32340.0  ANOMALY_FLAG            spot=225 rule=seq_integrity
       32430.0  ANOMALY_FLAG            spot=258 rule=seq_integrity
       32490.0  ANOMALY_FLAG            spot=336 rule=seq_integrity
       32520.0  ANOMALY_FLAG            spot=490 rule=seq_integrity
       32610.0  ANOMALY_FLAG            spot=160 rule=seq_integrity
       32610.0  ANOMALY_FLAG            spot=324 rule=seq_integrity
       32790.0  ANOMALY_FLAG            spot=376 rule=seq_integrity
       32820.0  ANOMALY_FLAG            spot=337 rule=seq_integrity
       32970.0  ANOMALY_FLAG            spot=274 rule=seq_integrity
       33030.0  ANOMALY_FLAG            spot=490 rule=rate_outlier
       33030.0  ANOMALY_FLAG            spot=490 rule=seq_integrity
       33030.0  ANOMALY_FLAG            spot=376 rule=seq_integrity
       33060.0  ANOMALY_FLAG            spot=354 rule=seq_integrity
       33120.0  ANOMALY_FLAG            spot=289 rule=seq_integrity
       33300.0  ANOMALY_FLAG            spot=65 rule=seq_integrity
       33300.0  ANOMALY_FLAG            spot=26 rule=seq_integrity
       33330.0  ANOMALY_FLAG            spot=396 rule=seq_integrity
       33600.0  ANOMALY_FLAG            spot=322 rule=seq_integrity
       33720.0  ANOMALY_FLAG            spot=104 rule=seq_integrity
       33720.0  ANOMALY_FLAG            spot=42 rule=seq_integrity
       33750.0  ANOMALY_FLAG            spot=207 rule=seq_integrity
       33930.0  ANOMALY_FLAG            spot=427 rule=seq_integrity
       33930.0  ANOMALY_FLAG            spot=376 rule=seq_integrity
       34080.0  ANOMALY_FLAG            spot=148 rule=seq_integrity
       34080.0  ANOMALY_FLAG            spot=224 rule=seq_integrity
       34110.0  ANOMALY_FLAG            spot=490 rule=seq_integrity
       34140.0  ANOMALY_FLAG            spot=285 rule=seq_integrity
       34140.0  ANOMALY_FLAG            spot=376 rule=seq_integrity
       34200.0  ANOMALY_FLAG            spot=146 rule=seq_integrity
       34290.0  ANOMALY_FLAG            spot=470 rule=seq_integrity
       34350.0  ANOMALY_FLAG            spot=384 rule=seq_integrity
       34470.0  ANOMALY_FLAG            spot=42 rule=seq_integrity
       34500.0  ANOMALY_FLAG            spot=324 rule=seq_integrity
       34500.0  ANOMALY_FLAG            spot=64 rule=seq_integrity
       34590.0  ANOMALY_FLAG            spot=272 rule=seq_integrity
       34710.0  ANOMALY_FLAG            spot=435 rule=seq_integrity
       34770.0  ANOMALY_FLAG            spot=479 rule=seq_integrity
       34830.0  ANOMALY_FLAG            spot=428 rule=seq_integrity
       35190.0  ANOMALY_FLAG            spot=176 rule=seq_integrity
       35190.0  ANOMALY_FLAG            spot=470 rule=seq_integrity
       35220.0  ANOMALY_FLAG            spot=324 rule=seq_integrity
       35280.0  ANOMALY_FLAG            spot=337 rule=seq_integrity
       35490.0  ANOMALY_FLAG            spot=218 rule=seq_integrity
       35490.0  ANOMALY_FLAG            spot=490 rule=seq_integrity
       35610.0  ANOMALY_FLAG            spot=435 rule=seq_integrity
       35670.0  ANOMALY_FLAG            spot=435 rule=seq_integrity
       35730.0  ANOMALY_FLAG            spot=490 rule=rate_outlier
       35760.0  ANOMALY_FLAG            spot=258 rule=seq_integrity
       35850.0  ANOMALY_FLAG            spot=65 rule=seq_integrity
       36090.0  ANOMALY_FLAG            spot=176 rule=seq_integrity
       36120.0  QUARANTINE_RELEASE      spot=308 reason=score recovered (5 clean ticks)
       36150.0  ANOMALY_FLAG            spot=164 rule=seq_integrity
       36150.0  ANOMALY_FLAG            spot=324 rule=seq_integrity
       36270.0  ANOMALY_FLAG            spot=435 rule=seq_integrity
       36300.0  ANOMALY_FLAG            spot=376 rule=seq_integrity
       36450.0  ANOMALY_FLAG            spot=480 rule=seq_integrity
       36480.0  ANOMALY_FLAG            spot=65 rule=seq_integrity
       36480.0  ANOMALY_FLAG            spot=428 rule=seq_integrity
       36570.0  ANOMALY_FLAG            spot=450 rule=seq_integrity
       36630.0  ANOMALY_FLAG            spot=490 rule=seq_integrity
       36660.0  ANOMALY_FLAG            spot=354 rule=seq_integrity
       36690.0  ANOMALY_FLAG            spot=490 rule=seq_integrity
       36810.0  ANOMALY_FLAG            spot=216 rule=seq_integrity
       36930.0  ANOMALY_FLAG            spot=470 rule=seq_integrity
       36930.0  ANOMALY_FLAG            spot=308 rule=seq_integrity
       36990.0  ANOMALY_FLAG            spot=378 rule=seq_integrity
       37080.0  ANOMALY_FLAG            spot=104 rule=seq_integrity
       37170.0  ANOMALY_FLAG            spot=168 rule=seq_integrity
       37200.0  ANOMALY_FLAG            spot=322 rule=seq_integrity
       37260.0  ANOMALY_FLAG            spot=428 rule=seq_integrity
       37320.0  ANOMALY_FLAG            spot=21 rule=seq_integrity
       37320.0  ANOMALY_FLAG            spot=104 rule=seq_integrity
       37320.0  ANOMALY_FLAG            spot=42 rule=seq_integrity
       37410.0  ANOMALY_FLAG            spot=258 rule=seq_integrity
       37620.0  ANOMALY_FLAG            spot=289 rule=seq_integrity
       37680.0  ANOMALY_FLAG            spot=224 rule=seq_integrity
       37710.0  ANOMALY_FLAG            spot=293 rule=seq_integrity
       37710.0  ANOMALY_FLAG            spot=475 rule=seq_integrity
       37710.0  ANOMALY_FLAG            spot=330 rule=seq_integrity
       37740.0  ANOMALY_FLAG            spot=104 rule=rate_outlier
       37740.0  ANOMALY_FLAG            spot=334 rule=seq_integrity
       37740.0  ANOMALY_FLAG            spot=104 rule=seq_integrity
       37740.0  ANOMALY_FLAG            spot=285 rule=seq_integrity
       38130.0  ANOMALY_FLAG            spot=376 rule=seq_integrity
       38160.0  ANOMALY_FLAG            spot=428 rule=seq_integrity
       38220.0  ANOMALY_FLAG            spot=324 rule=seq_integrity
       38250.0  ANOMALY_FLAG            spot=498 rule=seq_integrity
       38310.0  ANOMALY_FLAG            spot=164 rule=seq_integrity
       38430.0  ANOMALY_FLAG            spot=376 rule=seq_integrity
       38490.0  ANOMALY_FLAG            spot=276 rule=seq_integrity
       38790.0  ANOMALY_FLAG            spot=470 rule=seq_integrity
       38850.0  ANOMALY_FLAG            spot=80 rule=seq_integrity
       38910.0  ANOMALY_FLAG            spot=164 rule=seq_integrity
       39030.0  ANOMALY_FLAG            spot=206 rule=seq_integrity
       39210.0  ANOMALY_FLAG            spot=435 rule=seq_integrity
       39270.0  ANOMALY_FLAG            spot=379 rule=seq_integrity
       39330.0  ANOMALY_FLAG            spot=376 rule=seq_integrity
       39360.0  ANOMALY_FLAG            spot=258 rule=seq_integrity
       39390.0  ANOMALY_FLAG            spot=320 rule=seq_integrity
       39390.0  ANOMALY_FLAG            spot=65 rule=seq_integrity
       39390.0  ANOMALY_FLAG            spot=493 rule=seq_integrity
       39420.0  ANOMALY_FLAG            spot=365 rule=seq_integrity
       39570.0  ANOMALY_FLAG            spot=404 rule=seq_integrity
       39630.0  ANOMALY_FLAG            spot=490 rule=rate_outlier
       39630.0  ANOMALY_FLAG            spot=218 rule=seq_integrity
       39630.0  ANOMALY_FLAG            spot=490 rule=seq_integrity
       39660.0  ANOMALY_FLAG            spot=435 rule=seq_integrity
       39720.0  ANOMALY_FLAG            spot=487 rule=seq_integrity
       39750.0  ANOMALY_FLAG            spot=324 rule=seq_integrity
       39780.0  ANOMALY_FLAG            spot=104 rule=seq_integrity
       40020.0  ANOMALY_FLAG            spot=104 rule=rate_outlier
       40080.0  ANOMALY_FLAG            spot=65 rule=seq_integrity
       40110.0  ANOMALY_FLAG            spot=285 rule=seq_integrity
       40110.0  ANOMALY_FLAG            spot=285 rule=rate_outlier
       40110.0  ANOMALY_FLAG            spot=490 rule=seq_integrity
       40110.0  ANOMALY_FLAG            spot=431 rule=seq_integrity
       40170.0  ANOMALY_FLAG            spot=293 rule=seq_integrity
       40230.0  ANOMALY_FLAG            spot=490 rule=seq_integrity
       40260.0  ANOMALY_FLAG            spot=354 rule=seq_integrity
       40410.0  ANOMALY_FLAG            spot=164 rule=seq_integrity
       40500.0  ANOMALY_FLAG            spot=482 rule=seq_integrity
       40680.0  ANOMALY_FLAG            spot=490 rule=seq_integrity
       40740.0  ANOMALY_FLAG            spot=324 rule=seq_integrity
       40770.0  ANOMALY_FLAG            spot=437 rule=seq_integrity
       40800.0  ANOMALY_FLAG            spot=285 rule=seq_integrity
       40800.0  ANOMALY_FLAG            spot=322 rule=seq_integrity
       40890.0  ANOMALY_FLAG            spot=31 rule=seq_integrity
       40920.0  ANOMALY_FLAG            spot=42 rule=seq_integrity
       40950.0  ANOMALY_FLAG            spot=13 rule=seq_integrity
       41100.0  ANOMALY_FLAG            spot=59 rule=seq_integrity
       41160.0  ANOMALY_FLAG            spot=490 rule=rate_outlier
       41160.0  ANOMALY_FLAG            spot=490 rule=seq_integrity
       41220.0  ANOMALY_FLAG            spot=289 rule=seq_integrity
       41310.0  ANOMALY_FLAG            spot=164 rule=seq_integrity
       41340.0  ANOMALY_FLAG            spot=285 rule=seq_integrity
       41370.0  ANOMALY_FLAG            spot=285 rule=rate_outlier
       41430.0  ANOMALY_FLAG            spot=308 rule=seq_integrity
       41520.0  ANOMALY_FLAG            spot=114 rule=seq_integrity
       41670.0  ANOMALY_FLAG            spot=185 rule=seq_integrity
       41760.0  ANOMALY_FLAG            spot=428 rule=seq_integrity
       41880.0  ANOMALY_FLAG            spot=324 rule=seq_integrity
       42030.0  ANOMALY_FLAG            spot=470 rule=seq_integrity
       42150.0  ANOMALY_FLAG            spot=224 rule=seq_integrity
       42330.0  ANOMALY_FLAG            spot=490 rule=seq_integrity
       42390.0  ANOMALY_FLAG            spot=176 rule=seq_integrity
       42420.0  ANOMALY_FLAG            spot=295 rule=seq_integrity
       42450.0  ANOMALY_FLAG            spot=324 rule=seq_integrity
       42810.0  ANOMALY_FLAG            spot=435 rule=seq_integrity
       42930.0  ANOMALY_FLAG            spot=376 rule=seq_integrity
       42960.0  ANOMALY_FLAG            spot=113 rule=seq_integrity
       43080.0  ANOMALY_FLAG            spot=477 rule=seq_integrity
       43110.0  ANOMALY_FLAG            spot=9 rule=seq_integrity
       43140.0  ANOMALY_FLAG            spot=104 rule=seq_integrity
       43290.0  ANOMALY_FLAG            spot=176 rule=seq_integrity
       43290.0  ANOMALY_FLAG            spot=470 rule=seq_integrity
       43350.0  ANOMALY_FLAG            spot=324 rule=seq_integrity
       43350.0  ANOMALY_FLAG            spot=137 rule=seq_integrity
       43440.0  ANOMALY_FLAG            spot=245 rule=seq_integrity
       43470.0  ANOMALY_FLAG            spot=435 rule=seq_integrity
       43470.0  ANOMALY_FLAG            spot=376 rule=seq_integrity
       43530.0  ANOMALY_FLAG            spot=470 rule=seq_integrity
       43680.0  ANOMALY_FLAG            spot=65 rule=seq_integrity
       43800.0  ANOMALY_FLAG            spot=470 rule=seq_integrity
       43830.0  ANOMALY_FLAG            spot=490 rule=seq_integrity
       44010.0  ANOMALY_FLAG            spot=164 rule=seq_integrity
       44100.0  ANOMALY_FLAG            spot=296 rule=seq_integrity
       44100.0  ANOMALY_FLAG            spot=324 rule=seq_integrity
       44340.0  ANOMALY_FLAG            spot=394 rule=seq_integrity
       44400.0  ANOMALY_FLAG            spot=415 rule=seq_integrity
       44400.0  ANOMALY_FLAG            spot=322 rule=seq_integrity
       44430.0  ANOMALY_FLAG            spot=285 rule=seq_integrity
       44520.0  ANOMALY_FLAG            spot=104 rule=seq_integrity
       44520.0  ANOMALY_FLAG            spot=42 rule=seq_integrity
       44550.0  ANOMALY_FLAG            spot=435 rule=seq_integrity
       44580.0  ANOMALY_FLAG            spot=428 rule=seq_integrity
       44610.0  ANOMALY_FLAG            spot=128 rule=seq_integrity
       44670.0  ANOMALY_FLAG            spot=257 rule=seq_integrity
       44760.0  ANOMALY_FLAG            spot=354 rule=seq_integrity
       44820.0  ANOMALY_FLAG            spot=289 rule=seq_integrity
       44880.0  ANOMALY_FLAG            spot=224 rule=seq_integrity
       44910.0  ANOMALY_FLAG            spot=164 rule=seq_integrity
       44940.0  ANOMALY_FLAG            spot=285 rule=seq_integrity
       44940.0  ANOMALY_FLAG            spot=285 rule=rate_outlier
       44970.0  ANOMALY_FLAG            spot=104 rule=rate_outlier
       44970.0  ANOMALY_FLAG            spot=104 rule=seq_integrity
       45240.0  ANOMALY_FLAG            spot=324 rule=seq_integrity
       45300.0  ANOMALY_FLAG            spot=315 rule=seq_integrity
       45390.0  ANOMALY_FLAG            spot=220 rule=seq_integrity
       45630.0  ANOMALY_FLAG            spot=376 rule=seq_integrity
       45660.0  ANOMALY_FLAG            spot=258 rule=seq_integrity
       45720.0  ANOMALY_FLAG            spot=490 rule=seq_integrity
       45780.0  ANOMALY_FLAG            spot=324 rule=seq_integrity
       45840.0  ANOMALY_FLAG            spot=376 rule=rate_outlier
       45840.0  ANOMALY_FLAG            spot=376 rule=seq_integrity
       45930.0  ANOMALY_FLAG            spot=308 rule=seq_integrity
       46050.0  ANOMALY_FLAG            spot=324 rule=seq_integrity
       46230.0  ANOMALY_FLAG            spot=160 rule=seq_integrity
       46260.0  ANOMALY_FLAG            spot=428 rule=seq_integrity
       46710.0  ANOMALY_FLAG            spot=415 rule=seq_integrity
       47070.0  ANOMALY_FLAG            spot=60 rule=seq_integrity
       47430.0  ANOMALY_FLAG            spot=490 rule=seq_integrity
       47490.0  ANOMALY_FLAG            spot=104 rule=seq_integrity
       47520.0  ANOMALY_FLAG            spot=204 rule=seq_integrity
       47610.0  ANOMALY_FLAG            spot=353 rule=seq_integrity
       47610.0  ANOMALY_FLAG            spot=164 rule=seq_integrity
       47670.0  ANOMALY_FLAG            spot=224 rule=seq_integrity
       47700.0  ANOMALY_FLAG            spot=414 rule=seq_integrity
       47790.0  ANOMALY_FLAG            spot=470 rule=seq_integrity
       47940.0  ANOMALY_FLAG            spot=340 rule=seq_integrity
       48000.0  ANOMALY_FLAG            spot=322 rule=seq_integrity
       48030.0  ANOMALY_FLAG            spot=164 rule=seq_integrity
       48060.0  ANOMALY_FLAG            spot=72 rule=seq_integrity
       48060.0  ANOMALY_FLAG            spot=222 rule=seq_integrity
       48120.0  ANOMALY_FLAG            spot=104 rule=seq_integrity
       48120.0  ANOMALY_FLAG            spot=42 rule=seq_integrity
       48180.0  ANOMALY_FLAG            spot=65 rule=seq_integrity
       48180.0  ANOMALY_FLAG            spot=470 rule=seq_integrity
       48210.0  ANOMALY_FLAG            spot=64 rule=seq_integrity
       48210.0  ANOMALY_FLAG            spot=435 rule=seq_integrity
       48210.0  ANOMALY_FLAG            spot=308 rule=seq_integrity
       48270.0  ANOMALY_FLAG            spot=324 rule=seq_integrity
       48360.0  ANOMALY_FLAG            spot=354 rule=seq_integrity
       48420.0  ANOMALY_FLAG            spot=104 rule=rate_outlier
       48420.0  ANOMALY_FLAG            spot=104 rule=seq_integrity
       48420.0  ANOMALY_FLAG            spot=289 rule=seq_integrity
       48450.0  ANOMALY_FLAG            spot=176 rule=seq_integrity
       48480.0  ANOMALY_FLAG            spot=224 rule=seq_integrity
       48540.0  ANOMALY_FLAG            spot=285 rule=seq_integrity
       48630.0  ANOMALY_FLAG            spot=177 rule=seq_integrity
       48690.0  ANOMALY_FLAG            spot=176 rule=seq_integrity
       48720.0  ANOMALY_FLAG            spot=224 rule=rate_outlier
       48720.0  ANOMALY_FLAG            spot=224 rule=seq_integrity
       48900.0  ANOMALY_FLAG            spot=164 rule=seq_integrity
       49110.0  ANOMALY_FLAG            spot=104 rule=rate_outlier
       49110.0  ANOMALY_FLAG            spot=104 rule=seq_integrity
       49110.0  ANOMALY_FLAG            spot=376 rule=seq_integrity
       49230.0  ANOMALY_FLAG            spot=376 rule=seq_integrity
       49260.0  ANOMALY_FLAG            spot=258 rule=seq_integrity
       49440.0  ANOMALY_FLAG            spot=324 rule=seq_integrity
       49440.0  ANOMALY_FLAG            spot=373 rule=seq_integrity
       49530.0  ANOMALY_FLAG            spot=308 rule=seq_integrity
       49590.0  ANOMALY_FLAG            spot=176 rule=seq_integrity
       49590.0  ANOMALY_FLAG            spot=435 rule=seq_integrity
       49620.0  ANOMALY_FLAG            spot=470 rule=seq_integrity
       49620.0  ANOMALY_FLAG            spot=224 rule=seq_integrity
       49650.0  ANOMALY_FLAG            spot=285 rule=seq_integrity
       49680.0  ANOMALY_FLAG            spot=320 rule=seq_integrity
       49830.0  ANOMALY_FLAG            spot=104 rule=seq_integrity
       49860.0  ANOMALY_FLAG            spot=428 rule=seq_integrity
       49860.0  ANOMALY_FLAG            spot=492 rule=seq_integrity
       49860.0  ANOMALY_FLAG            spot=290 rule=seq_integrity
       49890.0  ANOMALY_FLAG            spot=324 rule=seq_integrity
       49920.0  ANOMALY_FLAG            spot=104 rule=rate_outlier
       50190.0  ANOMALY_FLAG            spot=224 rule=rate_outlier
       50190.0  ANOMALY_FLAG            spot=224 rule=seq_integrity
       50250.0  ANOMALY_FLAG            spot=104 rule=seq_integrity
       50280.0  ANOMALY_FLAG            spot=285 rule=seq_integrity
       50430.0  ANOMALY_FLAG            spot=461 rule=stuck
       50430.0  ANOMALY_FLAG            spot=164 rule=seq_integrity
       50490.0  ANOMALY_FLAG            spot=176 rule=seq_integrity
       50520.0  ANOMALY_FLAG            spot=381 rule=seq_integrity
       50580.0  ANOMALY_FLAG            spot=289 rule=seq_integrity
       50640.0  ANOMALY_FLAG            spot=470 rule=seq_integrity
       50640.0  ANOMALY_FLAG            spot=335 rule=stuck
       50640.0  ANOMALY_FLAG            spot=55 rule=seq_integrity
       50670.0  ANOMALY_FLAG            spot=285 rule=seq_integrity
       50670.0  ANOMALY_FLAG            spot=285 rule=rate_outlier
       50760.0  ANOMALY_FLAG            spot=428 rule=seq_integrity
       50820.0  ANOMALY_FLAG            spot=390 rule=seq_integrity
       51030.0  ANOMALY_FLAG            spot=490 rule=seq_integrity
       51120.0  ANOMALY_FLAG            spot=289 rule=rate_outlier
       51150.0  QUARANTINE_ADD          spot=461 incidents=5 rules=['stuck']
       51150.0  ANOMALY_FLAG            spot=301 rule=stuck
       51150.0  ANOMALY_FLAG            spot=224 rule=seq_integrity
       51180.0  ANOMALY_FLAG            spot=364 rule=seq_integrity
       51270.0  ANOMALY_FLAG            spot=229 rule=stuck
       51300.0  ANOMALY_FLAG            spot=209 rule=seq_integrity
       51360.0  QUARANTINE_ADD          spot=335 incidents=5 rules=['stuck']
       51390.0  ANOMALY_FLAG            spot=470 rule=seq_integrity
       51390.0  ANOMALY_FLAG            spot=71 rule=stuck
       51450.0  ANOMALY_FLAG            spot=410 rule=stuck
       51510.0  ANOMALY_FLAG            spot=204 rule=seq_integrity
       51540.0  ANOMALY_FLAG            spot=0 rule=seq_integrity
       51600.0  ANOMALY_FLAG            spot=322 rule=seq_integrity
       51690.0  ANOMALY_FLAG            spot=164 rule=seq_integrity
       51690.0  ANOMALY_FLAG            spot=376 rule=seq_integrity
       51720.0  ANOMALY_FLAG            spot=42 rule=seq_integrity
       51810.0  ANOMALY_FLAG            spot=435 rule=seq_integrity
       51810.0  ANOMALY_FLAG            spot=42 rule=seq_integrity
       51870.0  QUARANTINE_ADD          spot=301 incidents=5 rules=['stuck']
       51990.0  QUARANTINE_ADD          spot=229 incidents=5 rules=['stuck']
       51990.0  ANOMALY_FLAG            spot=435 rule=seq_integrity
       51990.0  ANOMALY_FLAG            spot=330 rule=seq_integrity
       52020.0  ANOMALY_FLAG            spot=289 rule=seq_integrity
       52050.0  ANOMALY_FLAG            spot=104 rule=seq_integrity
       52080.0  ANOMALY_FLAG            spot=224 rule=seq_integrity
       52110.0  QUARANTINE_ADD          spot=71 incidents=5 rules=['stuck']
       52110.0  ANOMALY_FLAG            spot=164 rule=seq_integrity
       52140.0  ANOMALY_FLAG            spot=285 rule=seq_integrity
       52170.0  QUARANTINE_ADD          spot=410 incidents=5 rules=['stuck']
       52290.0  ANOMALY_FLAG            spot=289 rule=rate_outlier
       52290.0  ANOMALY_FLAG            spot=289 rule=seq_integrity
       52560.0  ANOMALY_FLAG            spot=324 rule=seq_integrity
       52560.0  ANOMALY_FLAG            spot=289 rule=seq_integrity
       52680.0  ANOMALY_FLAG            spot=65 rule=seq_integrity
       52680.0  ANOMALY_FLAG            spot=352 rule=seq_integrity
       52710.0  ANOMALY_FLAG            spot=435 rule=seq_integrity
       52710.0  ANOMALY_FLAG            spot=109 rule=seq_integrity
       52740.0  ANOMALY_FLAG            spot=13 rule=seq_integrity
       52740.0  ANOMALY_FLAG            spot=332 rule=seq_integrity
       52740.0  ANOMALY_FLAG            spot=454 rule=seq_integrity
       52860.0  ANOMALY_FLAG            spot=258 rule=seq_integrity
       52860.0  ANOMALY_FLAG            spot=354 rule=seq_integrity
       53010.0  ANOMALY_FLAG            spot=164 rule=seq_integrity
       53040.0  ANOMALY_FLAG            spot=324 rule=seq_integrity
       53130.0  ANOMALY_FLAG            spot=470 rule=seq_integrity
       53130.0  ANOMALY_FLAG            spot=308 rule=seq_integrity
       53190.0  ANOMALY_FLAG            spot=176 rule=seq_integrity
       53280.0  ANOMALY_FLAG            spot=376 rule=seq_integrity
       53310.0  ANOMALY_FLAG            spot=372 rule=seq_integrity
       53460.0  ANOMALY_FLAG            spot=428 rule=seq_integrity
       53580.0  ANOMALY_FLAG            spot=428 rule=seq_integrity
       53700.0  ANOMALY_FLAG            spot=79 rule=seq_integrity
       53730.0  ANOMALY_FLAG            spot=376 rule=seq_integrity
       53880.0  ANOMALY_FLAG            spot=42 rule=seq_integrity
       54000.0  ANOMALY_FLAG            spot=428 rule=rate_outlier
       54000.0  ANOMALY_FLAG            spot=428 rule=seq_integrity
       54090.0  ANOMALY_FLAG            spot=176 rule=seq_integrity
       54150.0  ANOMALY_FLAG            spot=324 rule=seq_integrity
       54180.0  ANOMALY_FLAG            spot=376 rule=seq_integrity
       54330.0  ANOMALY_FLAG            spot=123 rule=seq_integrity
       54390.0  ANOMALY_FLAG            spot=395 rule=seq_integrity
       54630.0  ANOMALY_FLAG            spot=490 rule=seq_integrity
       54630.0  ANOMALY_FLAG            spot=162 rule=seq_integrity
       54840.0  ANOMALY_FLAG            spot=164 rule=seq_integrity
       55050.0  ANOMALY_FLAG            spot=231 rule=seq_integrity
       55050.0  ANOMALY_FLAG            spot=324 rule=seq_integrity
       55200.0  ANOMALY_FLAG            spot=322 rule=seq_integrity
       55320.0  ANOMALY_FLAG            spot=117 rule=seq_integrity
       55320.0  ANOMALY_FLAG            spot=104 rule=seq_integrity
       55320.0  ANOMALY_FLAG            spot=42 rule=seq_integrity
       55350.0  ANOMALY_FLAG            spot=291 rule=seq_integrity
       55410.0  ANOMALY_FLAG            spot=435 rule=seq_integrity
       55470.0  ANOMALY_FLAG            spot=376 rule=seq_integrity
       55500.0  ANOMALY_FLAG            spot=125 rule=seq_integrity
       55530.0  ANOMALY_FLAG            spot=350 rule=seq_integrity
       55620.0  ANOMALY_FLAG            spot=289 rule=seq_integrity
       55680.0  ANOMALY_FLAG            spot=224 rule=seq_integrity
       55710.0  ANOMALY_FLAG            spot=164 rule=seq_integrity
       55740.0  ANOMALY_FLAG            spot=285 rule=seq_integrity
       55890.0  ANOMALY_FLAG            spot=470 rule=seq_integrity
       55920.0  ANOMALY_FLAG            spot=218 rule=seq_integrity
       55950.0  ANOMALY_FLAG            spot=258 rule=seq_integrity
       56010.0  ANOMALY_FLAG            spot=11 rule=seq_integrity
       56040.0  ANOMALY_FLAG            spot=24 rule=seq_integrity
       56040.0  ANOMALY_FLAG            spot=308 rule=seq_integrity
       56100.0  ANOMALY_FLAG            spot=123 rule=seq_integrity
       56190.0  ANOMALY_FLAG            spot=131 rule=seq_integrity
       56250.0  ANOMALY_FLAG            spot=376 rule=seq_integrity
       56310.0  ANOMALY_FLAG            spot=435 rule=seq_integrity
       56400.0  ANOMALY_FLAG            spot=164 rule=seq_integrity
       56460.0  ANOMALY_FLAG            spot=258 rule=seq_integrity
       56460.0  ANOMALY_FLAG            spot=354 rule=seq_integrity
       56490.0  ANOMALY_FLAG            spot=376 rule=seq_integrity
       56730.0  ANOMALY_FLAG            spot=308 rule=seq_integrity
       56850.0  ANOMALY_FLAG            spot=248 rule=seq_integrity
       56970.0  ANOMALY_FLAG            spot=87 rule=seq_integrity
       56970.0  ANOMALY_FLAG            spot=311 rule=seq_integrity
       57060.0  ANOMALY_FLAG            spot=246 rule=seq_integrity
       57060.0  ANOMALY_FLAG            spot=428 rule=seq_integrity
       57120.0  ANOMALY_FLAG            spot=428 rule=seq_integrity
       57180.0  QUARANTINE_ADD          spot=308 incidents=6 rules=['seq_integrity']
       57180.0  ANOMALY_FLAG            spot=65 rule=seq_integrity
       57180.0  ANOMALY_FLAG            spot=308 rule=seq_integrity
       57330.0  ANOMALY_FLAG            spot=376 rule=seq_integrity
       57630.0  QUARANTINE_ADD          spot=42 incidents=6 rules=['seq_integrity']
       57630.0  ANOMALY_FLAG            spot=42 rule=seq_integrity
       57690.0  ANOMALY_FLAG            spot=176 rule=seq_integrity
       57900.0  ANOMALY_FLAG            spot=490 rule=rate_outlier
       57900.0  ANOMALY_FLAG            spot=324 rule=seq_integrity
       57900.0  ANOMALY_FLAG            spot=490 rule=seq_integrity
       58140.0  ANOMALY_FLAG            spot=289 rule=rate_outlier
       58140.0  ANOMALY_FLAG            spot=289 rule=seq_integrity
       58230.0  ANOMALY_FLAG            spot=376 rule=seq_integrity
       58260.0  ANOMALY_FLAG            spot=354 rule=seq_integrity
       58380.0  ANOMALY_FLAG            spot=42 rule=seq_integrity
       58410.0  ANOMALY_FLAG            spot=286 rule=seq_integrity
       58440.0  ANOMALY_FLAG            spot=308 rule=seq_integrity
       58560.0  ANOMALY_FLAG            spot=428 rule=seq_integrity
       58590.0  ANOMALY_FLAG            spot=176 rule=seq_integrity
       58650.0  ANOMALY_FLAG            spot=490 rule=seq_integrity
       58650.0  ANOMALY_FLAG            spot=124 rule=seq_integrity
       58740.0  ANOMALY_FLAG            spot=8 rule=seq_integrity
       58800.0  ANOMALY_FLAG            spot=322 rule=seq_integrity
       58860.0  ANOMALY_FLAG            spot=428 rule=seq_integrity
       58890.0  ANOMALY_FLAG            spot=289 rule=seq_integrity
       58920.0  ANOMALY_FLAG            spot=104 rule=seq_integrity
       59070.0  ANOMALY_FLAG            spot=428 rule=rate_outlier
       59070.0  ANOMALY_FLAG            spot=428 rule=seq_integrity
       59100.0  ANOMALY_FLAG            spot=477 rule=seq_integrity
       59130.0  ANOMALY_FLAG            spot=490 rule=rate_outlier
       59130.0  ANOMALY_FLAG            spot=490 rule=seq_integrity
       59190.0  ANOMALY_FLAG            spot=2 rule=seq_integrity
       59220.0  ANOMALY_FLAG            spot=289 rule=seq_integrity
       59280.0  ANOMALY_FLAG            spot=224 rule=seq_integrity
       59310.0  ANOMALY_FLAG            spot=164 rule=seq_integrity
       59340.0  ANOMALY_FLAG            spot=285 rule=seq_integrity
       59400.0  ANOMALY_FLAG            spot=284 rule=seq_integrity
       59460.0  ANOMALY_FLAG            spot=415 rule=seq_integrity
       59550.0  ANOMALY_FLAG            spot=324 rule=seq_integrity
       60030.0  ANOMALY_FLAG            spot=289 rule=seq_integrity
       60120.0  ANOMALY_FLAG            spot=289 rule=rate_outlier
       60150.0  ANOMALY_FLAG            spot=268 rule=seq_integrity
       60210.0  ANOMALY_FLAG            spot=289 rule=seq_integrity
       60240.0  ANOMALY_FLAG            spot=376 rule=seq_integrity
       60270.0  ANOMALY_FLAG            spot=498 rule=seq_integrity
       60330.0  ANOMALY_FLAG            spot=354 rule=seq_integrity
       60390.0  ANOMALY_FLAG            spot=470 rule=seq_integrity
       60480.0  ANOMALY_FLAG            spot=42 rule=seq_integrity
       60630.0  ANOMALY_FLAG            spot=237 rule=seq_integrity
       60660.0  ANOMALY_FLAG            spot=428 rule=seq_integrity
       60780.0  ANOMALY_FLAG            spot=65 rule=seq_integrity
       60780.0  ANOMALY_FLAG            spot=289 rule=seq_integrity
       60810.0  ANOMALY_FLAG            spot=435 rule=seq_integrity
       60960.0  ANOMALY_FLAG            spot=139 rule=seq_integrity
       60990.0  ANOMALY_FLAG            spot=224 rule=seq_integrity
       61230.0  ANOMALY_FLAG            spot=376 rule=seq_integrity
       61710.0  ANOMALY_FLAG            spot=40 rule=seq_integrity
       61770.0  ANOMALY_FLAG            spot=240 rule=seq_integrity
       61800.0  ANOMALY_FLAG            spot=3 rule=seq_integrity
       61890.0  ANOMALY_FLAG            spot=224 rule=seq_integrity
       61950.0  ANOMALY_FLAG            spot=490 rule=rate_outlier
       61950.0  ANOMALY_FLAG            spot=490 rule=seq_integrity
       62010.0  ANOMALY_FLAG            spot=373 rule=seq_integrity
       62040.0  ANOMALY_FLAG            spot=490 rule=seq_integrity
       62130.0  ANOMALY_FLAG            spot=308 rule=seq_integrity
       62160.0  ANOMALY_FLAG            spot=58 rule=seq_integrity
       62160.0  ANOMALY_FLAG            spot=338 rule=seq_integrity
       62190.0  ANOMALY_FLAG            spot=176 rule=seq_integrity
       62190.0  ANOMALY_FLAG            spot=47 rule=seq_integrity
       62280.0  ANOMALY_FLAG            spot=354 rule=seq_integrity
       62310.0  ANOMALY_FLAG            spot=384 rule=seq_integrity
       62400.0  ANOMALY_FLAG            spot=322 rule=seq_integrity
       62430.0  ANOMALY_FLAG            spot=164 rule=seq_integrity
       62520.0  ANOMALY_FLAG            spot=104 rule=seq_integrity
       62520.0  ANOMALY_FLAG            spot=42 rule=seq_integrity
       62580.0  ANOMALY_FLAG            spot=451 rule=seq_integrity
       62610.0  ANOMALY_FLAG            spot=224 rule=seq_integrity
       62670.0  ANOMALY_FLAG            spot=376 rule=seq_integrity
       62730.0  ANOMALY_FLAG            spot=490 rule=seq_integrity
       62730.0  ANOMALY_FLAG            spot=376 rule=seq_integrity
       62760.0  ANOMALY_FLAG            spot=428 rule=seq_integrity
       62820.0  ANOMALY_FLAG            spot=289 rule=seq_integrity
       62880.0  ANOMALY_FLAG            spot=224 rule=rate_outlier
       62880.0  ANOMALY_FLAG            spot=224 rule=seq_integrity
       62910.0  ANOMALY_FLAG            spot=164 rule=seq_integrity
       63120.0  ANOMALY_FLAG            spot=2 rule=seq_integrity
       63150.0  ANOMALY_FLAG            spot=324 rule=seq_integrity
       63150.0  ANOMALY_FLAG            spot=490 rule=seq_integrity
       63360.0  ANOMALY_FLAG            spot=381 rule=seq_integrity
       63360.0  ANOMALY_FLAG            spot=428 rule=seq_integrity
       63510.0  ANOMALY_FLAG            spot=164 rule=seq_integrity
       63510.0  ANOMALY_FLAG            spot=452 rule=seq_integrity
       63630.0  ANOMALY_FLAG            spot=490 rule=rate_outlier
       63630.0  ANOMALY_FLAG            spot=428 rule=seq_integrity
       63690.0  ANOMALY_FLAG            spot=324 rule=seq_integrity
       63780.0  ANOMALY_FLAG            spot=441 rule=seq_integrity
       63780.0  QUARANTINE_RELEASE      spot=258 reason=score recovered (5 clean ticks)
       63810.0  ANOMALY_FLAG            spot=164 rule=seq_integrity
       63840.0  ANOMALY_FLAG            spot=396 rule=seq_integrity
       63840.0  ANOMALY_FLAG            spot=285 rule=seq_integrity
       64110.0  ANOMALY_FLAG            spot=440 rule=seq_integrity
       64170.0  ANOMALY_FLAG            spot=429 rule=seq_integrity
       64290.0  ANOMALY_FLAG            spot=289 rule=rate_outlier
       64290.0  ANOMALY_FLAG            spot=289 rule=seq_integrity
       64380.0  ANOMALY_FLAG            spot=65 rule=seq_integrity
       64410.0  ANOMALY_FLAG            spot=435 rule=seq_integrity
       64440.0  ANOMALY_FLAG            spot=164 rule=seq_integrity
       64440.0  ANOMALY_FLAG            spot=224 rule=seq_integrity
       64500.0  ANOMALY_FLAG            spot=47 rule=seq_integrity
       64530.0  ANOMALY_FLAG            spot=376 rule=seq_integrity
       64680.0  ANOMALY_FLAG            spot=224 rule=rate_outlier
       64890.0  ANOMALY_FLAG            spot=470 rule=seq_integrity
       64920.0  ANOMALY_FLAG            spot=289 rule=seq_integrity
       65010.0  ANOMALY_FLAG            spot=88 rule=seq_integrity
       65040.0  ANOMALY_FLAG            spot=164 rule=seq_integrity
       65040.0  ANOMALY_FLAG            spot=385 rule=seq_integrity
       65070.0  ANOMALY_FLAG            spot=324 rule=seq_integrity
       65130.0  ANOMALY_FLAG            spot=123 rule=seq_integrity
       65160.0  ANOMALY_FLAG            spot=490 rule=seq_integrity
       65160.0  ANOMALY_FLAG            spot=428 rule=seq_integrity
       65310.0  ANOMALY_FLAG            spot=435 rule=seq_integrity
       65610.0  ANOMALY_FLAG            spot=164 rule=seq_integrity
       65640.0  ANOMALY_FLAG            spot=100 rule=seq_integrity
       65790.0  ANOMALY_FLAG            spot=176 rule=seq_integrity
       65820.0  ANOMALY_FLAG            spot=417 rule=seq_integrity
       65850.0  ANOMALY_FLAG            spot=404 rule=seq_integrity
       65850.0  ANOMALY_FLAG            spot=324 rule=seq_integrity
       66000.0  ANOMALY_FLAG            spot=322 rule=seq_integrity
       66120.0  ANOMALY_FLAG            spot=104 rule=seq_integrity
       66120.0  ANOMALY_FLAG            spot=42 rule=seq_integrity
       66120.0  ANOMALY_FLAG            spot=322 rule=seq_integrity
       66360.0  ANOMALY_FLAG            spot=258 rule=seq_integrity
       66360.0  ANOMALY_FLAG            spot=289 rule=seq_integrity
       66420.0  ANOMALY_FLAG            spot=289 rule=rate_outlier
       66420.0  ANOMALY_FLAG            spot=289 rule=seq_integrity
       66450.0  ANOMALY_FLAG            spot=164 rule=seq_integrity
       66480.0  ANOMALY_FLAG            spot=224 rule=seq_integrity
       66540.0  ANOMALY_FLAG            spot=261 rule=seq_integrity
       66540.0  ANOMALY_FLAG            spot=490 rule=seq_integrity
       66690.0  ANOMALY_FLAG            spot=176 rule=seq_integrity
       66750.0  ANOMALY_FLAG            spot=324 rule=seq_integrity
       66840.0  ANOMALY_FLAG            spot=324 rule=seq_integrity
       66990.0  ANOMALY_FLAG            spot=224 rule=seq_integrity
       67230.0  ANOMALY_FLAG            spot=490 rule=seq_integrity
       67410.0  ANOMALY_FLAG            spot=224 rule=rate_outlier
       67410.0  ANOMALY_FLAG            spot=345 rule=seq_integrity
       67410.0  ANOMALY_FLAG            spot=164 rule=seq_integrity
       67410.0  ANOMALY_FLAG            spot=224 rule=seq_integrity
       67440.0  ANOMALY_FLAG            spot=285 rule=seq_integrity
       67530.0  ANOMALY_FLAG            spot=289 rule=seq_integrity
       67740.0  ANOMALY_FLAG            spot=490 rule=seq_integrity
       67830.0  ANOMALY_FLAG            spot=322 rule=rate_outlier
       67830.0  ANOMALY_FLAG            spot=322 rule=seq_integrity
       67980.0  ANOMALY_FLAG            spot=65 rule=seq_integrity
       68010.0  ANOMALY_FLAG            spot=201 rule=seq_integrity
       68010.0  ANOMALY_FLAG            spot=289 rule=seq_integrity
       68130.0  ANOMALY_FLAG            spot=376 rule=seq_integrity
       68250.0  ANOMALY_FLAG            spot=490 rule=rate_outlier
       68250.0  ANOMALY_FLAG            spot=490 rule=seq_integrity
       68310.0  ANOMALY_FLAG            spot=164 rule=seq_integrity
       68310.0  ANOMALY_FLAG            spot=97 rule=seq_integrity
       68340.0  ANOMALY_FLAG            spot=42 rule=seq_integrity
       68370.0  ANOMALY_FLAG            spot=58 rule=seq_integrity
       68550.0  ANOMALY_FLAG            spot=292 rule=seq_integrity
       68820.0  ANOMALY_FLAG            spot=482 rule=seq_integrity
       68820.0  ANOMALY_FLAG            spot=490 rule=seq_integrity
       68880.0  ANOMALY_FLAG            spot=273 rule=seq_integrity
       68910.0  ANOMALY_FLAG            spot=435 rule=seq_integrity
       68940.0  ANOMALY_FLAG            spot=224 rule=seq_integrity
       69030.0  ANOMALY_FLAG            spot=376 rule=seq_integrity
       69060.0  ANOMALY_FLAG            spot=289 rule=seq_integrity
       69120.0  ANOMALY_FLAG            spot=289 rule=rate_outlier
       69180.0  ANOMALY_FLAG            spot=224 rule=rate_outlier
       69180.0  ANOMALY_FLAG            spot=322 rule=seq_integrity
       69270.0  ANOMALY_FLAG            spot=490 rule=rate_outlier
       69300.0  ANOMALY_FLAG            spot=482 rule=seq_integrity
       69390.0  ANOMALY_FLAG            spot=470 rule=seq_integrity
       69420.0  QUARANTINE_RELEASE      spot=308 reason=score recovered (5 clean ticks)
       69450.0  ANOMALY_FLAG            spot=289 rule=seq_integrity
       69450.0  ANOMALY_FLAG            spot=490 rule=seq_integrity
       69540.0  ANOMALY_FLAG            spot=38 rule=seq_integrity
       69600.0  ANOMALY_FLAG            spot=322 rule=rate_outlier
       69600.0  ANOMALY_FLAG            spot=322 rule=seq_integrity
       69600.0  QUARANTINE_RELEASE      spot=354 reason=score recovered (5 clean ticks)
       69660.0  ANOMALY_FLAG            spot=169 rule=seq_integrity
       69660.0  ANOMALY_FLAG            spot=224 rule=seq_integrity
       69720.0  ANOMALY_FLAG            spot=104 rule=seq_integrity
       69720.0  ANOMALY_FLAG            spot=42 rule=seq_integrity
       69960.0  ANOMALY_FLAG            spot=354 rule=seq_integrity
       70020.0  ANOMALY_FLAG            spot=289 rule=seq_integrity
       70080.0  ANOMALY_FLAG            spot=224 rule=seq_integrity
       70110.0  ANOMALY_FLAG            spot=91 rule=seq_integrity
       70290.0  ANOMALY_FLAG            spot=176 rule=seq_integrity
       70350.0  ANOMALY_FLAG            spot=233 rule=seq_integrity
       70350.0  ANOMALY_FLAG            spot=324 rule=seq_integrity
       70380.0  ANOMALY_FLAG            spot=374 rule=seq_integrity
       70590.0  ANOMALY_FLAG            spot=322 rule=seq_integrity
       70740.0  ANOMALY_FLAG            spot=184 rule=seq_integrity
       70740.0  ANOMALY_FLAG            spot=116 rule=seq_integrity
       70770.0  ANOMALY_FLAG            spot=115 rule=seq_integrity
       70800.0  ANOMALY_FLAG            spot=324 rule=seq_integrity
       70800.0  ANOMALY_FLAG            spot=289 rule=seq_integrity
       70830.0  ANOMALY_FLAG            spot=490 rule=seq_integrity
       70860.0  ANOMALY_FLAG            spot=258 rule=seq_integrity
       70890.0  ANOMALY_FLAG            spot=136 rule=seq_integrity
       71010.0  ANOMALY_FLAG            spot=164 rule=seq_integrity
       71040.0  ANOMALY_FLAG            spot=285 rule=seq_integrity
       71040.0  ANOMALY_FLAG            spot=322 rule=rate_outlier
       71040.0  ANOMALY_FLAG            spot=322 rule=seq_integrity
       71130.0  ANOMALY_FLAG            spot=307 rule=seq_integrity
       71130.0  ANOMALY_FLAG            spot=25 rule=seq_integrity
       71130.0  ANOMALY_FLAG            spot=308 rule=seq_integrity
       71160.0  ANOMALY_FLAG            spot=65 rule=seq_integrity
       71190.0  ANOMALY_FLAG            spot=176 rule=seq_integrity
       71280.0  ANOMALY_FLAG            spot=484 rule=seq_integrity
       71580.0  ANOMALY_FLAG            spot=65 rule=seq_integrity
       71580.0  QUARANTINE_RELEASE      spot=428 reason=score recovered (5 clean ticks)
       71640.0  ANOMALY_FLAG            spot=145 rule=seq_integrity
       71700.0  ANOMALY_FLAG            spot=65 rule=seq_integrity
       71730.0  ANOMALY_FLAG            spot=285 rule=seq_integrity
       71760.0  ANOMALY_FLAG            spot=121 rule=seq_integrity
       71850.0  ANOMALY_FLAG            spot=76 rule=seq_integrity
       71850.0  ANOMALY_FLAG            spot=263 rule=seq_integrity
       71910.0  ANOMALY_FLAG            spot=271 rule=seq_integrity
       71970.0  ANOMALY_FLAG            spot=445 rule=seq_integrity
       72090.0  ANOMALY_FLAG            spot=435 rule=seq_integrity
       72090.0  ANOMALY_FLAG            spot=224 rule=seq_integrity
       72150.0  ANOMALY_FLAG            spot=289 rule=seq_integrity
       72180.0  ANOMALY_FLAG            spot=289 rule=rate_outlier
       72240.0  ANOMALY_FLAG            spot=437 rule=seq_integrity
       72360.0  ANOMALY_FLAG            spot=428 rule=seq_integrity
       72510.0  ANOMALY_FLAG            spot=435 rule=seq_integrity
       72540.0  ANOMALY_FLAG            spot=432 rule=seq_integrity
       72570.0  ANOMALY_FLAG            spot=368 rule=seq_integrity
       72630.0  ANOMALY_FLAG            spot=376 rule=seq_integrity
       72630.0  ANOMALY_FLAG            spot=78 rule=seq_integrity
       72690.0  ANOMALY_FLAG            spot=310 rule=seq_integrity
       72840.0  ANOMALY_FLAG            spot=303 rule=seq_integrity
       72870.0  ANOMALY_FLAG            spot=322 rule=seq_integrity
       72900.0  ANOMALY_FLAG            spot=322 rule=rate_outlier
       72930.0  ANOMALY_FLAG            spot=176 rule=seq_integrity
       72930.0  ANOMALY_FLAG            spot=289 rule=seq_integrity
       72930.0  ANOMALY_FLAG            spot=297 rule=seq_integrity
       72960.0  ANOMALY_FLAG            spot=66 rule=seq_integrity
       73200.0  ANOMALY_FLAG            spot=490 rule=rate_outlier
       73200.0  ANOMALY_FLAG            spot=490 rule=seq_integrity
       73200.0  ANOMALY_FLAG            spot=322 rule=seq_integrity
       73260.0  ANOMALY_FLAG            spot=428 rule=seq_integrity
       73320.0  ANOMALY_FLAG            spot=104 rule=seq_integrity
       73320.0  ANOMALY_FLAG            spot=430 rule=seq_integrity
       73500.0  ANOMALY_FLAG            spot=224 rule=seq_integrity
       73560.0  ANOMALY_FLAG            spot=354 rule=seq_integrity
       73620.0  ANOMALY_FLAG            spot=289 rule=seq_integrity
       73620.0  ANOMALY_FLAG            spot=10 rule=seq_integrity
       73680.0  ANOMALY_FLAG            spot=224 rule=seq_integrity
       73710.0  ANOMALY_FLAG            spot=176 rule=seq_integrity
       73800.0  ANOMALY_FLAG            spot=490 rule=seq_integrity
       73830.0  ANOMALY_FLAG            spot=224 rule=rate_outlier
       73830.0  ANOMALY_FLAG            spot=224 rule=seq_integrity
       73860.0  ANOMALY_FLAG            spot=322 rule=seq_integrity
       73890.0  ANOMALY_FLAG            spot=470 rule=seq_integrity
       74010.0  ANOMALY_FLAG            spot=33 rule=seq_integrity
       74220.0  ANOMALY_FLAG            spot=42 rule=seq_integrity
       74310.0  ANOMALY_FLAG            spot=285 rule=seq_integrity
       74370.0  ANOMALY_FLAG            spot=289 rule=seq_integrity
       74430.0  ANOMALY_FLAG            spot=490 rule=seq_integrity
       74610.0  ANOMALY_FLAG            spot=164 rule=seq_integrity
       74640.0  ANOMALY_FLAG            spot=285 rule=seq_integrity
       74730.0  ANOMALY_FLAG            spot=349 rule=seq_integrity
       74730.0  ANOMALY_FLAG            spot=308 rule=seq_integrity
       74850.0  ANOMALY_FLAG            spot=324 rule=seq_integrity
       74880.0  ANOMALY_FLAG            spot=65 rule=seq_integrity
       74880.0  ANOMALY_FLAG            spot=435 rule=seq_integrity
       74910.0  ANOMALY_FLAG            spot=176 rule=seq_integrity
       74940.0  ANOMALY_FLAG            spot=316 rule=seq_integrity
       75180.0  ANOMALY_FLAG            spot=65 rule=seq_integrity
       75180.0  ANOMALY_FLAG            spot=164 rule=seq_integrity
       75300.0  ANOMALY_FLAG            spot=490 rule=seq_integrity
       75330.0  ANOMALY_FLAG            spot=490 rule=rate_outlier
       75330.0  ANOMALY_FLAG            spot=322 rule=seq_integrity
       75540.0  ANOMALY_FLAG            spot=322 rule=rate_outlier
       75540.0  ANOMALY_FLAG            spot=322 rule=seq_integrity
       75660.0  ANOMALY_FLAG            spot=224 rule=seq_integrity
       75960.0  QUARANTINE_ADD          spot=428 incidents=7 rules=['seq_integrity']
       75960.0  ANOMALY_FLAG            spot=428 rule=seq_integrity
       75990.0  ANOMALY_FLAG            spot=320 rule=seq_integrity
       76080.0  ANOMALY_FLAG            spot=183 rule=seq_integrity
       76110.0  ANOMALY_FLAG            spot=37 rule=seq_integrity
       76200.0  ANOMALY_FLAG            spot=115 rule=seq_integrity
       76230.0  ANOMALY_FLAG            spot=376 rule=seq_integrity
       76500.0  ANOMALY_FLAG            spot=285 rule=seq_integrity
       76530.0  ANOMALY_FLAG            spot=490 rule=seq_integrity
       76740.0  ANOMALY_FLAG            spot=187 rule=seq_integrity
       76800.0  ANOMALY_FLAG            spot=114 rule=seq_integrity
       76800.0  ANOMALY_FLAG            spot=322 rule=seq_integrity
       76860.0  ANOMALY_FLAG            spot=428 rule=seq_integrity
       76920.0  ANOMALY_FLAG            spot=104 rule=seq_integrity
       76920.0  ANOMALY_FLAG            spot=18 rule=seq_integrity
       77010.0  ANOMALY_FLAG            spot=435 rule=seq_integrity
       77010.0  ANOMALY_FLAG            spot=224 rule=seq_integrity
       77040.0  ANOMALY_FLAG            spot=460 rule=seq_integrity
       77070.0  ANOMALY_FLAG            spot=350 rule=seq_integrity
       77160.0  ANOMALY_FLAG            spot=354 rule=seq_integrity
       77220.0  ANOMALY_FLAG            spot=289 rule=seq_integrity
       77280.0  ANOMALY_FLAG            spot=224 rule=seq_integrity
       77310.0  ANOMALY_FLAG            spot=435 rule=seq_integrity
       77400.0  ANOMALY_FLAG            spot=262 rule=seq_integrity
       77430.0  ANOMALY_FLAG            spot=353 rule=silent
       77460.0  ANOMALY_FLAG            spot=428 rule=seq_integrity
       77550.0  ANOMALY_FLAG            spot=65 rule=seq_integrity
       77550.0  ANOMALY_FLAG            spot=324 rule=seq_integrity
       77580.0  ANOMALY_FLAG            spot=428 rule=seq_integrity
       77640.0  ANOMALY_FLAG            spot=470 rule=seq_integrity
       77850.0  ANOMALY_FLAG            spot=211 rule=seq_integrity
       77910.0  ANOMALY_FLAG            spot=435 rule=seq_integrity
       77940.0  ANOMALY_FLAG            spot=27 rule=seq_integrity
       78060.0  ANOMALY_FLAG            spot=224 rule=seq_integrity
       78150.0  QUARANTINE_ADD          spot=353 incidents=5 rules=['silent']
       78180.0  ANOMALY_FLAG            spot=224 rule=rate_outlier
       78210.0  ANOMALY_FLAG            spot=164 rule=seq_integrity
       78240.0  ANOMALY_FLAG            spot=285 rule=seq_integrity
       78330.0  ANOMALY_FLAG            spot=332 rule=seq_integrity
       78390.0  ANOMALY_FLAG            spot=176 rule=seq_integrity
       78450.0  ANOMALY_FLAG            spot=324 rule=seq_integrity
       78570.0  ANOMALY_FLAG            spot=324 rule=seq_integrity
       78660.0  ANOMALY_FLAG            spot=490 rule=seq_integrity
       78720.0  ANOMALY_FLAG            spot=42 rule=seq_integrity
       78720.0  ANOMALY_FLAG            spot=428 rule=seq_integrity
       78750.0  ANOMALY_FLAG            spot=285 rule=seq_integrity
       78780.0  ANOMALY_FLAG            spot=289 rule=rate_outlier
       78780.0  ANOMALY_FLAG            spot=104 rule=seq_integrity
       78780.0  ANOMALY_FLAG            spot=72 rule=seq_integrity
       78780.0  ANOMALY_FLAG            spot=289 rule=seq_integrity
       78930.0  ANOMALY_FLAG            spot=490 rule=seq_integrity
       78960.0  ANOMALY_FLAG            spot=258 rule=seq_integrity
       78960.0  ANOMALY_FLAG            spot=435 rule=seq_integrity
       79110.0  ANOMALY_FLAG            spot=164 rule=seq_integrity
       79200.0  ANOMALY_FLAG            spot=435 rule=seq_integrity
       79200.0  ANOMALY_FLAG            spot=490 rule=seq_integrity
       79200.0  ANOMALY_FLAG            spot=435 rule=rate_outlier
       79200.0  ANOMALY_FLAG            spot=490 rule=rate_outlier
       79200.0  ANOMALY_FLAG            spot=285 rule=seq_integrity
       79200.0  ANOMALY_FLAG            spot=285 rule=rate_outlier
       79230.0  ANOMALY_FLAG            spot=308 rule=seq_integrity
       79260.0  ANOMALY_FLAG            spot=492 rule=seq_integrity
       79290.0  ANOMALY_FLAG            spot=176 rule=seq_integrity
       79320.0  ANOMALY_FLAG            spot=316 rule=seq_integrity
       79350.0  ANOMALY_FLAG            spot=176 rule=seq_integrity
       79470.0  ANOMALY_FLAG            spot=104 rule=seq_integrity
       79500.0  ANOMALY_FLAG            spot=224 rule=seq_integrity
       79560.0  ANOMALY_FLAG            spot=428 rule=seq_integrity
       79590.0  ANOMALY_FLAG            spot=42 rule=seq_integrity
       79620.0  ANOMALY_FLAG            spot=485 rule=seq_integrity
       79620.0  ANOMALY_FLAG            spot=151 rule=stuck
       79710.0  ANOMALY_FLAG            spot=435 rule=seq_integrity
       79740.0  ANOMALY_FLAG            spot=289 rule=seq_integrity
       79830.0  ANOMALY_FLAG            spot=439 rule=seq_integrity
       80160.0  ANOMALY_FLAG            spot=285 rule=seq_integrity
       80160.0  ANOMALY_FLAG            spot=490 rule=rate_outlier
       80160.0  ANOMALY_FLAG            spot=490 rule=seq_integrity
       80190.0  ANOMALY_FLAG            spot=176 rule=seq_integrity
       80190.0  ANOMALY_FLAG            spot=470 rule=seq_integrity
       80190.0  ANOMALY_FLAG            spot=176 rule=rate_outlier
       80220.0  ANOMALY_FLAG            spot=428 rule=seq_integrity
       80280.0  ANOMALY_FLAG            spot=289 rule=rate_outlier
       80280.0  ANOMALY_FLAG            spot=289 rule=seq_integrity
       80340.0  QUARANTINE_ADD          spot=151 incidents=5 rules=['stuck']
       80400.0  ANOMALY_FLAG            spot=322 rule=seq_integrity
       80460.0  ANOMALY_FLAG            spot=104 rule=seq_integrity
       80520.0  ANOMALY_FLAG            spot=104 rule=rate_outlier
       80520.0  ANOMALY_FLAG            spot=176 rule=seq_integrity
       80520.0  ANOMALY_FLAG            spot=104 rule=seq_integrity
       80610.0  ANOMALY_FLAG            spot=285 rule=seq_integrity
       80610.0  ANOMALY_FLAG            spot=285 rule=rate_outlier
       80730.0  ANOMALY_FLAG            spot=376 rule=seq_integrity
       80760.0  ANOMALY_FLAG            spot=354 rule=seq_integrity
       80790.0  ANOMALY_FLAG            spot=490 rule=seq_integrity
       80790.0  ANOMALY_FLAG            spot=308 rule=seq_integrity
       80820.0  ANOMALY_FLAG            spot=289 rule=seq_integrity
       80880.0  ANOMALY_FLAG            spot=172 rule=seq_integrity
       80880.0  ANOMALY_FLAG            spot=224 rule=seq_integrity
       80940.0  ANOMALY_FLAG            spot=66 rule=seq_integrity
       81030.0  ANOMALY_FLAG            spot=378 rule=seq_integrity
       81150.0  ANOMALY_FLAG            spot=324 rule=seq_integrity
       81240.0  ANOMALY_FLAG            spot=172 rule=seq_integrity
       81330.0  ANOMALY_FLAG            spot=104 rule=seq_integrity
       81390.0  ANOMALY_FLAG            spot=149 rule=seq_integrity
       81390.0  ANOMALY_FLAG            spot=486 rule=seq_integrity
       81660.0  ANOMALY_FLAG            spot=69 rule=seq_integrity
       81690.0  ANOMALY_FLAG            spot=368 rule=seq_integrity
       81750.0  ANOMALY_FLAG            spot=86 rule=seq_integrity
       81780.0  ANOMALY_FLAG            spot=343 rule=seq_integrity
       81840.0  ANOMALY_FLAG            spot=285 rule=seq_integrity
       81840.0  ANOMALY_FLAG            spot=314 rule=seq_integrity
       81900.0  ANOMALY_FLAG            spot=454 rule=seq_integrity
       81930.0  ANOMALY_FLAG            spot=42 rule=seq_integrity
       81960.0  ANOMALY_FLAG            spot=260 rule=silent
       81990.0  ANOMALY_FLAG            spot=176 rule=seq_integrity
       82050.0  ANOMALY_FLAG            spot=324 rule=seq_integrity
       82080.0  ANOMALY_FLAG            spot=479 rule=seq_integrity
       82110.0  ANOMALY_FLAG            spot=289 rule=seq_integrity
       82140.0  ANOMALY_FLAG            spot=490 rule=seq_integrity
       82200.0  ANOMALY_FLAG            spot=376 rule=seq_integrity
       82230.0  ANOMALY_FLAG            spot=163 rule=seq_integrity
       82320.0  ANOMALY_FLAG            spot=490 rule=rate_outlier
       82320.0  ANOMALY_FLAG            spot=490 rule=seq_integrity
       82380.0  ANOMALY_FLAG            spot=232 rule=seq_integrity
       82530.0  ANOMALY_FLAG            spot=490 rule=seq_integrity
       82560.0  ANOMALY_FLAG            spot=285 rule=seq_integrity
       82560.0  ANOMALY_FLAG            spot=57 rule=seq_integrity
       82590.0  ANOMALY_FLAG            spot=490 rule=seq_integrity
       82650.0  ANOMALY_FLAG            spot=289 rule=rate_outlier
       82650.0  ANOMALY_FLAG            spot=289 rule=seq_integrity
       82680.0  ANOMALY_FLAG            spot=176 rule=seq_integrity
       82680.0  ANOMALY_FLAG            spot=428 rule=seq_integrity
       82710.0  ANOMALY_FLAG            spot=413 rule=stuck
       82710.0  ANOMALY_FLAG            spot=164 rule=seq_integrity
       82740.0  ANOMALY_FLAG            spot=285 rule=rate_outlier
       82740.0  ANOMALY_FLAG            spot=273 rule=seq_integrity
       82740.0  ANOMALY_FLAG            spot=175 rule=seq_integrity
       82770.0  ANOMALY_FLAG            spot=490 rule=seq_integrity
       82950.0  ANOMALY_FLAG            spot=258 rule=seq_integrity
       82980.0  ANOMALY_FLAG            spot=76 rule=seq_integrity
       82980.0  ANOMALY_FLAG            spot=176 rule=seq_integrity
       83040.0  ANOMALY_FLAG            spot=289 rule=seq_integrity
       83220.0  ANOMALY_FLAG            spot=42 rule=seq_integrity
       83310.0  ANOMALY_FLAG            spot=289 rule=rate_outlier
       83310.0  ANOMALY_FLAG            spot=289 rule=seq_integrity
       83430.0  QUARANTINE_ADD          spot=413 incidents=5 rules=['stuck']
       83430.0  ANOMALY_FLAG            spot=490 rule=seq_integrity
       83550.0  ANOMALY_FLAG            spot=354 rule=seq_integrity
       83580.0  ANOMALY_FLAG            spot=490 rule=rate_outlier
       83580.0  ANOMALY_FLAG            spot=490 rule=seq_integrity
       83610.0  ANOMALY_FLAG            spot=258 rule=seq_integrity
       83640.0  ANOMALY_FLAG            spot=244 rule=seq_integrity
       83640.0  ANOMALY_FLAG            spot=176 rule=seq_integrity
       83790.0  ANOMALY_FLAG            spot=470 rule=seq_integrity
       83850.0  ANOMALY_FLAG            spot=435 rule=seq_integrity
       83940.0  ANOMALY_FLAG            spot=376 rule=seq_integrity
       84000.0  QUARANTINE_ADD          spot=354 incidents=5 rules=['seq_integrity']
       84000.0  ANOMALY_FLAG            spot=354 rule=seq_integrity
       84000.0  ANOMALY_FLAG            spot=322 rule=seq_integrity
       84120.0  ANOMALY_FLAG            spot=104 rule=seq_integrity
       84210.0  ANOMALY_FLAG            spot=8 rule=seq_integrity
       84210.0  ANOMALY_FLAG            spot=435 rule=seq_integrity
       84300.0  ANOMALY_FLAG            spot=12 rule=seq_integrity
       84330.0  ANOMALY_FLAG            spot=376 rule=seq_integrity
       84330.0  ANOMALY_FLAG            spot=428 rule=seq_integrity
       84360.0  QUARANTINE_ADD          spot=258 incidents=5 rules=['seq_integrity']
       84360.0  ANOMALY_FLAG            spot=13 rule=seq_integrity
       84360.0  ANOMALY_FLAG            spot=258 rule=seq_integrity
       84360.0  ANOMALY_FLAG            spot=435 rule=seq_integrity
       84360.0  ANOMALY_FLAG            spot=354 rule=seq_integrity
       84390.0  ANOMALY_FLAG            spot=104 rule=rate_outlier
       84390.0  ANOMALY_FLAG            spot=104 rule=seq_integrity
       84420.0  ANOMALY_FLAG            spot=289 rule=seq_integrity
       84480.0  ANOMALY_FLAG            spot=224 rule=seq_integrity
       84600.0  ANOMALY_FLAG            spot=292 rule=seq_integrity
       84660.0  ANOMALY_FLAG            spot=297 rule=seq_integrity
       84870.0  QUARANTINE_RELEASE      spot=65 reason=score recovered (5 clean ticks)
       84930.0  ANOMALY_FLAG            spot=176 rule=seq_integrity
       84960.0  ANOMALY_FLAG            spot=428 rule=seq_integrity
       85020.0  ANOMALY_FLAG            spot=249 rule=seq_integrity
       85050.0  ANOMALY_FLAG            spot=75 rule=seq_integrity
       85230.0  ANOMALY_FLAG            spot=376 rule=seq_integrity
       85290.0  ANOMALY_FLAG            spot=490 rule=rate_outlier
       85290.0  ANOMALY_FLAG            spot=490 rule=seq_integrity
       85380.0  ANOMALY_FLAG            spot=42 rule=seq_integrity
       85410.0  ANOMALY_FLAG            spot=164 rule=seq_integrity
       85440.0  ANOMALY_FLAG            spot=285 rule=seq_integrity
       85500.0  QUARANTINE_RELEASE      spot=353 reason=score recovered (5 clean ticks)
       85530.0  ANOMALY_FLAG            spot=324 rule=seq_integrity
       85590.0  ANOMALY_FLAG            spot=176 rule=seq_integrity
       85620.0  ANOMALY_FLAG            spot=31 rule=seq_integrity
       85680.0  ANOMALY_FLAG            spot=308 rule=seq_integrity
       85980.0  ANOMALY_FLAG            spot=65 rule=seq_integrity
       86010.0  ANOMALY_FLAG            spot=219 rule=seq_integrity
       86130.0  ANOMALY_FLAG            spot=490 rule=seq_integrity
       86250.0  ANOMALY_FLAG            spot=435 rule=seq_integrity
       86310.0  ANOMALY_FLAG            spot=164 rule=seq_integrity
       86340.0  ANOMALY_FLAG            spot=94 rule=seq_integrity
       86370.0  ANOMALY_FLAG            spot=43 rule=seq_integrity
