Scenario Log: A6_adaptive_edge
Architecture: edge_aggregated   Protocol: mqtt
Traffic: peak   Spots: 500   Duration: 86400s
========================================================================

SUMMARY
  Anomalies detected    : 0
  Anomalies resolved    : 0
  Active at end         : 0
  Affected spots        : 0
  Quarantined at end    : 0
  Adaptive mode switches: 81

EVENT LOG
  t_virtual(s)  event                   detail
------------------------------------------------------------------------
          30.0  MODE_SWITCH             aggregated→filtered backhaul_window_DR=0.600 < 85% delta_sent=5 delta_recv=3
        1050.0  MODE_SWITCH             filtered→aggregated backhaul_window_DR=1.000 >= 95% delta_sent=3 delta_recv=3
        1230.0  MODE_SWITCH             aggregated→filtered backhaul_window_DR=0.667 < 85% delta_sent=6 delta_recv=4
        1380.0  MODE_SWITCH             filtered→aggregated backhaul_window_DR=1.000 >= 95% delta_sent=4 delta_recv=4
        1590.0  MODE_SWITCH             aggregated→filtered backhaul_window_DR=0.833 < 85% delta_sent=6 delta_recv=5
        1680.0  MODE_SWITCH             filtered→aggregated backhaul_window_DR=1.000 >= 95% delta_sent=6 delta_recv=6
        1890.0  MODE_SWITCH             aggregated→filtered backhaul_window_DR=0.833 < 85% delta_sent=6 delta_recv=5
        2010.0  MODE_SWITCH             filtered→aggregated backhaul_window_DR=1.000 >= 95% delta_sent=3 delta_recv=3
        2160.0  MODE_SWITCH             aggregated→filtered backhaul_window_DR=0.500 < 85% delta_sent=6 delta_recv=3
        2310.0  MODE_SWITCH             filtered→aggregated backhaul_window_DR=1.000 >= 95% delta_sent=3 delta_recv=3
        2460.0  MODE_SWITCH             aggregated→filtered backhaul_window_DR=0.667 < 85% delta_sent=6 delta_recv=4
        2550.0  MODE_SWITCH             filtered→aggregated backhaul_window_DR=0.957 >= 95% delta_sent=23 delta_recv=22
        2610.0  MODE_SWITCH             aggregated→filtered backhaul_window_DR=0.800 < 85% delta_sent=5 delta_recv=4
        2640.0  MODE_SWITCH             filtered→aggregated backhaul_window_DR=1.000 >= 95% delta_sent=3 delta_recv=3
        2730.0  MODE_SWITCH             aggregated→filtered backhaul_window_DR=0.833 < 85% delta_sent=6 delta_recv=5
        2940.0  MODE_SWITCH             filtered→aggregated backhaul_window_DR=1.000 >= 95% delta_sent=6 delta_recv=6
        3030.0  MODE_SWITCH             aggregated→filtered backhaul_window_DR=0.833 < 85% delta_sent=6 delta_recv=5
        3210.0  MODE_SWITCH             filtered→aggregated backhaul_window_DR=1.000 >= 95% delta_sent=8 delta_recv=8
        3240.0  MODE_SWITCH             aggregated→filtered backhaul_window_DR=0.000 < 85% delta_sent=3 delta_recv=0
        3300.0  MODE_SWITCH             filtered→aggregated backhaul_window_DR=1.000 >= 95% delta_sent=3 delta_recv=3
        3330.0  MODE_SWITCH             aggregated→filtered backhaul_window_DR=0.400 < 85% delta_sent=5 delta_recv=2
        4110.0  MODE_SWITCH             filtered→aggregated backhaul_window_DR=1.000 >= 95% delta_sent=10 delta_recv=10
        4260.0  MODE_SWITCH             aggregated→filtered backhaul_window_DR=0.833 < 85% delta_sent=6 delta_recv=5
        4470.0  MODE_SWITCH             filtered→aggregated backhaul_window_DR=1.000 >= 95% delta_sent=4 delta_recv=4
        4560.0  MODE_SWITCH             aggregated→filtered backhaul_window_DR=0.833 < 85% delta_sent=6 delta_recv=5
        5010.0  MODE_SWITCH             filtered→aggregated backhaul_window_DR=1.000 >= 95% delta_sent=15 delta_recv=15
        5040.0  MODE_SWITCH             aggregated→filtered backhaul_window_DR=0.600 < 85% delta_sent=5 delta_recv=3
        5370.0  MODE_SWITCH             filtered→aggregated backhaul_window_DR=1.000 >= 95% delta_sent=4 delta_recv=4
        5430.0  MODE_SWITCH             aggregated→filtered backhaul_window_DR=0.667 < 85% delta_sent=6 delta_recv=4
        5700.0  MODE_SWITCH             filtered→aggregated backhaul_window_DR=1.000 >= 95% delta_sent=3 delta_recv=3
        5790.0  MODE_SWITCH             aggregated→filtered backhaul_window_DR=0.833 < 85% delta_sent=6 delta_recv=5
        5880.0  MODE_SWITCH             filtered→aggregated backhaul_window_DR=0.974 >= 95% delta_sent=38 delta_recv=37
        5940.0  MODE_SWITCH             aggregated→filtered backhaul_window_DR=0.833 < 85% delta_sent=6 delta_recv=5
        5970.0  MODE_SWITCH             filtered→aggregated backhaul_window_DR=1.000 >= 95% delta_sent=6 delta_recv=6
        6030.0  MODE_SWITCH             aggregated→filtered backhaul_window_DR=0.667 < 85% delta_sent=6 delta_recv=4
        6210.0  MODE_SWITCH             filtered→aggregated backhaul_window_DR=1.000 >= 95% delta_sent=18 delta_recv=18
        6270.0  MODE_SWITCH             aggregated→filtered backhaul_window_DR=0.500 < 85% delta_sent=4 delta_recv=2
        6570.0  MODE_SWITCH             filtered→aggregated backhaul_window_DR=1.000 >= 95% delta_sent=6 delta_recv=6
        6630.0  MODE_SWITCH             aggregated→filtered backhaul_window_DR=0.800 < 85% delta_sent=5 delta_recv=4
        7500.0  MODE_SWITCH             filtered→aggregated backhaul_window_DR=1.000 >= 95% delta_sent=13 delta_recv=13
        7530.0  MODE_SWITCH             aggregated→filtered backhaul_window_DR=0.800 < 85% delta_sent=5 delta_recv=4
        8370.0  MODE_SWITCH             filtered→aggregated backhaul_window_DR=1.071 >= 95% delta_sent=14 delta_recv=15
        8400.0  MODE_SWITCH             aggregated→filtered backhaul_window_DR=0.800 < 85% delta_sent=5 delta_recv=4
        9870.0  MODE_SWITCH             filtered→aggregated backhaul_window_DR=0.950 >= 95% delta_sent=20 delta_recv=19
        9900.0  MODE_SWITCH             aggregated→filtered backhaul_window_DR=0.800 < 85% delta_sent=5 delta_recv=4
       12600.0  MODE_SWITCH             filtered→aggregated backhaul_window_DR=0.955 >= 95% delta_sent=22 delta_recv=21
       12630.0  MODE_SWITCH             aggregated→filtered backhaul_window_DR=0.600 < 85% delta_sent=5 delta_recv=3
       13290.0  MODE_SWITCH             filtered→aggregated backhaul_window_DR=1.020 >= 95% delta_sent=49 delta_recv=50
       13350.0  MODE_SWITCH             aggregated→filtered backhaul_window_DR=0.000 < 85% delta_sent=6 delta_recv=0
       14850.0  MODE_SWITCH             filtered→aggregated backhaul_window_DR=0.953 >= 95% delta_sent=64 delta_recv=61
       14940.0  MODE_SWITCH             aggregated→filtered backhaul_window_DR=0.667 < 85% delta_sent=6 delta_recv=4
       23670.0  MODE_SWITCH             filtered→aggregated backhaul_window_DR=0.967 >= 95% delta_sent=61 delta_recv=59
       23700.0  MODE_SWITCH             aggregated→filtered backhaul_window_DR=0.800 < 85% delta_sent=5 delta_recv=4
       27630.0  MODE_SWITCH             filtered→aggregated backhaul_window_DR=0.968 >= 95% delta_sent=62 delta_recv=60
       27660.0  MODE_SWITCH             aggregated→filtered backhaul_window_DR=0.600 < 85% delta_sent=5 delta_recv=3
       32070.0  MODE_SWITCH             filtered→aggregated backhaul_window_DR=0.978 >= 95% delta_sent=45 delta_recv=44
       32100.0  MODE_SWITCH             aggregated→filtered backhaul_window_DR=0.800 < 85% delta_sent=5 delta_recv=4
       34620.0  MODE_SWITCH             filtered→aggregated backhaul_window_DR=0.953 >= 95% delta_sent=43 delta_recv=41
       34650.0  MODE_SWITCH             aggregated→filtered backhaul_window_DR=0.800 < 85% delta_sent=5 delta_recv=4
       43770.0  MODE_SWITCH             filtered→aggregated backhaul_window_DR=0.959 >= 95% delta_sent=49 delta_recv=47
       43860.0  MODE_SWITCH             aggregated→filtered backhaul_window_DR=0.667 < 85% delta_sent=6 delta_recv=4
       48960.0  MODE_SWITCH             filtered→aggregated backhaul_window_DR=0.951 >= 95% delta_sent=41 delta_recv=39
       48990.0  MODE_SWITCH             aggregated→filtered backhaul_window_DR=0.400 < 85% delta_sent=5 delta_recv=2
       52890.0  MODE_SWITCH             filtered→aggregated backhaul_window_DR=0.968 >= 95% delta_sent=63 delta_recv=61
       52920.0  MODE_SWITCH             aggregated→filtered backhaul_window_DR=0.800 < 85% delta_sent=5 delta_recv=4
       59130.0  MODE_SWITCH             filtered→aggregated backhaul_window_DR=0.962 >= 95% delta_sent=52 delta_recv=50
       59190.0  MODE_SWITCH             aggregated→filtered backhaul_window_DR=0.833 < 85% delta_sent=6 delta_recv=5
       77220.0  MODE_SWITCH             filtered→aggregated backhaul_window_DR=0.952 >= 95% delta_sent=63 delta_recv=60
       77310.0  MODE_SWITCH             aggregated→filtered backhaul_window_DR=0.833 < 85% delta_sent=6 delta_recv=5
       77970.0  MODE_SWITCH             filtered→aggregated backhaul_window_DR=0.952 >= 95% delta_sent=42 delta_recv=40
       78030.0  MODE_SWITCH             aggregated→filtered backhaul_window_DR=0.833 < 85% delta_sent=6 delta_recv=5
       80700.0  MODE_SWITCH             filtered→aggregated backhaul_window_DR=0.955 >= 95% delta_sent=44 delta_recv=42
       80790.0  MODE_SWITCH             aggregated→filtered backhaul_window_DR=0.833 < 85% delta_sent=6 delta_recv=5
       81570.0  MODE_SWITCH             filtered→aggregated backhaul_window_DR=0.977 >= 95% delta_sent=44 delta_recv=43
       81630.0  MODE_SWITCH             aggregated→filtered backhaul_window_DR=0.833 < 85% delta_sent=6 delta_recv=5
       83610.0  MODE_SWITCH             filtered→aggregated backhaul_window_DR=0.958 >= 95% delta_sent=48 delta_recv=46
       83640.0  MODE_SWITCH             aggregated→filtered backhaul_window_DR=0.800 < 85% delta_sent=5 delta_recv=4
       84300.0  MODE_SWITCH             filtered→aggregated backhaul_window_DR=0.957 >= 95% delta_sent=46 delta_recv=44
       84390.0  MODE_SWITCH             aggregated→filtered backhaul_window_DR=0.667 < 85% delta_sent=6 delta_recv=4
       86220.0  MODE_SWITCH             filtered→aggregated backhaul_window_DR=0.960 >= 95% delta_sent=50 delta_recv=48
       86280.0  MODE_SWITCH             aggregated→filtered backhaul_window_DR=0.667 < 85% delta_sent=6 delta_recv=4
