Scenario Log: A6_adaptive_edge
Architecture: edge_aggregated   Protocol: mqtt
Traffic: peak   Spots: 500   Duration: 86400s
========================================================================

SUMMARY
  Anomalies detected    : 0
  Anomalies resolved    : 0
  Active at end         : 0
  Affected spots        : 0
  Quarantined at end    : 0
  Quarantine suppressed : 0
  Heartbeats suppressed : 30364
  Adaptive mode switches: 4

EVENT LOG
  t_virtual(s)  event                   detail
------------------------------------------------------------------------
         180.0  AGG_WINDOW_INCREASE     backhaul_window_DR=0.856 < 90% delta_sent=12 delta_recv=12 agg_interval=5.0→10.0s
         270.0  AGG_WINDOW_INCREASE     backhaul_window_DR=0.877 < 90% delta_sent=9 delta_recv=9 agg_interval=10.0→20.0s
         360.0  AGG_WINDOW_INCREASE     backhaul_window_DR=0.896 < 90% delta_sent=9 delta_recv=9 agg_interval=20.0→40.0s
         480.0  AGG_WINDOW_INCREASE     backhaul_window_DR=0.881 < 90% delta_sent=10 delta_recv=8 agg_interval=40.0→60.0s
         600.0  AGG_WINDOW_INCREASE     backhaul_window_DR=0.899 < 90% delta_sent=9 delta_recv=9 agg_interval=60.0→60.0s
        1080.0  AGG_WINDOW_INCREASE     backhaul_window_DR=0.863 < 90% delta_sent=8 delta_recv=5 agg_interval=60.0→60.0s
        1230.0  AGG_WINDOW_INCREASE     backhaul_window_DR=0.839 < 90% delta_sent=10 delta_recv=7 agg_interval=60.0→60.0s
        1350.0  AGG_WINDOW_INCREASE     backhaul_window_DR=0.825 < 90% delta_sent=8 delta_recv=6 agg_interval=60.0→60.0s
        1470.0  AGG_WINDOW_INCREASE     backhaul_window_DR=0.814 < 90% delta_sent=8 delta_recv=6 agg_interval=60.0→60.0s
        1620.0  AGG_WINDOW_INCREASE     backhaul_window_DR=0.842 < 90% delta_sent=9 delta_recv=9 agg_interval=60.0→60.0s
        1770.0  AGG_WINDOW_INCREASE     backhaul_window_DR=0.866 < 90% delta_sent=9 delta_recv=9 agg_interval=60.0→60.0s
        1890.0  AGG_WINDOW_INCREASE     backhaul_window_DR=0.848 < 90% delta_sent=8 delta_recv=6 agg_interval=60.0→60.0s
        2040.0  AGG_WINDOW_INCREASE     backhaul_window_DR=0.834 < 90% delta_sent=8 delta_recv=6 agg_interval=60.0→60.0s
        2160.0  AGG_WINDOW_INCREASE     backhaul_window_DR=0.821 < 90% delta_sent=8 delta_recv=6 agg_interval=60.0→60.0s
        2280.0  AGG_WINDOW_INCREASE     backhaul_window_DR=0.831 < 90% delta_sent=9 delta_recv=8 agg_interval=60.0→60.0s
        2400.0  AGG_WINDOW_INCREASE     backhaul_window_DR=0.838 < 90% delta_sent=8 delta_recv=7 agg_interval=60.0→60.0s
        2520.0  AGG_WINDOW_INCREASE     backhaul_window_DR=0.829 < 90% delta_sent=9 delta_recv=7 agg_interval=60.0→60.0s
        2640.0  AGG_WINDOW_INCREASE     backhaul_window_DR=0.836 < 90% delta_sent=8 delta_recv=7 agg_interval=60.0→60.0s
        2790.0  AGG_WINDOW_INCREASE     backhaul_window_DR=0.830 < 90% delta_sent=10 delta_recv=8 agg_interval=60.0→60.0s
        2910.0  AGG_WINDOW_INCREASE     backhaul_window_DR=0.856 < 90% delta_sent=8 delta_recv=8 agg_interval=60.0→60.0s
        3030.0  AGG_WINDOW_INCREASE     backhaul_window_DR=0.821 < 90% delta_sent=8 delta_recv=5 agg_interval=60.0→60.0s
        3180.0  AGG_WINDOW_INCREASE     backhaul_window_DR=0.831 < 90% delta_sent=9 delta_recv=8 agg_interval=60.0→60.0s
        3330.0  AGG_WINDOW_INCREASE     backhaul_window_DR=0.812 < 90% delta_sent=10 delta_recv=7 agg_interval=60.0→60.0s
        3450.0  AGG_WINDOW_INCREASE     backhaul_window_DR=0.807 < 90% delta_sent=9 delta_recv=7 agg_interval=60.0→60.0s
        3570.0  AGG_WINDOW_INCREASE     backhaul_window_DR=0.802 < 90% delta_sent=9 delta_recv=7 agg_interval=60.0→60.0s
        3690.0  MODE_SWITCH             aggregated→filtered backhaul_window_DR=0.799 < 90% delta_sent=9 delta_recv=7 agg_interval=60.0→60.0s
       15240.0  MODE_SWITCH             filtered→aggregated backhaul_window_DR=0.925 >= 92% delta_sent=9 delta_recv=9
       16140.0  AGG_WINDOW_INCREASE     backhaul_window_DR=0.893 < 90% delta_sent=11 delta_recv=8 agg_interval=5.0→10.0s
       16320.0  AGG_WINDOW_DECREASE     DR=0.922 healthy, agg_interval=10.0→5.0s
       16860.0  AGG_WINDOW_INCREASE     backhaul_window_DR=0.890 < 90% delta_sent=10 delta_recv=7 agg_interval=5.0→10.0s
       17040.0  AGG_WINDOW_DECREASE     DR=0.920 healthy, agg_interval=10.0→5.0s
       32550.0  AGG_WINDOW_INCREASE     backhaul_window_DR=0.886 < 90% delta_sent=9 delta_recv=6 agg_interval=5.0→10.0s
       32640.0  AGG_WINDOW_INCREASE     backhaul_window_DR=0.886 < 90% delta_sent=9 delta_recv=8 agg_interval=10.0→20.0s
       32970.0  AGG_WINDOW_INCREASE     backhaul_window_DR=0.897 < 90% delta_sent=8 delta_recv=7 agg_interval=20.0→40.0s
       33120.0  AGG_WINDOW_INCREASE     backhaul_window_DR=0.894 < 90% delta_sent=8 delta_recv=7 agg_interval=40.0→60.0s
       33240.0  AGG_WINDOW_INCREASE     backhaul_window_DR=0.893 < 90% delta_sent=9 delta_recv=8 agg_interval=60.0→60.0s
       33360.0  AGG_WINDOW_INCREASE     backhaul_window_DR=0.890 < 90% delta_sent=8 delta_recv=7 agg_interval=60.0→60.0s
       33480.0  AGG_WINDOW_INCREASE     backhaul_window_DR=0.890 < 90% delta_sent=9 delta_recv=8 agg_interval=60.0→60.0s
       33600.0  AGG_WINDOW_INCREASE     backhaul_window_DR=0.888 < 90% delta_sent=8 delta_recv=7 agg_interval=60.0→60.0s
       33720.0  AGG_WINDOW_INCREASE     backhaul_window_DR=0.867 < 90% delta_sent=8 delta_recv=6 agg_interval=60.0→60.0s
       33810.0  AGG_WINDOW_INCREASE     backhaul_window_DR=0.868 < 90% delta_sent=8 delta_recv=7 agg_interval=60.0→60.0s
       33930.0  AGG_WINDOW_INCREASE     backhaul_window_DR=0.888 < 90% delta_sent=10 delta_recv=10 agg_interval=60.0→60.0s
       34050.0  AGG_WINDOW_INCREASE     backhaul_window_DR=0.888 < 90% delta_sent=9 delta_recv=8 agg_interval=60.0→60.0s
       34170.0  AGG_WINDOW_INCREASE     backhaul_window_DR=0.886 < 90% delta_sent=8 delta_recv=7 agg_interval=60.0→60.0s
       34290.0  AGG_WINDOW_INCREASE     backhaul_window_DR=0.885 < 90% delta_sent=8 delta_recv=7 agg_interval=60.0→60.0s
       34500.0  AGG_WINDOW_INCREASE     backhaul_window_DR=0.879 < 90% delta_sent=8 delta_recv=6 agg_interval=60.0→60.0s
       34620.0  AGG_WINDOW_INCREASE     backhaul_window_DR=0.881 < 90% delta_sent=9 delta_recv=8 agg_interval=60.0→60.0s
       34770.0  AGG_WINDOW_INCREASE     backhaul_window_DR=0.898 < 90% delta_sent=9 delta_recv=9 agg_interval=60.0→60.0s
       34890.0  AGG_WINDOW_INCREASE     backhaul_window_DR=0.897 < 90% delta_sent=9 delta_recv=8 agg_interval=60.0→60.0s
       35130.0  AGG_WINDOW_INCREASE     backhaul_window_DR=0.876 < 90% delta_sent=9 delta_recv=6 agg_interval=60.0→60.0s
       35250.0  AGG_WINDOW_INCREASE     backhaul_window_DR=0.878 < 90% delta_sent=9 delta_recv=8 agg_interval=60.0→60.0s
       35370.0  AGG_WINDOW_INCREASE     backhaul_window_DR=0.896 < 90% delta_sent=8 delta_recv=8 agg_interval=60.0→60.0s
       35460.0  AGG_WINDOW_INCREASE     backhaul_window_DR=0.893 < 90% delta_sent=8 delta_recv=7 agg_interval=60.0→60.0s
       35610.0  AGG_WINDOW_INCREASE     backhaul_window_DR=0.879 < 90% delta_sent=10 delta_recv=8 agg_interval=60.0→60.0s
       35730.0  AGG_WINDOW_INCREASE     backhaul_window_DR=0.897 < 90% delta_sent=9 delta_recv=9 agg_interval=60.0→60.0s
       35970.0  AGG_WINDOW_INCREASE     backhaul_window_DR=0.888 < 90% delta_sent=8 delta_recv=6 agg_interval=60.0→60.0s
       36120.0  AGG_WINDOW_INCREASE     backhaul_window_DR=0.872 < 90% delta_sent=9 delta_recv=7 agg_interval=60.0→60.0s
       36240.0  AGG_WINDOW_INCREASE     backhaul_window_DR=0.874 < 90% delta_sent=9 delta_recv=8 agg_interval=60.0→60.0s
       36360.0  AGG_WINDOW_INCREASE     backhaul_window_DR=0.893 < 90% delta_sent=10 delta_recv=10 agg_interval=60.0→60.0s
       36480.0  AGG_WINDOW_INCREASE     backhaul_window_DR=0.872 < 90% delta_sent=8 delta_recv=6 agg_interval=60.0→60.0s
       36600.0  AGG_WINDOW_INCREASE     backhaul_window_DR=0.891 < 90% delta_sent=8 delta_recv=8 agg_interval=60.0→60.0s
       36720.0  AGG_WINDOW_INCREASE     backhaul_window_DR=0.870 < 90% delta_sent=8 delta_recv=6 agg_interval=60.0→60.0s
       36840.0  AGG_WINDOW_INCREASE     backhaul_window_DR=0.852 < 90% delta_sent=8 delta_recv=6 agg_interval=60.0→60.0s
       36960.0  AGG_WINDOW_INCREASE     backhaul_window_DR=0.874 < 90% delta_sent=8 delta_recv=8 agg_interval=60.0→60.0s
       37080.0  AGG_WINDOW_INCREASE     backhaul_window_DR=0.863 < 90% delta_sent=10 delta_recv=8 agg_interval=60.0→60.0s
       37200.0  AGG_WINDOW_INCREASE     backhaul_window_DR=0.846 < 90% delta_sent=8 delta_recv=6 agg_interval=60.0→60.0s
       37320.0  AGG_WINDOW_INCREASE     backhaul_window_DR=0.832 < 90% delta_sent=8 delta_recv=6 agg_interval=60.0→60.0s
       37440.0  AGG_WINDOW_INCREASE     backhaul_window_DR=0.840 < 90% delta_sent=9 delta_recv=8 agg_interval=60.0→60.0s
       37560.0  AGG_WINDOW_INCREASE     backhaul_window_DR=0.864 < 90% delta_sent=9 delta_recv=9 agg_interval=60.0→60.0s
       37680.0  AGG_WINDOW_INCREASE     backhaul_window_DR=0.851 < 90% delta_sent=9 delta_recv=7 agg_interval=60.0→60.0s
       37770.0  AGG_WINDOW_INCREASE     backhaul_window_DR=0.807 < 90% delta_sent=9 delta_recv=5 agg_interval=60.0→60.0s
       37890.0  AGG_WINDOW_INCREASE     backhaul_window_DR=0.819 < 90% delta_sent=9 delta_recv=8 agg_interval=60.0→60.0s
       38010.0  AGG_WINDOW_INCREASE     backhaul_window_DR=0.846 < 90% delta_sent=9 delta_recv=9 agg_interval=60.0→60.0s
       38100.0  AGG_WINDOW_INCREASE     backhaul_window_DR=0.851 < 90% delta_sent=8 delta_recv=7 agg_interval=60.0→60.0s
       38220.0  AGG_WINDOW_INCREASE     backhaul_window_DR=0.873 < 90% delta_sent=8 delta_recv=8 agg_interval=60.0→60.0s
       38340.0  AGG_WINDOW_INCREASE     backhaul_window_DR=0.875 < 90% delta_sent=9 delta_recv=8 agg_interval=60.0→60.0s
       38460.0  AGG_WINDOW_INCREASE     backhaul_window_DR=0.861 < 90% delta_sent=9 delta_recv=7 agg_interval=60.0→60.0s
       38580.0  AGG_WINDOW_INCREASE     backhaul_window_DR=0.882 < 90% delta_sent=9 delta_recv=9 agg_interval=60.0→60.0s
       38700.0  AGG_WINDOW_INCREASE     backhaul_window_DR=0.833 < 90% delta_sent=9 delta_recv=5 agg_interval=60.0→60.0s
       38820.0  AGG_WINDOW_INCREASE     backhaul_window_DR=0.820 < 90% delta_sent=8 delta_recv=6 agg_interval=60.0→60.0s
       38910.0  MODE_SWITCH             aggregated→filtered backhaul_window_DR=0.791 < 90% delta_sent=8 delta_recv=5 agg_interval=60.0→60.0s
       50460.0  MODE_SWITCH             filtered→aggregated backhaul_window_DR=0.923 >= 92% delta_sent=11 delta_recv=11
       50820.0  AGG_WINDOW_INCREASE     backhaul_window_DR=0.892 < 90% delta_sent=10 delta_recv=6 agg_interval=5.0→10.0s
       50910.0  AGG_WINDOW_INCREASE     backhaul_window_DR=0.889 < 90% delta_sent=8 delta_recv=7 agg_interval=10.0→20.0s
       51030.0  AGG_WINDOW_INCREASE     backhaul_window_DR=0.891 < 90% delta_sent=10 delta_recv=9 agg_interval=20.0→40.0s
       51120.0  AGG_WINDOW_INCREASE     backhaul_window_DR=0.889 < 90% delta_sent=8 delta_recv=7 agg_interval=40.0→60.0s
       51510.0  AGG_WINDOW_DECREASE     DR=0.932 healthy, agg_interval=60.0→30.0s
       51630.0  AGG_WINDOW_DECREASE     DR=0.927 healthy, agg_interval=30.0→15.0s
       51720.0  AGG_WINDOW_DECREASE     DR=0.938 healthy, agg_interval=15.0→7.5s
       51810.0  AGG_WINDOW_DECREASE     DR=0.934 healthy, agg_interval=7.5→5.0s
       85050.0  AGG_WINDOW_INCREASE     backhaul_window_DR=0.898 < 90% delta_sent=12 delta_recv=10 agg_interval=5.0→10.0s
       85140.0  AGG_WINDOW_INCREASE     backhaul_window_DR=0.880 < 90% delta_sent=9 delta_recv=7 agg_interval=10.0→20.0s
       85230.0  AGG_WINDOW_INCREASE     backhaul_window_DR=0.880 < 90% delta_sent=8 delta_recv=7 agg_interval=20.0→40.0s
       85350.0  AGG_WINDOW_INCREASE     backhaul_window_DR=0.898 < 90% delta_sent=8 delta_recv=8 agg_interval=40.0→60.0s
       85500.0  AGG_WINDOW_INCREASE     backhaul_window_DR=0.896 < 90% delta_sent=9 delta_recv=8 agg_interval=60.0→60.0s
       85650.0  AGG_WINDOW_INCREASE     backhaul_window_DR=0.879 < 90% delta_sent=9 delta_recv=7 agg_interval=60.0→60.0s
       85770.0  AGG_WINDOW_INCREASE     backhaul_window_DR=0.897 < 90% delta_sent=8 delta_recv=8 agg_interval=60.0→60.0s
       86340.0  AGG_WINDOW_INCREASE     backhaul_window_DR=0.882 < 90% delta_sent=8 delta_recv=6 agg_interval=60.0→60.0s
